This is pdfTeX, Version 3.141592653-2.6-1.40.24 (TeX Live 2022) (preloaded format=pdflatex 2023.2.8)  15 FEB 2024 13:00
entering extended mode
 restricted \write18 enabled.
 file:line:error style messages enabled.
 %&-line parsing enabled.
**/Users/vinicius/Library/CloudStorage/OneDrive-UniversityofIllinois-Urbana/Research/Writing/git/Sesmarias/02.Draft/02.Second_Draft/Sesmarias_Paper
(/Users/vinicius/Library/CloudStorage/OneDrive-UniversityofIllinois-Urbana/Research/Writing/git/Sesmarias/02.Draft/02.Second_Draft/Sesmarias_Paper.tex
LaTeX2e <2022-11-01> patch level 1
L3 programming layer <2023-02-07> (/usr/local/texlive/2022/texmf-dist/tex/latex/base/article.cls
Document Class: article 2022/07/02 v1.4n Standard LaTeX document class
(/usr/local/texlive/2022/texmf-dist/tex/latex/base/size10.clo
File: size10.clo 2022/07/02 v1.4n Standard LaTeX file (size option)
)
\c@part=\count185
\c@section=\count186
\c@subsection=\count187
\c@subsubsection=\count188
\c@paragraph=\count189
\c@subparagraph=\count190
\c@figure=\count191
\c@table=\count192
\abovecaptionskip=\skip48
\belowcaptionskip=\skip49
\bibindent=\dimen140
) (/usr/local/texlive/2022/texmf-dist/tex/latex/base/inputenc.sty
Package: inputenc 2021/02/14 v1.3d Input encoding file
\inpenc@prehook=\toks16
\inpenc@posthook=\toks17
) (/usr/local/texlive/2022/texmf-dist/tex/latex/setspace/setspace.sty
Package: setspace 2022/12/04 v6.7b set line spacing
) (/usr/local/texlive/2022/texmf-dist/tex/latex/amsmath/amsmath.sty
Package: amsmath 2022/04/08 v2.17n AMS math features
\@mathmargin=\skip50

For additional information on amsmath, use the `?' option.
(/usr/local/texlive/2022/texmf-dist/tex/latex/amsmath/amstext.sty
Package: amstext 2021/08/26 v2.01 AMS text
 (/usr/local/texlive/2022/texmf-dist/tex/latex/amsmath/amsgen.sty
File: amsgen.sty 1999/11/30 v2.0 generic functions
\@emptytoks=\toks18
\ex@=\dimen141
)) (/usr/local/texlive/2022/texmf-dist/tex/latex/amsmath/amsbsy.sty
Package: amsbsy 1999/11/29 v1.2d Bold Symbols
\pmbraise@=\dimen142
) (/usr/local/texlive/2022/texmf-dist/tex/latex/amsmath/amsopn.sty
Package: amsopn 2022/04/08 v2.04 operator names
)
\inf@bad=\count193
LaTeX Info: Redefining \frac on input line 234.
\uproot@=\count194
\leftroot@=\count195
LaTeX Info: Redefining \overline on input line 399.
LaTeX Info: Redefining \colon on input line 410.
\classnum@=\count196
\DOTSCASE@=\count197
LaTeX Info: Redefining \ldots on input line 496.
LaTeX Info: Redefining \dots on input line 499.
LaTeX Info: Redefining \cdots on input line 620.
\Mathstrutbox@=\box51
\strutbox@=\box52
LaTeX Info: Redefining \big on input line 722.
LaTeX Info: Redefining \Big on input line 723.
LaTeX Info: Redefining \bigg on input line 724.
LaTeX Info: Redefining \Bigg on input line 725.
\big@size=\dimen143
LaTeX Font Info:    Redeclaring font encoding OML on input line 743.
LaTeX Font Info:    Redeclaring font encoding OMS on input line 744.
\macc@depth=\count198
LaTeX Info: Redefining \bmod on input line 905.
LaTeX Info: Redefining \pmod on input line 910.
LaTeX Info: Redefining \smash on input line 940.
LaTeX Info: Redefining \relbar on input line 970.
LaTeX Info: Redefining \Relbar on input line 971.
\c@MaxMatrixCols=\count199
\dotsspace@=\muskip16
\c@parentequation=\count266
\dspbrk@lvl=\count267
\tag@help=\toks19
\row@=\count268
\column@=\count269
\maxfields@=\count270
\andhelp@=\toks20
\eqnshift@=\dimen144
\alignsep@=\dimen145
\tagshift@=\dimen146
\tagwidth@=\dimen147
\totwidth@=\dimen148
\lineht@=\dimen149
\@envbody=\toks21
\multlinegap=\skip51
\multlinetaggap=\skip52
\mathdisplay@stack=\toks22
LaTeX Info: Redefining \[ on input line 2953.
LaTeX Info: Redefining \] on input line 2954.
) (/usr/local/texlive/2022/texmf-dist/tex/latex/tools/indentfirst.sty
Package: indentfirst 1995/11/23 v1.03 Indent first paragraph (DPC)
) (/usr/local/texlive/2022/texmf-dist/tex/latex/pdflscape/pdflscape.sty
Package: pdflscape 2022-10-27 v0.13 Display of landscape pages in PDF
 (/usr/local/texlive/2022/texmf-dist/tex/latex/pdflscape/pdflscape-nometadata.sty
Package: pdflscape-nometadata 2022-10-28 v0.13 Display of landscape pages in PDF (HO)
 (/usr/local/texlive/2022/texmf-dist/tex/generic/iftex/iftex.sty
Package: iftex 2022/02/03 v1.0f TeX engine tests
) (/usr/local/texlive/2022/texmf-dist/tex/latex/graphics/lscape.sty
Package: lscape 2020/05/28 v3.02 Landscape Pages (DPC)
 (/usr/local/texlive/2022/texmf-dist/tex/latex/graphics/graphics.sty
Package: graphics 2022/03/10 v1.4e Standard LaTeX Graphics (DPC,SPQR)
 (/usr/local/texlive/2022/texmf-dist/tex/latex/graphics/trig.sty
Package: trig 2021/08/11 v1.11 sin cos tan (DPC)
) (/usr/local/texlive/2022/texmf-dist/tex/latex/graphics-cfg/graphics.cfg
File: graphics.cfg 2016/06/04 v1.11 sample graphics configuration
)
Package graphics Info: Driver file: pdftex.def on input line 107.
 (/usr/local/texlive/2022/texmf-dist/tex/latex/graphics-def/pdftex.def
File: pdftex.def 2022/09/22 v1.2b Graphics/color driver for pdftex
)))
Package pdflscape Info: Auto-detected driver: pdftex on input line 81.
)) (/usr/local/texlive/2022/texmf-dist/tex/latex/geometry/geometry.sty
Package: geometry 2020/01/02 v5.9 Page Geometry
 (/usr/local/texlive/2022/texmf-dist/tex/latex/graphics/keyval.sty
Package: keyval 2022/05/29 v1.15 key=value parser (DPC)
\KV@toks@=\toks23
) (/usr/local/texlive/2022/texmf-dist/tex/generic/iftex/ifvtex.sty
Package: ifvtex 2019/10/25 v1.7 ifvtex legacy package. Use iftex instead.
)
\Gm@cnth=\count271
\Gm@cntv=\count272
\c@Gm@tempcnt=\count273
\Gm@bindingoffset=\dimen150
\Gm@wd@mp=\dimen151
\Gm@odd@mp=\dimen152
\Gm@even@mp=\dimen153
\Gm@layoutwidth=\dimen154
\Gm@layoutheight=\dimen155
\Gm@layouthoffset=\dimen156
\Gm@layoutvoffset=\dimen157
\Gm@dimlist=\toks24
)
   defining Unicode char U+0301 (decimal 769)
 (/usr/local/texlive/2022/texmf-dist/tex/latex/caption/caption.sty
Package: caption 2022/03/01 v3.6b Customizing captions (AR)
 (/usr/local/texlive/2022/texmf-dist/tex/latex/caption/caption3.sty
Package: caption3 2022/03/17 v2.3b caption3 kernel (AR)
\caption@tempdima=\dimen158
\captionmargin=\dimen159
\caption@leftmargin=\dimen160
\caption@rightmargin=\dimen161
\caption@width=\dimen162
\caption@indent=\dimen163
\caption@parindent=\dimen164
\caption@hangindent=\dimen165
Package caption Info: Standard document class detected.
)
\c@caption@flags=\count274
\c@continuedfloat=\count275
) (/usr/local/texlive/2022/texmf-dist/tex/latex/placeins/placeins.sty
Package: placeins 2005/04/18  v 2.2
) (/usr/local/texlive/2022/texmf-dist/tex/latex/titlesec/titlesec.sty
Package: titlesec 2021/07/05 v2.14 Sectioning titles
\ttl@box=\box53
\beforetitleunit=\skip53
\aftertitleunit=\skip54
\ttl@plus=\dimen166
\ttl@minus=\dimen167
\ttl@toksa=\toks25
\titlewidth=\dimen168
\titlewidthlast=\dimen169
\titlewidthfirst=\dimen170
) (/usr/local/texlive/2022/texmf-dist/tex/latex/preprint/authblk.sty
Package: authblk 2001/02/27 1.3 (PWD)
\affilsep=\skip55
\@affilsep=\skip56
\c@Maxaffil=\count276
\c@authors=\count277
\c@affil=\count278
) (/usr/local/texlive/2022/texmf-dist/tex/latex/csquotes/csquotes.sty
Package: csquotes 2022-09-14 v5.2n context-sensitive quotations (JAW)
 (/usr/local/texlive/2022/texmf-dist/tex/latex/etoolbox/etoolbox.sty
Package: etoolbox 2020/10/05 v2.5k e-TeX tools for LaTeX (JAW)
\etb@tempcnta=\count279
)
\csq@reset=\count280
\csq@gtype=\count281
\csq@glevel=\count282
\csq@qlevel=\count283
\csq@maxlvl=\count284
\csq@tshold=\count285
\csq@ltx@everypar=\toks26
 (/usr/local/texlive/2022/texmf-dist/tex/latex/csquotes/csquotes.def
File: csquotes.def 2022-09-14 v5.2n csquotes generic definitions (JAW)
)
Package csquotes Info: Trying to load configuration file 'csquotes.cfg'...
Package csquotes Info: ... configuration file loaded successfully.
 (/usr/local/texlive/2022/texmf-dist/tex/latex/csquotes/csquotes.cfg
File: csquotes.cfg 
)) (/usr/local/texlive/2022/texmf-dist/tex/latex/booktabs/booktabs.sty
Package: booktabs 2020/01/12 v1.61803398 Publication quality tables
\heavyrulewidth=\dimen171
\lightrulewidth=\dimen172
\cmidrulewidth=\dimen173
\belowrulesep=\dimen174
\belowbottomsep=\dimen175
\aboverulesep=\dimen176
\abovetopsep=\dimen177
\cmidrulesep=\dimen178
\cmidrulekern=\dimen179
\defaultaddspace=\dimen180
\@cmidla=\count286
\@cmidlb=\count287
\@aboverulesep=\dimen181
\@belowrulesep=\dimen182
\@thisruleclass=\count288
\@lastruleclass=\count289
\@thisrulewidth=\dimen183
) (/usr/local/texlive/2022/texmf-dist/tex/latex/siunitx/siunitx.sty
Package: siunitx 2023-01-03 v3.2.0 A comprehensive (SI) units package
\l__siunitx_angle_tmp_dim=\dimen184
\l__siunitx_angle_marker_box=\box54
\l__siunitx_angle_unit_box=\box55
\l__siunitx_compound_count_int=\count290
 (/usr/local/texlive/2022/texmf-dist/tex/latex/translations/translations.sty
Package: translations 2022/02/05 v1.12 internationalization of LaTeX2e packages (CN)
 (/usr/local/texlive/2022/texmf-dist/tex/generic/pdftexcmds/pdftexcmds.sty
Package: pdftexcmds 2020-06-27 v0.33 Utility functions of pdfTeX for LuaTeX (HO)
 (/usr/local/texlive/2022/texmf-dist/tex/generic/infwarerr/infwarerr.sty
Package: infwarerr 2019/12/03 v1.5 Providing info/warning/error messages (HO)
) (/usr/local/texlive/2022/texmf-dist/tex/generic/ltxcmds/ltxcmds.sty
Package: ltxcmds 2020-05-10 v1.25 LaTeX kernel commands for general use (HO)
)
Package pdftexcmds Info: \pdf@primitive is available.
Package pdftexcmds Info: \pdf@ifprimitive is available.
Package pdftexcmds Info: \pdfdraftmode found.
))
\l__siunitx_number_exponent_fixed_int=\count291
\l__siunitx_number_min_decimal_int=\count292
\l__siunitx_number_min_integer_int=\count293
\l__siunitx_number_round_precision_int=\count294
\l__siunitx_number_lower_threshold_int=\count295
\l__siunitx_number_upper_threshold_int=\count296
\l__siunitx_number_group_first_int=\count297
\l__siunitx_number_group_size_int=\count298
\l__siunitx_number_group_minimum_int=\count299
\l__siunitx_table_tmp_box=\box56
\l__siunitx_table_tmp_dim=\dimen185
\l__siunitx_table_column_width_dim=\dimen186
\l__siunitx_table_integer_box=\box57
\l__siunitx_table_decimal_box=\box58
\l__siunitx_table_uncert_box=\box59
\l__siunitx_table_before_box=\box60
\l__siunitx_table_after_box=\box61
\l__siunitx_table_before_dim=\dimen187
\l__siunitx_table_carry_dim=\dimen188
\l__siunitx_unit_tmp_int=\count300
\l__siunitx_unit_position_int=\count301
\l__siunitx_unit_total_int=\count302
 (/usr/local/texlive/2022/texmf-dist/tex/latex/tools/array.sty
Package: array 2022/09/04 v2.5g Tabular extension package (FMi)
\col@sep=\dimen189
\ar@mcellbox=\box62
\extrarowheight=\dimen190
\NC@list=\toks27
\extratabsurround=\skip57
\backup@length=\skip58
\ar@cellbox=\box63
)) (/usr/local/texlive/2022/texmf-dist/tex/latex/amsfonts/amssymb.sty
Package: amssymb 2013/01/14 v3.01 AMS font symbols
 (/usr/local/texlive/2022/texmf-dist/tex/latex/amsfonts/amsfonts.sty
Package: amsfonts 2013/01/14 v3.01 Basic AMSFonts support
\symAMSa=\mathgroup4
\symAMSb=\mathgroup5
LaTeX Font Info:    Redeclaring math symbol \hbar on input line 98.
LaTeX Font Info:    Overwriting math alphabet `\mathfrak' in version `bold'
(Font)                  U/euf/m/n --> U/euf/b/n on input line 106.
)) (/usr/local/texlive/2022/texmf-dist/tex/latex/float/float.sty
Package: float 2001/11/08 v1.3d Float enhancements (AL)
\c@float@type=\count303
\float@exts=\toks28
\float@box=\box64
\@float@everytoks=\toks29
\@floatcapt=\box65
) (/usr/local/texlive/2022/texmf-dist/tex/latex/tools/dcolumn.sty
Package: dcolumn 2014/10/28 v1.06 decimal alignment package (DPC)
) (/usr/local/texlive/2022/texmf-dist/tex/latex/footmisc/footmisc.sty
Package: footmisc 2022/03/08 v6.0d a miscellany of footnote facilities
\FN@temptoken=\toks30
\footnotemargin=\dimen191
\@outputbox@depth=\dimen192
Package footmisc Info: Declaring symbol style bringhurst on input line 695.
Package footmisc Info: Declaring symbol style chicago on input line 703.
Package footmisc Info: Declaring symbol style wiley on input line 712.
Package footmisc Info: Declaring symbol style lamport-robust on input line 723.
Package footmisc Info: Declaring symbol style lamport* on input line 743.
Package footmisc Info: Declaring symbol style lamport*-robust on input line 764.
) (/usr/local/texlive/2022/texmf-dist/tex/latex/todonotes/todonotes.sty
Package: todonotes 2023/01/31 v1.1.6 Todonotes source and documentation.
Package: todonotes 2023/01/31
 (/usr/local/texlive/2022/texmf-dist/tex/latex/base/ifthen.sty
Package: ifthen 2022/04/13 v1.1d Standard LaTeX ifthen package (DPC)
) (/usr/local/texlive/2022/texmf-dist/tex/latex/xkeyval/xkeyval.sty
Package: xkeyval 2022/06/16 v2.9 package option processing (HA)
 (/usr/local/texlive/2022/texmf-dist/tex/generic/xkeyval/xkeyval.tex (/usr/local/texlive/2022/texmf-dist/tex/generic/xkeyval/xkvutils.tex
\XKV@toks=\toks31
\XKV@tempa@toks=\toks32
)
\XKV@depth=\count304
File: xkeyval.tex 2014/12/03 v2.7a key=value parser (HA)
)) (/usr/local/texlive/2022/texmf-dist/tex/latex/xcolor/xcolor.sty
Package: xcolor 2022/06/12 v2.14 LaTeX color extensions (UK)
 (/usr/local/texlive/2022/texmf-dist/tex/latex/graphics-cfg/color.cfg
File: color.cfg 2016/01/02 v1.6 sample color configuration
)
Package xcolor Info: Driver file: pdftex.def on input line 227.
 (/usr/local/texlive/2022/texmf-dist/tex/latex/graphics/mathcolor.ltx)
Package xcolor Info: Model `cmy' substituted by `cmy0' on input line 1353.
Package xcolor Info: Model `hsb' substituted by `rgb' on input line 1357.
Package xcolor Info: Model `RGB' extended on input line 1369.
Package xcolor Info: Model `HTML' substituted by `rgb' on input line 1371.
Package xcolor Info: Model `Hsb' substituted by `hsb' on input line 1372.
Package xcolor Info: Model `tHsb' substituted by `hsb' on input line 1373.
Package xcolor Info: Model `HSB' substituted by `hsb' on input line 1374.
Package xcolor Info: Model `Gray' substituted by `gray' on input line 1375.
Package xcolor Info: Model `wave' substituted by `hsb' on input line 1376.
) (/usr/local/texlive/2022/texmf-dist/tex/latex/pgf/frontendlayer/tikz.sty (/usr/local/texlive/2022/texmf-dist/tex/latex/pgf/basiclayer/pgf.sty (/usr/local/texlive/2022/texmf-dist/tex/latex/pgf/utilities/pgfrcs.sty (/usr/local/texlive/2022/texmf-dist/tex/generic/pgf/utilities/pgfutil-common.tex
\pgfutil@everybye=\toks33
\pgfutil@tempdima=\dimen193
\pgfutil@tempdimb=\dimen194
) (/usr/local/texlive/2022/texmf-dist/tex/generic/pgf/utilities/pgfutil-latex.def
\pgfutil@abb=\box66
) (/usr/local/texlive/2022/texmf-dist/tex/generic/pgf/utilities/pgfrcs.code.tex (/usr/local/texlive/2022/texmf-dist/tex/generic/pgf/pgf.revision.tex)
Package: pgfrcs 2023-01-15 v3.1.10 (3.1.10)
))
Package: pgf 2023-01-15 v3.1.10 (3.1.10)
 (/usr/local/texlive/2022/texmf-dist/tex/latex/pgf/basiclayer/pgfcore.sty (/usr/local/texlive/2022/texmf-dist/tex/latex/graphics/graphicx.sty
Package: graphicx 2021/09/16 v1.2d Enhanced LaTeX Graphics (DPC,SPQR)
\Gin@req@height=\dimen195
\Gin@req@width=\dimen196
) (/usr/local/texlive/2022/texmf-dist/tex/latex/pgf/systemlayer/pgfsys.sty (/usr/local/texlive/2022/texmf-dist/tex/generic/pgf/systemlayer/pgfsys.code.tex
Package: pgfsys 2023-01-15 v3.1.10 (3.1.10)
 (/usr/local/texlive/2022/texmf-dist/tex/generic/pgf/utilities/pgfkeys.code.tex
\pgfkeys@pathtoks=\toks34
\pgfkeys@temptoks=\toks35
 (/usr/local/texlive/2022/texmf-dist/tex/generic/pgf/utilities/pgfkeyslibraryfiltered.code.tex
\pgfkeys@tmptoks=\toks36
))
\pgf@x=\dimen197
\pgf@y=\dimen198
\pgf@xa=\dimen199
\pgf@ya=\dimen256
\pgf@xb=\dimen257
\pgf@yb=\dimen258
\pgf@xc=\dimen259
\pgf@yc=\dimen260
\pgf@xd=\dimen261
\pgf@yd=\dimen262
\w@pgf@writea=\write3
\r@pgf@reada=\read2
\c@pgf@counta=\count305
\c@pgf@countb=\count306
\c@pgf@countc=\count307
\c@pgf@countd=\count308
\t@pgf@toka=\toks37
\t@pgf@tokb=\toks38
\t@pgf@tokc=\toks39
\pgf@sys@id@count=\count309
 (/usr/local/texlive/2022/texmf-dist/tex/generic/pgf/systemlayer/pgf.cfg
File: pgf.cfg 2023-01-15 v3.1.10 (3.1.10)
)
Driver file for pgf: pgfsys-pdftex.def
 (/usr/local/texlive/2022/texmf-dist/tex/generic/pgf/systemlayer/pgfsys-pdftex.def
File: pgfsys-pdftex.def 2023-01-15 v3.1.10 (3.1.10)
 (/usr/local/texlive/2022/texmf-dist/tex/generic/pgf/systemlayer/pgfsys-common-pdf.def
File: pgfsys-common-pdf.def 2023-01-15 v3.1.10 (3.1.10)
))) (/usr/local/texlive/2022/texmf-dist/tex/generic/pgf/systemlayer/pgfsyssoftpath.code.tex
File: pgfsyssoftpath.code.tex 2023-01-15 v3.1.10 (3.1.10)
\pgfsyssoftpath@smallbuffer@items=\count310
\pgfsyssoftpath@bigbuffer@items=\count311
) (/usr/local/texlive/2022/texmf-dist/tex/generic/pgf/systemlayer/pgfsysprotocol.code.tex
File: pgfsysprotocol.code.tex 2023-01-15 v3.1.10 (3.1.10)
)) (/usr/local/texlive/2022/texmf-dist/tex/generic/pgf/basiclayer/pgfcore.code.tex
Package: pgfcore 2023-01-15 v3.1.10 (3.1.10)
 (/usr/local/texlive/2022/texmf-dist/tex/generic/pgf/math/pgfmath.code.tex (/usr/local/texlive/2022/texmf-dist/tex/generic/pgf/math/pgfmathutil.code.tex) (/usr/local/texlive/2022/texmf-dist/tex/generic/pgf/math/pgfmathparser.code.tex
\pgfmath@dimen=\dimen263
\pgfmath@count=\count312
\pgfmath@box=\box67
\pgfmath@toks=\toks40
\pgfmath@stack@operand=\toks41
\pgfmath@stack@operation=\toks42
) (/usr/local/texlive/2022/texmf-dist/tex/generic/pgf/math/pgfmathfunctions.code.tex) (/usr/local/texlive/2022/texmf-dist/tex/generic/pgf/math/pgfmathfunctions.basic.code.tex) (/usr/local/texlive/2022/texmf-dist/tex/generic/pgf/math/pgfmathfunctions.trigonometric.code.tex) (/usr/local/texlive/2022/texmf-dist/tex/generic/pgf/math/pgfmathfunctions.random.code.tex) (/usr/local/texlive/2022/texmf-dist/tex/generic/pgf/math/pgfmathfunctions.comparison.code.tex) (/usr/local/texlive/2022/texmf-dist/tex/generic/pgf/math/pgfmathfunctions.base.code.tex) (/usr/local/texlive/2022/texmf-dist/tex/generic/pgf/math/pgfmathfunctions.round.code.tex) (/usr/local/texlive/2022/texmf-dist/tex/generic/pgf/math/pgfmathfunctions.misc.code.tex) (/usr/local/texlive/2022/texmf-dist/tex/generic/pgf/math/pgfmathfunctions.integerarithmetics.code.tex) (/usr/local/texlive/2022/texmf-dist/tex/generic/pgf/math/pgfmathcalc.code.tex) (/usr/local/texlive/2022/texmf-dist/tex/generic/pgf/math/pgfmathfloat.code.tex
\c@pgfmathroundto@lastzeros=\count313
)) (/usr/local/texlive/2022/texmf-dist/tex/generic/pgf/math/pgfint.code.tex) (/usr/local/texlive/2022/texmf-dist/tex/generic/pgf/basiclayer/pgfcorepoints.code.tex
File: pgfcorepoints.code.tex 2023-01-15 v3.1.10 (3.1.10)
\pgf@picminx=\dimen264
\pgf@picmaxx=\dimen265
\pgf@picminy=\dimen266
\pgf@picmaxy=\dimen267
\pgf@pathminx=\dimen268
\pgf@pathmaxx=\dimen269
\pgf@pathminy=\dimen270
\pgf@pathmaxy=\dimen271
\pgf@xx=\dimen272
\pgf@xy=\dimen273
\pgf@yx=\dimen274
\pgf@yy=\dimen275
\pgf@zx=\dimen276
\pgf@zy=\dimen277
) (/usr/local/texlive/2022/texmf-dist/tex/generic/pgf/basiclayer/pgfcorepathconstruct.code.tex
File: pgfcorepathconstruct.code.tex 2023-01-15 v3.1.10 (3.1.10)
\pgf@path@lastx=\dimen278
\pgf@path@lasty=\dimen279
) (/usr/local/texlive/2022/texmf-dist/tex/generic/pgf/basiclayer/pgfcorepathusage.code.tex
File: pgfcorepathusage.code.tex 2023-01-15 v3.1.10 (3.1.10)
\pgf@shorten@end@additional=\dimen280
\pgf@shorten@start@additional=\dimen281
) (/usr/local/texlive/2022/texmf-dist/tex/generic/pgf/basiclayer/pgfcorescopes.code.tex
File: pgfcorescopes.code.tex 2023-01-15 v3.1.10 (3.1.10)
\pgfpic=\box68
\pgf@hbox=\box69
\pgf@layerbox@main=\box70
\pgf@picture@serial@count=\count314
) (/usr/local/texlive/2022/texmf-dist/tex/generic/pgf/basiclayer/pgfcoregraphicstate.code.tex
File: pgfcoregraphicstate.code.tex 2023-01-15 v3.1.10 (3.1.10)
\pgflinewidth=\dimen282
) (/usr/local/texlive/2022/texmf-dist/tex/generic/pgf/basiclayer/pgfcoretransformations.code.tex
File: pgfcoretransformations.code.tex 2023-01-15 v3.1.10 (3.1.10)
\pgf@pt@x=\dimen283
\pgf@pt@y=\dimen284
\pgf@pt@temp=\dimen285
) (/usr/local/texlive/2022/texmf-dist/tex/generic/pgf/basiclayer/pgfcorequick.code.tex
File: pgfcorequick.code.tex 2023-01-15 v3.1.10 (3.1.10)
) (/usr/local/texlive/2022/texmf-dist/tex/generic/pgf/basiclayer/pgfcoreobjects.code.tex
File: pgfcoreobjects.code.tex 2023-01-15 v3.1.10 (3.1.10)
) (/usr/local/texlive/2022/texmf-dist/tex/generic/pgf/basiclayer/pgfcorepathprocessing.code.tex
File: pgfcorepathprocessing.code.tex 2023-01-15 v3.1.10 (3.1.10)
) (/usr/local/texlive/2022/texmf-dist/tex/generic/pgf/basiclayer/pgfcorearrows.code.tex
File: pgfcorearrows.code.tex 2023-01-15 v3.1.10 (3.1.10)
\pgfarrowsep=\dimen286
) (/usr/local/texlive/2022/texmf-dist/tex/generic/pgf/basiclayer/pgfcoreshade.code.tex
File: pgfcoreshade.code.tex 2023-01-15 v3.1.10 (3.1.10)
\pgf@max=\dimen287
\pgf@sys@shading@range@num=\count315
\pgf@shadingcount=\count316
) (/usr/local/texlive/2022/texmf-dist/tex/generic/pgf/basiclayer/pgfcoreimage.code.tex
File: pgfcoreimage.code.tex 2023-01-15 v3.1.10 (3.1.10)
) (/usr/local/texlive/2022/texmf-dist/tex/generic/pgf/basiclayer/pgfcoreexternal.code.tex
File: pgfcoreexternal.code.tex 2023-01-15 v3.1.10 (3.1.10)
\pgfexternal@startupbox=\box71
) (/usr/local/texlive/2022/texmf-dist/tex/generic/pgf/basiclayer/pgfcorelayers.code.tex
File: pgfcorelayers.code.tex 2023-01-15 v3.1.10 (3.1.10)
) (/usr/local/texlive/2022/texmf-dist/tex/generic/pgf/basiclayer/pgfcoretransparency.code.tex
File: pgfcoretransparency.code.tex 2023-01-15 v3.1.10 (3.1.10)
) (/usr/local/texlive/2022/texmf-dist/tex/generic/pgf/basiclayer/pgfcorepatterns.code.tex
File: pgfcorepatterns.code.tex 2023-01-15 v3.1.10 (3.1.10)
) (/usr/local/texlive/2022/texmf-dist/tex/generic/pgf/basiclayer/pgfcorerdf.code.tex
File: pgfcorerdf.code.tex 2023-01-15 v3.1.10 (3.1.10)
))) (/usr/local/texlive/2022/texmf-dist/tex/generic/pgf/modules/pgfmoduleshapes.code.tex
File: pgfmoduleshapes.code.tex 2023-01-15 v3.1.10 (3.1.10)
\pgfnodeparttextbox=\box72
) (/usr/local/texlive/2022/texmf-dist/tex/generic/pgf/modules/pgfmoduleplot.code.tex
File: pgfmoduleplot.code.tex 2023-01-15 v3.1.10 (3.1.10)
) (/usr/local/texlive/2022/texmf-dist/tex/latex/pgf/compatibility/pgfcomp-version-0-65.sty
Package: pgfcomp-version-0-65 2023-01-15 v3.1.10 (3.1.10)
\pgf@nodesepstart=\dimen288
\pgf@nodesepend=\dimen289
) (/usr/local/texlive/2022/texmf-dist/tex/latex/pgf/compatibility/pgfcomp-version-1-18.sty
Package: pgfcomp-version-1-18 2023-01-15 v3.1.10 (3.1.10)
)) (/usr/local/texlive/2022/texmf-dist/tex/latex/pgf/utilities/pgffor.sty (/usr/local/texlive/2022/texmf-dist/tex/latex/pgf/utilities/pgfkeys.sty (/usr/local/texlive/2022/texmf-dist/tex/generic/pgf/utilities/pgfkeys.code.tex)) (/usr/local/texlive/2022/texmf-dist/tex/latex/pgf/math/pgfmath.sty (/usr/local/texlive/2022/texmf-dist/tex/generic/pgf/math/pgfmath.code.tex)) (/usr/local/texlive/2022/texmf-dist/tex/generic/pgf/utilities/pgffor.code.tex
Package: pgffor 2023-01-15 v3.1.10 (3.1.10)
\pgffor@iter=\dimen290
\pgffor@skip=\dimen291
\pgffor@stack=\toks43
\pgffor@toks=\toks44
)) (/usr/local/texlive/2022/texmf-dist/tex/generic/pgf/frontendlayer/tikz/tikz.code.tex
Package: tikz 2023-01-15 v3.1.10 (3.1.10)
 (/usr/local/texlive/2022/texmf-dist/tex/generic/pgf/libraries/pgflibraryplothandlers.code.tex
File: pgflibraryplothandlers.code.tex 2023-01-15 v3.1.10 (3.1.10)
\pgf@plot@mark@count=\count317
\pgfplotmarksize=\dimen292
)
\tikz@lastx=\dimen293
\tikz@lasty=\dimen294
\tikz@lastxsaved=\dimen295
\tikz@lastysaved=\dimen296
\tikz@lastmovetox=\dimen297
\tikz@lastmovetoy=\dimen298
\tikzleveldistance=\dimen299
\tikzsiblingdistance=\dimen300
\tikz@figbox=\box73
\tikz@figbox@bg=\box74
\tikz@tempbox=\box75
\tikz@tempbox@bg=\box76
\tikztreelevel=\count318
\tikznumberofchildren=\count319
\tikznumberofcurrentchild=\count320
\tikz@fig@count=\count321
 (/usr/local/texlive/2022/texmf-dist/tex/generic/pgf/modules/pgfmodulematrix.code.tex
File: pgfmodulematrix.code.tex 2023-01-15 v3.1.10 (3.1.10)
\pgfmatrixcurrentrow=\count322
\pgfmatrixcurrentcolumn=\count323
\pgf@matrix@numberofcolumns=\count324
)
\tikz@expandcount=\count325
 (/usr/local/texlive/2022/texmf-dist/tex/generic/pgf/frontendlayer/tikz/libraries/tikzlibrarytopaths.code.tex
File: tikzlibrarytopaths.code.tex 2023-01-15 v3.1.10 (3.1.10)
))) (/usr/local/texlive/2022/texmf-dist/tex/generic/pgf/frontendlayer/tikz/libraries/tikzlibrarypositioning.code.tex
File: tikzlibrarypositioning.code.tex 2023-01-15 v3.1.10 (3.1.10)
) (/usr/local/texlive/2022/texmf-dist/tex/latex/tools/calc.sty
Package: calc 2017/05/25 v4.3 Infix arithmetic (KKT,FJ)
\calc@Acount=\count326
\calc@Bcount=\count327
\calc@Adimen=\dimen301
\calc@Bdimen=\dimen302
\calc@Askip=\skip59
\calc@Bskip=\skip60
LaTeX Info: Redefining \setlength on input line 80.
LaTeX Info: Redefining \addtolength on input line 81.
\calc@Ccount=\count328
\calc@Cskip=\skip61
)
\c@@todonotes@numberoftodonotes=\count329
) (/usr/local/texlive/2022/texmf-dist/tex/latex/tools/longtable.sty
Package: longtable 2021-09-01 v4.17 Multi-page Table package (DPC)
\LTleft=\skip62
\LTright=\skip63
\LTpre=\skip64
\LTpost=\skip65
\LTchunksize=\count330
\LTcapwidth=\dimen303
\LT@head=\box77
\LT@firsthead=\box78
\LT@foot=\box79
\LT@lastfoot=\box80
\LT@gbox=\box81
\LT@cols=\count331
\LT@rows=\count332
\c@LT@tables=\count333
\c@LT@chunks=\count334
\LT@p@ftn=\toks45
) (/usr/local/texlive/2022/texmf-dist/tex/latex/multirow/multirow.sty
Package: multirow 2021/03/15 v2.8 Span multiple rows of a table
\multirow@colwidth=\skip66
\multirow@cntb=\count335
\multirow@dima=\skip67
\bigstrutjot=\dimen304
) (/usr/local/texlive/2022/texmf-dist/tex/latex/wrapfig/wrapfig.sty
\wrapoverhang=\dimen305
\WF@size=\dimen306
\c@WF@wrappedlines=\count336
\WF@box=\box82
\WF@everypar=\toks46
Package: wrapfig 2003/01/31  v 3.6
) (/usr/local/texlive/2022/texmf-dist/tex/latex/colortbl/colortbl.sty
Package: colortbl 2022/06/20 v1.0f Color table columns (DPC)
\everycr=\toks47
\minrowclearance=\skip68
\rownum=\count337
) (/usr/local/texlive/2022/texmf-dist/tex/latex/tabu/tabu.sty
Package: tabu 2019/01/11 v2.9 - flexible LaTeX tabulars (FC+tabu-fixed)
 (/usr/local/texlive/2022/texmf-dist/tex/latex/varwidth/varwidth.sty
Package: varwidth 2009/03/30 ver 0.92;  Variable-width minipages
\@vwid@box=\box83
\sift@deathcycles=\count338
\@vwid@loff=\dimen307
\@vwid@roff=\dimen308
)
\c@taburow=\count339
\tabu@nbcols=\count340
\tabu@cnt=\count341
\tabu@Xcol=\count342
\tabu@alloc=\count343
\tabu@nested=\count344
\tabu@target=\dimen309
\tabu@spreadtarget=\dimen310
\tabu@naturalX=\dimen311
\tabucolX=\dimen312
\tabu@Xsum=\dimen313
\extrarowdepth=\dimen314
\abovetabulinesep=\dimen315
\belowtabulinesep=\dimen316
\tabustrutrule=\dimen317
\tabu@thebody=\toks48
\tabu@footnotes=\toks49
\tabu@box=\box84
\tabu@arstrutbox=\box85
\tabu@hleads=\box86
\tabu@vleads=\box87
\tabu@cellskip=\skip69
) (/usr/local/texlive/2022/texmf-dist/tex/latex/threeparttable/threeparttable.sty
Package: threeparttable 2003/06/13  v 3.0
\@tempboxb=\box88
) (/usr/local/texlive/2022/texmf-dist/tex/latex/threeparttablex/threeparttablex.sty
Package: threeparttablex 2013/07/23 v0.3 by daleif
 (/usr/local/texlive/2022/texmf-dist/tex/latex/environ/environ.sty
Package: environ 2014/05/04 v0.3 A new way to define environments
 (/usr/local/texlive/2022/texmf-dist/tex/latex/trimspaces/trimspaces.sty
Package: trimspaces 2009/09/17 v1.1 Trim spaces around a token list
))
\TPTL@width=\skip70
) (/usr/local/texlive/2022/texmf-dist/tex/generic/ulem/ulem.sty
\UL@box=\box89
\UL@hyphenbox=\box90
\UL@skip=\skip71
\UL@hook=\toks50
\UL@height=\dimen318
\UL@pe=\count345
\UL@pixel=\dimen319
\ULC@box=\box91
Package: ulem 2019/11/18
\ULdepth=\dimen320
) (/usr/local/texlive/2022/texmf-dist/tex/latex/makecell/makecell.sty
Package: makecell 2009/08/03 V0.1e Managing of Tab Column Heads and Cells
\rotheadsize=\dimen321
\c@nlinenum=\count346
\TeXr@lab=\toks51
) (/usr/local/texlive/2022/texmf-dist/tex/latex/tools/afterpage.sty
Package: afterpage 2014/10/28 v1.08 After-Page Package (DPC)
\AP@output=\toks52
\AP@partial=\box92
\AP@footins=\box93
) (/usr/local/texlive/2022/texmf-dist/tex/latex/caption/subcaption.sty
Package: subcaption 2022/01/07 v1.5 Sub-captions (AR)
\c@subfigure=\count347
\c@subtable=\count348
) (/usr/local/texlive/2022/texmf-dist/tex/latex/bbding/bbding.sty
Package: bbding 1999/04/15 v1.01 Dingbats symbols
) (/usr/local/texlive/2022/texmf-dist/tex/latex/xargs/xargs.sty
Package: xargs 2008/03/22 v1.1  extended macro definitions  (mpg)
\xargs@max=\count349
\xargs@toksa=\toks53
\xargs@toksb=\toks54
) (/usr/local/texlive/2022/texmf-dist/tex/latex/xpatch/xpatch.sty (/usr/local/texlive/2022/texmf-dist/tex/latex/l3kernel/expl3.sty
Package: expl3 2023-02-07 L3 programming layer (loader) 

(/usr/local/texlive/2022/texmf-dist/tex/latex/l3backend/l3backend-pdftex.def
File: l3backend-pdftex.def 2023-01-16 L3 backend support: PDF output (pdfTeX)
\l__color_backend_stack_int=\count350
\l__pdf_internal_box=\box94
))
Package: xpatch 2020/03/25 v0.3a Extending etoolbox patching commands
 (/usr/local/texlive/2022/texmf-dist/tex/latex/l3packages/xparse/xparse.sty
Package: xparse 2023-02-02 L3 Experimental document command parser
)) (/usr/local/texlive/2022/texmf-dist/tex/latex/ragged2e/ragged2e.sty
Package: ragged2e 2022/11/13 v3.2 ragged2e Package
\CenteringLeftskip=\skip72
\RaggedLeftLeftskip=\skip73
\RaggedRightLeftskip=\skip74
\CenteringRightskip=\skip75
\RaggedLeftRightskip=\skip76
\RaggedRightRightskip=\skip77
\CenteringParfillskip=\skip78
\RaggedLeftParfillskip=\skip79
\RaggedRightParfillskip=\skip80
\JustifyingParfillskip=\skip81
\CenteringParindent=\skip82
\RaggedLeftParindent=\skip83
\RaggedRightParindent=\skip84
\JustifyingParindent=\skip85
) (/usr/local/texlive/2022/texmf-dist/tex/latex/graphics/rotating.sty
Package: rotating 2016/08/11 v2.16d rotated objects in LaTeX
\c@r@tfl@t=\count351
\rotFPtop=\skip86
\rotFPbot=\skip87
\rot@float@box=\box95
\rot@mess@toks=\toks55
) (/usr/local/texlive/2022/texmf-dist/tex/latex/hyperref/hyperref.sty
Package: hyperref 2022-11-13 v7.00u Hypertext links for LaTeX
 (/usr/local/texlive/2022/texmf-dist/tex/latex/kvsetkeys/kvsetkeys.sty
Package: kvsetkeys 2022-10-05 v1.19 Key value parser (HO)
) (/usr/local/texlive/2022/texmf-dist/tex/generic/kvdefinekeys/kvdefinekeys.sty
Package: kvdefinekeys 2019-12-19 v1.6 Define keys (HO)
) (/usr/local/texlive/2022/texmf-dist/tex/generic/pdfescape/pdfescape.sty
Package: pdfescape 2019/12/09 v1.15 Implements pdfTeX's escape features (HO)
) (/usr/local/texlive/2022/texmf-dist/tex/latex/hycolor/hycolor.sty
Package: hycolor 2020-01-27 v1.10 Color options for hyperref/bookmark (HO)
) (/usr/local/texlive/2022/texmf-dist/tex/latex/letltxmacro/letltxmacro.sty
Package: letltxmacro 2019/12/03 v1.6 Let assignment for LaTeX macros (HO)
) (/usr/local/texlive/2022/texmf-dist/tex/latex/auxhook/auxhook.sty
Package: auxhook 2019-12-17 v1.6 Hooks for auxiliary files (HO)
) (/usr/local/texlive/2022/texmf-dist/tex/latex/hyperref/nameref.sty
Package: nameref 2022-05-17 v2.50 Cross-referencing by name of section
 (/usr/local/texlive/2022/texmf-dist/tex/latex/refcount/refcount.sty
Package: refcount 2019/12/15 v3.6 Data extraction from label references (HO)
) (/usr/local/texlive/2022/texmf-dist/tex/generic/gettitlestring/gettitlestring.sty
Package: gettitlestring 2019/12/15 v1.6 Cleanup title references (HO)
 (/usr/local/texlive/2022/texmf-dist/tex/latex/kvoptions/kvoptions.sty
Package: kvoptions 2022-06-15 v3.15 Key value format for package options (HO)
))
\c@section@level=\count352
)
\@linkdim=\dimen322
\Hy@linkcounter=\count353
\Hy@pagecounter=\count354
 (/usr/local/texlive/2022/texmf-dist/tex/latex/hyperref/pd1enc.def
File: pd1enc.def 2022-11-13 v7.00u Hyperref: PDFDocEncoding definition (HO)
Now handling font encoding PD1 ...
... no UTF-8 mapping file for font encoding PD1
) (/usr/local/texlive/2022/texmf-dist/tex/generic/intcalc/intcalc.sty
Package: intcalc 2019/12/15 v1.3 Expandable calculations with integers (HO)
) (/usr/local/texlive/2022/texmf-dist/tex/generic/etexcmds/etexcmds.sty
Package: etexcmds 2019/12/15 v1.7 Avoid name clashes with e-TeX commands (HO)
)
\Hy@SavedSpaceFactor=\count355
 (/usr/local/texlive/2022/texmf-dist/tex/latex/hyperref/puenc.def
File: puenc.def 2022-11-13 v7.00u Hyperref: PDF Unicode definition (HO)
Now handling font encoding PU ...
... no UTF-8 mapping file for font encoding PU
)
Package hyperref Info: Hyper figures OFF on input line 4162.
Package hyperref Info: Link nesting OFF on input line 4167.
Package hyperref Info: Hyper index ON on input line 4170.
Package hyperref Info: Plain pages OFF on input line 4177.
Package hyperref Info: Backreferencing OFF on input line 4182.
Package hyperref Info: Implicit mode ON; LaTeX internals redefined.
Package hyperref Info: Bookmarks ON on input line 4410.
\c@Hy@tempcnt=\count356
 (/usr/local/texlive/2022/texmf-dist/tex/latex/url/url.sty
\Urlmuskip=\muskip17
Package: url 2013/09/16  ver 3.4  Verb mode for urls, etc.
)
LaTeX Info: Redefining \url on input line 4748.
\XeTeXLinkMargin=\dimen323
 (/usr/local/texlive/2022/texmf-dist/tex/generic/bitset/bitset.sty
Package: bitset 2019/12/09 v1.3 Handle bit-vector datatype (HO)
 (/usr/local/texlive/2022/texmf-dist/tex/generic/bigintcalc/bigintcalc.sty
Package: bigintcalc 2019/12/15 v1.5 Expandable calculations on big integers (HO)
))
\Fld@menulength=\count357
\Field@Width=\dimen324
\Fld@charsize=\dimen325
Package hyperref Info: Hyper figures OFF on input line 6027.
Package hyperref Info: Link nesting OFF on input line 6032.
Package hyperref Info: Hyper index ON on input line 6035.
Package hyperref Info: backreferencing OFF on input line 6042.
Package hyperref Info: Link coloring OFF on input line 6047.
Package hyperref Info: Link coloring with OCG OFF on input line 6052.
Package hyperref Info: PDF/A mode OFF on input line 6057.
 (/usr/local/texlive/2022/texmf-dist/tex/latex/base/atbegshi-ltx.sty
Package: atbegshi-ltx 2021/01/10 v1.0c Emulation of the original atbegshi
package with kernel methods
)
\Hy@abspage=\count358
\c@Item=\count359
\c@Hfootnote=\count360
)
Package hyperref Info: Driver (autodetected): hpdftex.
 (/usr/local/texlive/2022/texmf-dist/tex/latex/hyperref/hpdftex.def
File: hpdftex.def 2022-11-13 v7.00u Hyperref driver for pdfTeX
 (/usr/local/texlive/2022/texmf-dist/tex/latex/base/atveryend-ltx.sty
Package: atveryend-ltx 2020/08/19 v1.0a Emulation of the original atveryend package
with kernel methods
)
\Fld@listcount=\count361
\c@bookmark@seq@number=\count362
 (/usr/local/texlive/2022/texmf-dist/tex/latex/rerunfilecheck/rerunfilecheck.sty
Package: rerunfilecheck 2022-07-10 v1.10 Rerun checks for auxiliary files (HO)
 (/usr/local/texlive/2022/texmf-dist/tex/generic/uniquecounter/uniquecounter.sty
Package: uniquecounter 2019/12/15 v1.4 Provide unlimited unique counter (HO)
)
Package uniquecounter Info: New unique counter `rerunfilecheck' on input line 285.
)
\Hy@SectionHShift=\skip88
)
Package hyperref Info: Option `colorlinks' set `true' on input line 51.
 (/usr/local/texlive/2022/texmf-dist/tex/latex/bookmark/bookmark.sty
Package: bookmark 2020-11-06 v1.29 PDF bookmarks (HO)
 (/usr/local/texlive/2022/texmf-dist/tex/latex/bookmark/bkm-pdftex.def
File: bkm-pdftex.def 2020-11-06 v1.29 bookmark driver for pdfTeX (HO)
\BKM@id=\count363
)) (/usr/local/texlive/2022/texmf-dist/tex/latex/biblatex/biblatex.sty
Package: biblatex 2022/07/12 v3.18b programmable bibliographies (PK/MW)
 (/usr/local/texlive/2022/texmf-dist/tex/latex/logreq/logreq.sty
Package: logreq 2010/08/04 v1.0 xml request logger
\lrq@indent=\count364
 (/usr/local/texlive/2022/texmf-dist/tex/latex/logreq/logreq.def
File: logreq.def 2010/08/04 v1.0 logreq spec v1.0
))
\c@tabx@nest=\count365
\c@listtotal=\count366
\c@listcount=\count367
\c@liststart=\count368
\c@liststop=\count369
\c@citecount=\count370
\c@citetotal=\count371
\c@multicitecount=\count372
\c@multicitetotal=\count373
\c@instcount=\count374
\c@maxnames=\count375
\c@minnames=\count376
\c@maxitems=\count377
\c@minitems=\count378
\c@citecounter=\count379
\c@maxcitecounter=\count380
\c@savedcitecounter=\count381
\c@uniquelist=\count382
\c@uniquename=\count383
\c@refsection=\count384
\c@refsegment=\count385
\c@maxextratitle=\count386
\c@maxextratitleyear=\count387
\c@maxextraname=\count388
\c@maxextradate=\count389
\c@maxextraalpha=\count390
\c@abbrvpenalty=\count391
\c@highnamepenalty=\count392
\c@lownamepenalty=\count393
\c@maxparens=\count394
\c@parenlevel=\count395
\blx@tempcnta=\count396
\blx@tempcntb=\count397
\blx@tempcntc=\count398
\c@blx@maxsection=\count399
\blx@maxsegment@0=\count400
\blx@notetype=\count401
\blx@parenlevel@text=\count402
\blx@parenlevel@foot=\count403
\blx@sectionciteorder@0=\count404
\blx@sectionciteorderinternal@0=\count405
\blx@entrysetcounter=\count406
\blx@biblioinstance=\count407
\labelnumberwidth=\skip89
\labelalphawidth=\skip90
\biblabelsep=\skip91
\bibitemsep=\skip92
\bibnamesep=\skip93
\bibinitsep=\skip94
\bibparsep=\skip95
\bibhang=\skip96
\blx@bcfin=\read3
\blx@bcfout=\write4
\blx@langwohyphens=\language87
\c@mincomprange=\count408
\c@maxcomprange=\count409
\c@mincompwidth=\count410
Package biblatex Info: Trying to load biblatex default data model...
Package biblatex Info: ... file 'blx-dm.def' found.
 (/usr/local/texlive/2022/texmf-dist/tex/latex/biblatex/blx-dm.def
File: blx-dm.def 2022/07/12 v3.18b biblatex localization (PK/MW)
)
Package biblatex Info: Trying to load biblatex style data model...
Package biblatex Info: ... file 'authoryear.dbx' not found.
Package biblatex Info: Trying to load biblatex custom data model...
Package biblatex Info: ... file 'biblatex-dm.cfg' not found.
\c@afterword=\count411
\c@savedafterword=\count412
\c@annotator=\count413
\c@savedannotator=\count414
\c@author=\count415
\c@savedauthor=\count416
\c@bookauthor=\count417
\c@savedbookauthor=\count418
\c@commentator=\count419
\c@savedcommentator=\count420
\c@editor=\count421
\c@savededitor=\count422
\c@editora=\count423
\c@savededitora=\count424
\c@editorb=\count425
\c@savededitorb=\count426
\c@editorc=\count427
\c@savededitorc=\count428
\c@foreword=\count429
\c@savedforeword=\count430
\c@holder=\count431
\c@savedholder=\count432
\c@introduction=\count433
\c@savedintroduction=\count434
\c@namea=\count435
\c@savednamea=\count436
\c@nameb=\count437
\c@savednameb=\count438
\c@namec=\count439
\c@savednamec=\count440
\c@translator=\count441
\c@savedtranslator=\count442
\c@shortauthor=\count443
\c@savedshortauthor=\count444
\c@shorteditor=\count445
\c@savedshorteditor=\count446
\c@labelname=\count447
\c@savedlabelname=\count448
\c@institution=\count449
\c@savedinstitution=\count450
\c@lista=\count451
\c@savedlista=\count452
\c@listb=\count453
\c@savedlistb=\count454
\c@listc=\count455
\c@savedlistc=\count456
\c@listd=\count457
\c@savedlistd=\count458
\c@liste=\count459
\c@savedliste=\count460
\c@listf=\count461
\c@savedlistf=\count462
\c@location=\count463
\c@savedlocation=\count464
\c@organization=\count465
\c@savedorganization=\count466
\c@origlocation=\count467
\c@savedoriglocation=\count468
\c@origpublisher=\count469
\c@savedorigpublisher=\count470
\c@publisher=\count471
\c@savedpublisher=\count472
\c@language=\count473
\c@savedlanguage=\count474
\c@origlanguage=\count475
\c@savedoriglanguage=\count476
\c@pageref=\count477
\c@savedpageref=\count478
\shorthandwidth=\skip97
\shortjournalwidth=\skip98
\shortserieswidth=\skip99
\shorttitlewidth=\skip100
\shortauthorwidth=\skip101
\shorteditorwidth=\skip102
\locallabelnumberwidth=\skip103
\locallabelalphawidth=\skip104
\localshorthandwidth=\skip105
\localshortjournalwidth=\skip106
\localshortserieswidth=\skip107
\localshorttitlewidth=\skip108
\localshortauthorwidth=\skip109
\localshorteditorwidth=\skip110
Package biblatex Info: Trying to load compatibility code...
Package biblatex Info: ... file 'blx-compat.def' found.
 (/usr/local/texlive/2022/texmf-dist/tex/latex/biblatex/blx-compat.def
File: blx-compat.def 2022/07/12 v3.18b biblatex compatibility (PK/MW)
)
Package biblatex Info: Trying to load generic definitions...
Package biblatex Info: ... file 'biblatex.def' found.
 (/usr/local/texlive/2022/texmf-dist/tex/latex/biblatex/biblatex.def
File: biblatex.def 2022/07/12 v3.18b biblatex compatibility (PK/MW)
\c@textcitecount=\count479
\c@textcitetotal=\count480
\c@textcitemaxnames=\count481
\c@biburlbigbreakpenalty=\count482
\c@biburlbreakpenalty=\count483
\c@biburlnumpenalty=\count484
\c@biburlucpenalty=\count485
\c@biburllcpenalty=\count486
\biburlbigskip=\muskip18
\biburlnumskip=\muskip19
\biburlucskip=\muskip20
\biburllcskip=\muskip21
\c@smartand=\count487
)
Package biblatex Info: Trying to load bibliography style 'authoryear'...
Package biblatex Info: ... file 'authoryear.bbx' found.
 (/usr/local/texlive/2022/texmf-dist/tex/latex/biblatex/bbx/authoryear.bbx
File: authoryear.bbx 2022/07/12 v3.18b biblatex bibliography style (PK/MW)
Package biblatex Info: Trying to load bibliography style 'standard'...
Package biblatex Info: ... file 'standard.bbx' found.
 (/usr/local/texlive/2022/texmf-dist/tex/latex/biblatex/bbx/standard.bbx
File: standard.bbx 2022/07/12 v3.18b biblatex bibliography style (PK/MW)
\c@bbx:relatedcount=\count488
\c@bbx:relatedtotal=\count489
))
Package biblatex Info: Trying to load citation style 'authoryear'...
Package biblatex Info: ... file 'authoryear.cbx' found.
 (/usr/local/texlive/2022/texmf-dist/tex/latex/biblatex/cbx/authoryear.cbx
File: authoryear.cbx 2022/07/12 v3.18b biblatex citation style (PK/MW)
Package biblatex Info: Redefining '\cite'.
Package biblatex Info: Redefining '\parencite'.
Package biblatex Info: Redefining '\footcite'.
Package biblatex Info: Redefining '\footcitetext'.
Package biblatex Info: Redefining '\smartcite'.
Package biblatex Info: Redefining '\textcite'.
Package biblatex Info: Redefining '\textcites'.
)
Package biblatex Info: Trying to load configuration file...
Package biblatex Info: ... file 'biblatex.cfg' found.
 (/usr/local/texlive/2022/texmf-dist/tex/latex/biblatex/biblatex.cfg
File: biblatex.cfg 
)
Package biblatex Info: Input encoding 'utf8' detected.
Package biblatex Info: Document encoding is UTF8 ....
Package biblatex Info: ... and expl3
(biblatex)             2023-02-07 L3 programming layer (loader) 
(biblatex)             is new enough (at least 2020/04/06),
(biblatex)             setting 'casechanger=expl3'.
 (/usr/local/texlive/2022/texmf-dist/tex/latex/biblatex/blx-case-expl3.sty
Package: blx-case-expl3 2022/07/12 v3.18b expl3 case changing code for biblatex
))
Package csquotes Info: Checking for multilingual support...
Package csquotes Info: ... none found.
Package translations Info: No language package found. I am going to use `english' as default language. on input line 111.
 (/Users/vinicius/Library/CloudStorage/OneDrive-UniversityofIllinois-Urbana/Research/Writing/git/Sesmarias/02.Draft/02.Second_Draft/Sesmarias_Paper.aux

LaTeX Warning: Label `fig:sharecropping_1970' multiply defined.


LaTeX Warning: Label `fig:sugarcane_1970' multiply defined.

)
\openout1 = `Sesmarias_Paper.aux'.

LaTeX Font Info:    Checking defaults for OML/cmm/m/it on input line 111.
LaTeX Font Info:    ... okay on input line 111.
LaTeX Font Info:    Checking defaults for OMS/cmsy/m/n on input line 111.
LaTeX Font Info:    ... okay on input line 111.
LaTeX Font Info:    Checking defaults for OT1/cmr/m/n on input line 111.
LaTeX Font Info:    ... okay on input line 111.
LaTeX Font Info:    Checking defaults for T1/cmr/m/n on input line 111.
LaTeX Font Info:    ... okay on input line 111.
LaTeX Font Info:    Checking defaults for TS1/cmr/m/n on input line 111.
LaTeX Font Info:    ... okay on input line 111.
LaTeX Font Info:    Checking defaults for OMX/cmex/m/n on input line 111.
LaTeX Font Info:    ... okay on input line 111.
LaTeX Font Info:    Checking defaults for U/cmr/m/n on input line 111.
LaTeX Font Info:    ... okay on input line 111.
LaTeX Font Info:    Checking defaults for PD1/pdf/m/n on input line 111.
LaTeX Font Info:    ... okay on input line 111.
LaTeX Font Info:    Checking defaults for PU/pdf/m/n on input line 111.
LaTeX Font Info:    ... okay on input line 111.
 (/usr/local/texlive/2022/texmf-dist/tex/context/base/mkii/supp-pdf.mkii
[Loading MPS to PDF converter (version 2006.09.02).]
\scratchcounter=\count490
\scratchdimen=\dimen326
\scratchbox=\box96
\nofMPsegments=\count491
\nofMParguments=\count492
\everyMPshowfont=\toks56
\MPscratchCnt=\count493
\MPscratchDim=\dimen327
\MPnumerator=\count494
\makeMPintoPDFobject=\count495
\everyMPtoPDFconversion=\toks57
) (/usr/local/texlive/2022/texmf-dist/tex/latex/epstopdf-pkg/epstopdf-base.sty
Package: epstopdf-base 2020-01-24 v2.11 Base part for package epstopdf
Package epstopdf-base Info: Redefining graphics rule for `.eps' on input line 485.
 (/usr/local/texlive/2022/texmf-dist/tex/latex/latexconfig/epstopdf-sys.cfg
File: epstopdf-sys.cfg 2010/07/13 v1.3 Configuration of (r)epstopdf for TeX Live
))
*geometry* driver: auto-detecting
*geometry* detected driver: pdftex
*geometry* verbose mode - [ preamble ] result:
* driver: pdftex
* paper: <default>
* layout: <same size as paper>
* layoutoffset:(h,v)=(0.0pt,0.0pt)
* modes: 
* h-part:(L,W,R)=(72.26999pt, 469.75502pt, 72.26999pt)
* v-part:(T,H,B)=(72.26999pt, 650.43001pt, 72.26999pt)
* \paperwidth=614.295pt
* \paperheight=794.96999pt
* \textwidth=469.75502pt
* \textheight=650.43001pt
* \oddsidemargin=0.0pt
* \evensidemargin=0.0pt
* \topmargin=-37.0pt
* \headheight=12.0pt
* \headsep=25.0pt
* \topskip=10.0pt
* \footskip=30.0pt
* \marginparwidth=56.9055pt
* \marginparsep=11.0pt
* \columnsep=10.0pt
* \skip\footins=9.0pt plus 4.0pt minus 2.0pt
* \hoffset=0.0pt
* \voffset=0.0pt
* \mag=1000
* \@twocolumnfalse
* \@twosidefalse
* \@mparswitchfalse
* \@reversemarginfalse
* (1in=72.27pt=25.4mm, 1cm=28.453pt)

Package caption Info: Begin \AtBeginDocument code.
Package caption Info: float package is loaded.
Package caption Info: hyperref package is loaded.
Package caption Info: longtable package is loaded.
(/usr/local/texlive/2022/texmf-dist/tex/latex/caption/ltcaption.sty
Package: ltcaption 2021/01/08 v1.4c longtable captions (AR)
)
Package caption Info: rotating package is loaded.
Package caption Info: threeparttable package is loaded.
Package caption Info: wrapfig package is loaded.
Package caption Info: End \AtBeginDocument code.
 (/usr/local/texlive/2022/texmf-dist/tex/latex/translations/translations-basic-dictionary-english.trsl
File: translations-basic-dictionary-english.trsl (english translation file `translations-basic-dictionary')
)
Package translations Info: loading dictionary `translations-basic-dictionary' for `english'. on input line 111.
Package hyperref Info: Link coloring ON on input line 111.
Package biblatex Info: Trying to load language 'english'...
Package biblatex Info: ... file 'english.lbx' found.
 (/usr/local/texlive/2022/texmf-dist/tex/latex/biblatex/lbx/english.lbx
File: english.lbx 2022/07/12 v3.18b biblatex localization (PK/MW)
)
Package biblatex Info: Input encoding 'utf8' detected.
Package biblatex Info: Automatic encoding selection.
(biblatex)             Assuming data encoding 'utf8'.
\openout4 = `Sesmarias_Paper.bcf'.

Package biblatex Info: Trying to load bibliographic data...
Package biblatex Info: ... file 'Sesmarias_Paper.bbl' found.
 (/Users/vinicius/Library/CloudStorage/OneDrive-UniversityofIllinois-Urbana/Research/Writing/git/Sesmarias/02.Draft/02.Second_Draft/Sesmarias_Paper.bbl)
Package biblatex Info: Reference section=0 on input line 111.
Package biblatex Info: Reference segment=0 on input line 111.
LaTeX Font Info:    Trying to load font information for U+msa on input line 114.
 (/usr/local/texlive/2022/texmf-dist/tex/latex/amsfonts/umsa.fd
File: umsa.fd 2013/01/14 v3.01 AMS symbols A
)
LaTeX Font Info:    Trying to load font information for U+msb on input line 114.
 (/usr/local/texlive/2022/texmf-dist/tex/latex/amsfonts/umsb.fd
File: umsb.fd 2013/01/14 v3.01 AMS symbols B
) [1

{/usr/local/texlive/2022/texmf-var/fonts/map/pdftex/updmap/pdftex.map}]
pdfTeX warning (ext4): destination with the same identifier (name{page.1}) has been already used, duplicate ignored
<to be read again> 
                   \relax 
l.163 \textcite
               [p.~36]{De_Oliveira_Andrade1980-xz} [1

] [2]

LaTeX Warning: Reference `tab:1872_OLS_Demographics' on page 3 undefined on input line 228.


LaTeX Warning: Reference `tab:1872_OLS_Labor' on page 3 undefined on input line 228.

[3] [4]
Overfull \hbox (60.7405pt too wide) in paragraph at lines 272--273
[][][]$\OT1/cmtt/m/n/10 http : / / historialuso . an . gov . br / index . php ? option = com _ content & view = article & id = 6191 : escravos-[]de-[]ganho &
 []


Overfull \hbox (58.49054pt too wide) in paragraph at lines 274--275
[][][]$\OT1/cmtt/m/n/10 https : / / www . nexojornal . com . br / especial / 2017 / 07 / 07 / censo-[]de-[]1872-[]o-[]retrato-[]do-[]brasil-[]da-[]escravidao$[][] 
 []

[5] [6

] [7]
</Users/vinicius/Library/CloudStorage/OneDrive-UniversityofIllinois-Urbana/Research/Projects/JMP/02. Figures/00.Maps/parishes_1872.png, id=173, 501.3129pt x 309.7974pt>
File: /Users/vinicius/Library/CloudStorage/OneDrive-UniversityofIllinois-Urbana/Research/Projects/JMP/02. Figures/00.Maps/parishes_1872.png Graphic file (type png)
<use /Users/vinicius/Library/CloudStorage/OneDrive-UniversityofIllinois-Urbana/Research/Projects/JMP/02. Figures/00.Maps/parishes_1872.png>
Package pdftex.def Info: /Users/vinicius/Library/CloudStorage/OneDrive-UniversityofIllinois-Urbana/Research/Projects/JMP/02. Figures/00.Maps/parishes_1872.png  used on input line 312.
(pdftex.def)             Requested size: 522.1545pt x 322.71585pt.
</Users/vinicius/Library/CloudStorage/OneDrive-UniversityofIllinois-Urbana/Research/Projects/JMP/02. Figures/00.Maps/land_grant_distribution_1701.png, id=174, 489.2679pt x 302.3295pt>
File: /Users/vinicius/Library/CloudStorage/OneDrive-UniversityofIllinois-Urbana/Research/Projects/JMP/02. Figures/00.Maps/land_grant_distribution_1701.png Graphic file (type png)
<use /Users/vinicius/Library/CloudStorage/OneDrive-UniversityofIllinois-Urbana/Research/Projects/JMP/02. Figures/00.Maps/land_grant_distribution_1701.png>
Package pdftex.def Info: /Users/vinicius/Library/CloudStorage/OneDrive-UniversityofIllinois-Urbana/Research/Projects/JMP/02. Figures/00.Maps/land_grant_distribution_1701.png  used on input line 322.
(pdftex.def)             Requested size: 522.1545pt x 322.65898pt.
 [8

 </Users/vinicius/Library/CloudStorage/OneDrive-UniversityofIllinois-Urbana/Research/Projects/JMP/02. Figures/00.Maps/parishes_1872.png>] [9 </Users/vinicius/Library/CloudStorage/OneDrive-UniversityofIllinois-Urbana/Research/Projects/JMP/02. Figures/00.Maps/land_grant_distribution_1701.png>]
</Users/vinicius/Library/CloudStorage/OneDrive-UniversityofIllinois-Urbana/Research/Projects/JMP/02. Figures/00.Maps/1872_bandwidth_50km.png, id=185, 501.3129pt x 309.7974pt>
File: /Users/vinicius/Library/CloudStorage/OneDrive-UniversityofIllinois-Urbana/Research/Projects/JMP/02. Figures/00.Maps/1872_bandwidth_50km.png Graphic file (type png)
<use /Users/vinicius/Library/CloudStorage/OneDrive-UniversityofIllinois-Urbana/Research/Projects/JMP/02. Figures/00.Maps/1872_bandwidth_50km.png>
Package pdftex.def Info: /Users/vinicius/Library/CloudStorage/OneDrive-UniversityofIllinois-Urbana/Research/Projects/JMP/02. Figures/00.Maps/1872_bandwidth_50km.png  used on input line 332.
(pdftex.def)             Requested size: 614.295pt x 379.66348pt.

Overfull \hbox (337.86414pt too wide) in paragraph at lines 332--333
 [][] 
 []

</Users/vinicius/Library/CloudStorage/OneDrive-UniversityofIllinois-Urbana/Research/Projects/JMP/02. Figures/00.Maps/1872_bandwidth_40km.png, id=186, 501.3129pt x 309.7974pt>
File: /Users/vinicius/Library/CloudStorage/OneDrive-UniversityofIllinois-Urbana/Research/Projects/JMP/02. Figures/00.Maps/1872_bandwidth_40km.png Graphic file (type png)
<use /Users/vinicius/Library/CloudStorage/OneDrive-UniversityofIllinois-Urbana/Research/Projects/JMP/02. Figures/00.Maps/1872_bandwidth_40km.png>
Package pdftex.def Info: /Users/vinicius/Library/CloudStorage/OneDrive-UniversityofIllinois-Urbana/Research/Projects/JMP/02. Figures/00.Maps/1872_bandwidth_40km.png  used on input line 336.
(pdftex.def)             Requested size: 614.295pt x 379.66348pt.

Overfull \hbox (337.86414pt too wide) in paragraph at lines 336--337
 [][] 
 []


Overfull \hbox (85.32892pt too wide) in paragraph at lines 331--339
[][] [] 
 []

</Users/vinicius/Library/CloudStorage/OneDrive-UniversityofIllinois-Urbana/Research/Projects/JMP/02. Figures/00.Maps/1872_bandwidth_30km.png, id=187, 501.3129pt x 309.7974pt>
File: /Users/vinicius/Library/CloudStorage/OneDrive-UniversityofIllinois-Urbana/Research/Projects/JMP/02. Figures/00.Maps/1872_bandwidth_30km.png Graphic file (type png)
<use /Users/vinicius/Library/CloudStorage/OneDrive-UniversityofIllinois-Urbana/Research/Projects/JMP/02. Figures/00.Maps/1872_bandwidth_30km.png>
Package pdftex.def Info: /Users/vinicius/Library/CloudStorage/OneDrive-UniversityofIllinois-Urbana/Research/Projects/JMP/02. Figures/00.Maps/1872_bandwidth_30km.png  used on input line 341.
(pdftex.def)             Requested size: 614.295pt x 379.66348pt.

Overfull \hbox (402.90668pt too wide) in paragraph at lines 341--342
 [][] 
 []

</Users/vinicius/Library/CloudStorage/OneDrive-UniversityofIllinois-Urbana/Research/Projects/JMP/02. Figures/00.Maps/1872_bandwidth_20km.png, id=188, 501.3129pt x 309.7974pt>
File: /Users/vinicius/Library/CloudStorage/OneDrive-UniversityofIllinois-Urbana/Research/Projects/JMP/02. Figures/00.Maps/1872_bandwidth_20km.png Graphic file (type png)
<use /Users/vinicius/Library/CloudStorage/OneDrive-UniversityofIllinois-Urbana/Research/Projects/JMP/02. Figures/00.Maps/1872_bandwidth_20km.png>
Package pdftex.def Info: /Users/vinicius/Library/CloudStorage/OneDrive-UniversityofIllinois-Urbana/Research/Projects/JMP/02. Figures/00.Maps/1872_bandwidth_20km.png  used on input line 345.
(pdftex.def)             Requested size: 614.295pt x 379.66348pt.

Overfull \hbox (402.90668pt too wide) in paragraph at lines 345--346
 [][] 
 []


LaTeX Warning: Float too large for page by 151.89693pt on input line 351.

[10 </Users/vinicius/Library/CloudStorage/OneDrive-UniversityofIllinois-Urbana/Research/Projects/JMP/02. Figures/00.Maps/1872_bandwidth_50km.png> </Users/vinicius/Library/CloudStorage/OneDrive-UniversityofIllinois-Urbana/Research/Projects/JMP/02. Figures/00.Maps/1872_bandwidth_40km.png> </Users/vinicius/Library/CloudStorage/OneDrive-UniversityofIllinois-Urbana/Research/Projects/JMP/02. Figures/00.Maps/1872_bandwidth_30km.png> </Users/vinicius/Library/CloudStorage/OneDrive-UniversityofIllinois-Urbana/Research/Projects/JMP/02. Figures/00.Maps/1872_bandwidth_20km.png>]
</Users/vinicius/Library/CloudStorage/OneDrive-UniversityofIllinois-Urbana/Research/Projects/JMP/02. Figures/00.Maps/1872_total_population_RDD.png, id=194, 501.3129pt x 309.7974pt>
File: /Users/vinicius/Library/CloudStorage/OneDrive-UniversityofIllinois-Urbana/Research/Projects/JMP/02. Figures/00.Maps/1872_total_population_RDD.png Graphic file (type png)
<use /Users/vinicius/Library/CloudStorage/OneDrive-UniversityofIllinois-Urbana/Research/Projects/JMP/02. Figures/00.Maps/1872_total_population_RDD.png>
Package pdftex.def Info: /Users/vinicius/Library/CloudStorage/OneDrive-UniversityofIllinois-Urbana/Research/Projects/JMP/02. Figures/00.Maps/1872_total_population_RDD.png  used on input line 361.
(pdftex.def)             Requested size: 522.1545pt x 322.71585pt.
</Users/vinicius/Library/CloudStorage/OneDrive-UniversityofIllinois-Urbana/Research/Projects/JMP/02. Figures/00.Maps/1872_other_prof_RDD.png, id=195, 501.3129pt x 309.7974pt>
File: /Users/vinicius/Library/CloudStorage/OneDrive-UniversityofIllinois-Urbana/Research/Projects/JMP/02. Figures/00.Maps/1872_other_prof_RDD.png Graphic file (type png)
<use /Users/vinicius/Library/CloudStorage/OneDrive-UniversityofIllinois-Urbana/Research/Projects/JMP/02. Figures/00.Maps/1872_other_prof_RDD.png>
Package pdftex.def Info: /Users/vinicius/Library/CloudStorage/OneDrive-UniversityofIllinois-Urbana/Research/Projects/JMP/02. Figures/00.Maps/1872_other_prof_RDD.png  used on input line 371.
(pdftex.def)             Requested size: 522.1545pt x 322.71585pt.
</Users/vinicius/Library/CloudStorage/OneDrive-UniversityofIllinois-Urbana/Research/Projects/JMP/02. Figures/00.Maps/1872_free_other_prof_RDD.png, id=196, 501.3129pt x 309.7974pt>
File: /Users/vinicius/Library/CloudStorage/OneDrive-UniversityofIllinois-Urbana/Research/Projects/JMP/02. Figures/00.Maps/1872_free_other_prof_RDD.png Graphic file (type png)
<use /Users/vinicius/Library/CloudStorage/OneDrive-UniversityofIllinois-Urbana/Research/Projects/JMP/02. Figures/00.Maps/1872_free_other_prof_RDD.png>
Package pdftex.def Info: /Users/vinicius/Library/CloudStorage/OneDrive-UniversityofIllinois-Urbana/Research/Projects/JMP/02. Figures/00.Maps/1872_free_other_prof_RDD.png  used on input line 381.
(pdftex.def)             Requested size: 522.1545pt x 322.71585pt.
</Users/vinicius/Library/CloudStorage/OneDrive-UniversityofIllinois-Urbana/Research/Projects/JMP/02. Figures/00.Maps/1872_enslaved_other_prof_RDD.png, id=197, 501.3129pt x 309.7974pt>
File: /Users/vinicius/Library/CloudStorage/OneDrive-UniversityofIllinois-Urbana/Research/Projects/JMP/02. Figures/00.Maps/1872_enslaved_other_prof_RDD.png Graphic file (type png)
<use /Users/vinicius/Library/CloudStorage/OneDrive-UniversityofIllinois-Urbana/Research/Projects/JMP/02. Figures/00.Maps/1872_enslaved_other_prof_RDD.png>
Package pdftex.def Info: /Users/vinicius/Library/CloudStorage/OneDrive-UniversityofIllinois-Urbana/Research/Projects/JMP/02. Figures/00.Maps/1872_enslaved_other_prof_RDD.png  used on input line 391.
(pdftex.def)             Requested size: 522.1545pt x 322.71585pt.
</Users/vinicius/Library/CloudStorage/OneDrive-UniversityofIllinois-Urbana/Research/Projects/JMP/02. Figures/00.Maps/1872_free_jornaleiros_RDD.png, id=198, 501.3129pt x 309.7974pt>
File: /Users/vinicius/Library/CloudStorage/OneDrive-UniversityofIllinois-Urbana/Research/Projects/JMP/02. Figures/00.Maps/1872_free_jornaleiros_RDD.png Graphic file (type png)
<use /Users/vinicius/Library/CloudStorage/OneDrive-UniversityofIllinois-Urbana/Research/Projects/JMP/02. Figures/00.Maps/1872_free_jornaleiros_RDD.png>
Package pdftex.def Info: /Users/vinicius/Library/CloudStorage/OneDrive-UniversityofIllinois-Urbana/Research/Projects/JMP/02. Figures/00.Maps/1872_free_jornaleiros_RDD.png  used on input line 401.
(pdftex.def)             Requested size: 522.1545pt x 322.71585pt.
 [11


 </Users/vinicius/Library/CloudStorage/OneDrive-UniversityofIllinois-Urbana/Research/Projects/JMP/02. Figures/00.Maps/1872_total_population_RDD.png>] [12 </Users/vinicius/Library/CloudStorage/OneDrive-UniversityofIllinois-Urbana/Research/Projects/JMP/02. Figures/00.Maps/1872_other_prof_RDD.png>] [13 </Users/vinicius/Library/CloudStorage/OneDrive-UniversityofIllinois-Urbana/Research/Projects/JMP/02. Figures/00.Maps/1872_free_other_prof_RDD.png>] [14 </Users/vinicius/Library/CloudStorage/OneDrive-UniversityofIllinois-Urbana/Research/Projects/JMP/02. Figures/00.Maps/1872_enslaved_other_prof_RDD.png>] [15 </Users/vinicius/Library/CloudStorage/OneDrive-UniversityofIllinois-Urbana/Research/Projects/JMP/02. Figures/00.Maps/1872_free_jornaleiros_RDD.png>]
</Users/vinicius/Library/CloudStorage/OneDrive-UniversityofIllinois-Urbana/Research/Projects/JMP/02. Figures/00.Maps/coastal_rdd_1970_graph_sharecropping.png, id=225, 526.8483pt x 325.4559pt>
File: /Users/vinicius/Library/CloudStorage/OneDrive-UniversityofIllinois-Urbana/Research/Projects/JMP/02. Figures/00.Maps/coastal_rdd_1970_graph_sharecropping.png Graphic file (type png)
<use /Users/vinicius/Library/CloudStorage/OneDrive-UniversityofIllinois-Urbana/Research/Projects/JMP/02. Figures/00.Maps/coastal_rdd_1970_graph_sharecropping.png>
Package pdftex.def Info: /Users/vinicius/Library/CloudStorage/OneDrive-UniversityofIllinois-Urbana/Research/Projects/JMP/02. Figures/00.Maps/coastal_rdd_1970_graph_sharecropping.png  used on input line 415.
(pdftex.def)             Requested size: 522.1545pt x 322.5748pt.
 [16

 </Users/vinicius/Library/CloudStorage/OneDrive-UniversityofIllinois-Urbana/Research/Projects/JMP/02. Figures/00.Maps/coastal_rdd_1970_graph_sharecropping.png>]
</Users/vinicius/Library/CloudStorage/OneDrive-UniversityofIllinois-Urbana/Research/Projects/JMP/02. Figures/00.Maps/1872_census_ranching_map.png, id=231, 501.3129pt x 309.7974pt>
File: /Users/vinicius/Library/CloudStorage/OneDrive-UniversityofIllinois-Urbana/Research/Projects/JMP/02. Figures/00.Maps/1872_census_ranching_map.png Graphic file (type png)
<use /Users/vinicius/Library/CloudStorage/OneDrive-UniversityofIllinois-Urbana/Research/Projects/JMP/02. Figures/00.Maps/1872_census_ranching_map.png>
Package pdftex.def Info: /Users/vinicius/Library/CloudStorage/OneDrive-UniversityofIllinois-Urbana/Research/Projects/JMP/02. Figures/00.Maps/1872_census_ranching_map.png  used on input line 429.
(pdftex.def)             Requested size: 522.1545pt x 322.71585pt.
 [17

 </Users/vinicius/Library/CloudStorage/OneDrive-UniversityofIllinois-Urbana/Research/Projects/JMP/02. Figures/00.Maps/1872_census_ranching_map.png>]
</Users/vinicius/Library/CloudStorage/OneDrive-UniversityofIllinois-Urbana/Research/Projects/JMP/02. Figures/00.Maps/coastal_rdd_grid_pasture.png, id=237, 514.0806pt x 317.7471pt>
File: /Users/vinicius/Library/CloudStorage/OneDrive-UniversityofIllinois-Urbana/Research/Projects/JMP/02. Figures/00.Maps/coastal_rdd_grid_pasture.png Graphic file (type png)
<use /Users/vinicius/Library/CloudStorage/OneDrive-UniversityofIllinois-Urbana/Research/Projects/JMP/02. Figures/00.Maps/coastal_rdd_grid_pasture.png>
Package pdftex.def Info: /Users/vinicius/Library/CloudStorage/OneDrive-UniversityofIllinois-Urbana/Research/Projects/JMP/02. Figures/00.Maps/coastal_rdd_grid_pasture.png  used on input line 443.
(pdftex.def)             Requested size: 522.1545pt x 322.74503pt.
</Users/vinicius/Library/CloudStorage/OneDrive-UniversityofIllinois-Urbana/Research/Projects/JMP/02. Figures/00.Maps//coastal_rdd_grid_natural.png, id=238, 514.0806pt x 317.7471pt>
File: /Users/vinicius/Library/CloudStorage/OneDrive-UniversityofIllinois-Urbana/Research/Projects/JMP/02. Figures/00.Maps//coastal_rdd_grid_natural.png Graphic file (type png)
<use /Users/vinicius/Library/CloudStorage/OneDrive-UniversityofIllinois-Urbana/Research/Projects/JMP/02. Figures/00.Maps//coastal_rdd_grid_natural.png>
Package pdftex.def Info: /Users/vinicius/Library/CloudStorage/OneDrive-UniversityofIllinois-Urbana/Research/Projects/JMP/02. Figures/00.Maps//coastal_rdd_grid_natural.png  used on input line 453.
(pdftex.def)             Requested size: 522.1545pt x 322.74503pt.
</Users/vinicius/Library/CloudStorage/OneDrive-UniversityofIllinois-Urbana/Research/Projects/JMP/02. Figures/00.Maps//coastal_rdd_grid_sugarcane.png, id=239, 514.0806pt x 317.7471pt>
File: /Users/vinicius/Library/CloudStorage/OneDrive-UniversityofIllinois-Urbana/Research/Projects/JMP/02. Figures/00.Maps//coastal_rdd_grid_sugarcane.png Graphic file (type png)
<use /Users/vinicius/Library/CloudStorage/OneDrive-UniversityofIllinois-Urbana/Research/Projects/JMP/02. Figures/00.Maps//coastal_rdd_grid_sugarcane.png>
Package pdftex.def Info: /Users/vinicius/Library/CloudStorage/OneDrive-UniversityofIllinois-Urbana/Research/Projects/JMP/02. Figures/00.Maps//coastal_rdd_grid_sugarcane.png  used on input line 463.
(pdftex.def)             Requested size: 522.1545pt x 322.74503pt.
</Users/vinicius/Library/CloudStorage/OneDrive-UniversityofIllinois-Urbana/Research/Projects/JMP/02. Figures/00.Maps//coastal_rdd_grid_sugarcane_area.png, id=240, 526.8483pt x 325.4559pt>
File: /Users/vinicius/Library/CloudStorage/OneDrive-UniversityofIllinois-Urbana/Research/Projects/JMP/02. Figures/00.Maps//coastal_rdd_grid_sugarcane_area.png Graphic file (type png)
<use /Users/vinicius/Library/CloudStorage/OneDrive-UniversityofIllinois-Urbana/Research/Projects/JMP/02. Figures/00.Maps//coastal_rdd_grid_sugarcane_area.png>
Package pdftex.def Info: /Users/vinicius/Library/CloudStorage/OneDrive-UniversityofIllinois-Urbana/Research/Projects/JMP/02. Figures/00.Maps//coastal_rdd_grid_sugarcane_area.png  used on input line 473.
(pdftex.def)             Requested size: 522.1545pt x 322.5748pt.
 [18

 </Users/vinicius/Library/CloudStorage/OneDrive-UniversityofIllinois-Urbana/Research/Projects/JMP/02. Figures/00.Maps/coastal_rdd_grid_pasture.png>] [19 </Users/vinicius/Library/CloudStorage/OneDrive-UniversityofIllinois-Urbana/Research/Projects/JMP/02. Figures/00.Maps//coastal_rdd_grid_natural.png>] [20 </Users/vinicius/Library/CloudStorage/OneDrive-UniversityofIllinois-Urbana/Research/Projects/JMP/02. Figures/00.Maps//coastal_rdd_grid_sugarcane.png>] [21 </Users/vinicius/Library/CloudStorage/OneDrive-UniversityofIllinois-Urbana/Research/Projects/JMP/02. Figures/00.Maps//coastal_rdd_grid_sugarcane_area.png>]
</Users/vinicius/Library/CloudStorage/OneDrive-UniversityofIllinois-Urbana/Research/Projects/JMP/02. Figures/00.Maps/coastal_rdd_1970_population.png, id=262, 489.2679pt x 302.3295pt>
File: /Users/vinicius/Library/CloudStorage/OneDrive-UniversityofIllinois-Urbana/Research/Projects/JMP/02. Figures/00.Maps/coastal_rdd_1970_population.png Graphic file (type png)
<use /Users/vinicius/Library/CloudStorage/OneDrive-UniversityofIllinois-Urbana/Research/Projects/JMP/02. Figures/00.Maps/coastal_rdd_1970_population.png>
Package pdftex.def Info: /Users/vinicius/Library/CloudStorage/OneDrive-UniversityofIllinois-Urbana/Research/Projects/JMP/02. Figures/00.Maps/coastal_rdd_1970_population.png  used on input line 487.
(pdftex.def)             Requested size: 522.1545pt x 322.65898pt.
</Users/vinicius/Library/CloudStorage/OneDrive-UniversityofIllinois-Urbana/Research/Projects/JMP/02. Figures/00.Maps/coastal_rdd_1970_sharecropping.png, id=263, 526.8483pt x 325.4559pt>
File: /Users/vinicius/Library/CloudStorage/OneDrive-UniversityofIllinois-Urbana/Research/Projects/JMP/02. Figures/00.Maps/coastal_rdd_1970_sharecropping.png Graphic file (type png)
<use /Users/vinicius/Library/CloudStorage/OneDrive-UniversityofIllinois-Urbana/Research/Projects/JMP/02. Figures/00.Maps/coastal_rdd_1970_sharecropping.png>
Package pdftex.def Info: /Users/vinicius/Library/CloudStorage/OneDrive-UniversityofIllinois-Urbana/Research/Projects/JMP/02. Figures/00.Maps/coastal_rdd_1970_sharecropping.png  used on input line 497.
(pdftex.def)             Requested size: 522.1545pt x 322.5748pt.


LaTeX Warning: `!h' float specifier changed to `!ht'.

</Users/vinicius/Library/CloudStorage/OneDrive-UniversityofIllinois-Urbana/Research/Projects/JMP/02. Figures/00.Maps/coastal_rdd_1970_rural_land.png, id=264, 526.8483pt x 325.4559pt>
File: /Users/vinicius/Library/CloudStorage/OneDrive-UniversityofIllinois-Urbana/Research/Projects/JMP/02. Figures/00.Maps/coastal_rdd_1970_rural_land.png Graphic file (type png)
<use /Users/vinicius/Library/CloudStorage/OneDrive-UniversityofIllinois-Urbana/Research/Projects/JMP/02. Figures/00.Maps/coastal_rdd_1970_rural_land.png>
Package pdftex.def Info: /Users/vinicius/Library/CloudStorage/OneDrive-UniversityofIllinois-Urbana/Research/Projects/JMP/02. Figures/00.Maps/coastal_rdd_1970_rural_land.png  used on input line 507.
(pdftex.def)             Requested size: 522.1545pt x 322.5748pt.
</Users/vinicius/Library/CloudStorage/OneDrive-UniversityofIllinois-Urbana/Research/Projects/JMP/02. Figures/00.Maps/coastal_rdd_1970_sugarcane.png, id=265, 526.8483pt x 325.4559pt>
File: /Users/vinicius/Library/CloudStorage/OneDrive-UniversityofIllinois-Urbana/Research/Projects/JMP/02. Figures/00.Maps/coastal_rdd_1970_sugarcane.png Graphic file (type png)
<use /Users/vinicius/Library/CloudStorage/OneDrive-UniversityofIllinois-Urbana/Research/Projects/JMP/02. Figures/00.Maps/coastal_rdd_1970_sugarcane.png>
Package pdftex.def Info: /Users/vinicius/Library/CloudStorage/OneDrive-UniversityofIllinois-Urbana/Research/Projects/JMP/02. Figures/00.Maps/coastal_rdd_1970_sugarcane.png  used on input line 517.
(pdftex.def)             Requested size: 522.1545pt x 322.5748pt.
</Users/vinicius/Library/CloudStorage/OneDrive-UniversityofIllinois-Urbana/Research/Projects/JMP/02. Figures/00.Maps/coastal_rdd_1970_cotton.png, id=266, 526.8483pt x 325.4559pt>
File: /Users/vinicius/Library/CloudStorage/OneDrive-UniversityofIllinois-Urbana/Research/Projects/JMP/02. Figures/00.Maps/coastal_rdd_1970_cotton.png Graphic file (type png)
<use /Users/vinicius/Library/CloudStorage/OneDrive-UniversityofIllinois-Urbana/Research/Projects/JMP/02. Figures/00.Maps/coastal_rdd_1970_cotton.png>
Package pdftex.def Info: /Users/vinicius/Library/CloudStorage/OneDrive-UniversityofIllinois-Urbana/Research/Projects/JMP/02. Figures/00.Maps/coastal_rdd_1970_cotton.png  used on input line 527.
(pdftex.def)             Requested size: 522.1545pt x 322.5748pt.
</Users/vinicius/Library/CloudStorage/OneDrive-UniversityofIllinois-Urbana/Research/Projects/JMP/02. Figures/00.Maps/coastal_rdd_1970_pecuaria.png, id=267, 526.8483pt x 325.4559pt>
File: /Users/vinicius/Library/CloudStorage/OneDrive-UniversityofIllinois-Urbana/Research/Projects/JMP/02. Figures/00.Maps/coastal_rdd_1970_pecuaria.png Graphic file (type png)
<use /Users/vinicius/Library/CloudStorage/OneDrive-UniversityofIllinois-Urbana/Research/Projects/JMP/02. Figures/00.Maps/coastal_rdd_1970_pecuaria.png>
Package pdftex.def Info: /Users/vinicius/Library/CloudStorage/OneDrive-UniversityofIllinois-Urbana/Research/Projects/JMP/02. Figures/00.Maps/coastal_rdd_1970_pecuaria.png  used on input line 537.
(pdftex.def)             Requested size: 522.1545pt x 322.5748pt.
[22

 </Users/vinicius/Library/CloudStorage/OneDrive-UniversityofIllinois-Urbana/Research/Projects/JMP/02. Figures/00.Maps/coastal_rdd_1970_population.png>] [23 </Users/vinicius/Library/CloudStorage/OneDrive-UniversityofIllinois-Urbana/Research/Projects/JMP/02. Figures/00.Maps/coastal_rdd_1970_sharecropping.png>] [24 </Users/vinicius/Library/CloudStorage/OneDrive-UniversityofIllinois-Urbana/Research/Projects/JMP/02. Figures/00.Maps/coastal_rdd_1970_rural_land.png>] [25 </Users/vinicius/Library/CloudStorage/OneDrive-UniversityofIllinois-Urbana/Research/Projects/JMP/02. Figures/00.Maps/coastal_rdd_1970_sugarcane.png>] [26 </Users/vinicius/Library/CloudStorage/OneDrive-UniversityofIllinois-Urbana/Research/Projects/JMP/02. Figures/00.Maps/coastal_rdd_1970_cotton.png>] [27 </Users/vinicius/Library/CloudStorage/OneDrive-UniversityofIllinois-Urbana/Research/Projects/JMP/02. Figures/00.Maps/coastal_rdd_1970_pecuaria.png>]
</Users/vinicius/Library/CloudStorage/OneDrive-UniversityofIllinois-Urbana/Research/Projects/JMP/02. Figures/00.Maps/ag_census_1995_livestock_map.png, id=300, 526.8483pt x 325.4559pt>
File: /Users/vinicius/Library/CloudStorage/OneDrive-UniversityofIllinois-Urbana/Research/Projects/JMP/02. Figures/00.Maps/ag_census_1995_livestock_map.png Graphic file (type png)
<use /Users/vinicius/Library/CloudStorage/OneDrive-UniversityofIllinois-Urbana/Research/Projects/JMP/02. Figures/00.Maps/ag_census_1995_livestock_map.png>
Package pdftex.def Info: /Users/vinicius/Library/CloudStorage/OneDrive-UniversityofIllinois-Urbana/Research/Projects/JMP/02. Figures/00.Maps/ag_census_1995_livestock_map.png  used on input line 550.
(pdftex.def)             Requested size: 522.1545pt x 322.5748pt.
 [28

 </Users/vinicius/Library/CloudStorage/OneDrive-UniversityofIllinois-Urbana/Research/Projects/JMP/02. Figures/00.Maps/ag_census_1995_livestock_map.png>]
</Users/vinicius/Library/CloudStorage/OneDrive-UniversityofIllinois-Urbana/Research/Projects/JMP/02. Figures/00.Maps/ag_census_1995_occupied_map.png, id=305, 526.8483pt x 325.4559pt>
File: /Users/vinicius/Library/CloudStorage/OneDrive-UniversityofIllinois-Urbana/Research/Projects/JMP/02. Figures/00.Maps/ag_census_1995_occupied_map.png Graphic file (type png)
<use /Users/vinicius/Library/CloudStorage/OneDrive-UniversityofIllinois-Urbana/Research/Projects/JMP/02. Figures/00.Maps/ag_census_1995_occupied_map.png>
Package pdftex.def Info: /Users/vinicius/Library/CloudStorage/OneDrive-UniversityofIllinois-Urbana/Research/Projects/JMP/02. Figures/00.Maps/ag_census_1995_occupied_map.png  used on input line 561.
(pdftex.def)             Requested size: 522.1545pt x 322.5748pt.
 [29

 </Users/vinicius/Library/CloudStorage/OneDrive-UniversityofIllinois-Urbana/Research/Projects/JMP/02. Figures/00.Maps/ag_census_1995_occupied_map.png>]
</Users/vinicius/Library/CloudStorage/OneDrive-UniversityofIllinois-Urbana/Research/Projects/JMP/02. Figures/00.Maps/ag_census_1995_leased_map.png, id=310, 526.8483pt x 325.4559pt>
File: /Users/vinicius/Library/CloudStorage/OneDrive-UniversityofIllinois-Urbana/Research/Projects/JMP/02. Figures/00.Maps/ag_census_1995_leased_map.png Graphic file (type png)
<use /Users/vinicius/Library/CloudStorage/OneDrive-UniversityofIllinois-Urbana/Research/Projects/JMP/02. Figures/00.Maps/ag_census_1995_leased_map.png>
Package pdftex.def Info: /Users/vinicius/Library/CloudStorage/OneDrive-UniversityofIllinois-Urbana/Research/Projects/JMP/02. Figures/00.Maps/ag_census_1995_leased_map.png  used on input line 572.
(pdftex.def)             Requested size: 522.1545pt x 322.5748pt.
 [30

 </Users/vinicius/Library/CloudStorage/OneDrive-UniversityofIllinois-Urbana/Research/Projects/JMP/02. Figures/00.Maps/ag_census_1995_leased_map.png>]
</Users/vinicius/Library/CloudStorage/OneDrive-UniversityofIllinois-Urbana/Research/Projects/JMP/02. Figures/00.Maps/ag_census_1995_latifundia_map.png, id=316, 526.8483pt x 325.4559pt>
File: /Users/vinicius/Library/CloudStorage/OneDrive-UniversityofIllinois-Urbana/Research/Projects/JMP/02. Figures/00.Maps/ag_census_1995_latifundia_map.png Graphic file (type png)
<use /Users/vinicius/Library/CloudStorage/OneDrive-UniversityofIllinois-Urbana/Research/Projects/JMP/02. Figures/00.Maps/ag_census_1995_latifundia_map.png>
Package pdftex.def Info: /Users/vinicius/Library/CloudStorage/OneDrive-UniversityofIllinois-Urbana/Research/Projects/JMP/02. Figures/00.Maps/ag_census_1995_latifundia_map.png  used on input line 583.
(pdftex.def)             Requested size: 522.1545pt x 322.5748pt.
 [31

 </Users/vinicius/Library/CloudStorage/OneDrive-UniversityofIllinois-Urbana/Research/Projects/JMP/02. Figures/00.Maps/ag_census_1995_latifundia_map.png>]
</Users/vinicius/Library/CloudStorage/OneDrive-UniversityofIllinois-Urbana/Research/Projects/JMP/02. Figures/00.Maps/ag_census_1995_productive_land_not_used_map.png, id=321, 526.8483pt x 325.4559pt>
File: /Users/vinicius/Library/CloudStorage/OneDrive-UniversityofIllinois-Urbana/Research/Projects/JMP/02. Figures/00.Maps/ag_census_1995_productive_land_not_used_map.png Graphic file (type png)
<use /Users/vinicius/Library/CloudStorage/OneDrive-UniversityofIllinois-Urbana/Research/Projects/JMP/02. Figures/00.Maps/ag_census_1995_productive_land_not_used_map.png>
Package pdftex.def Info: /Users/vinicius/Library/CloudStorage/OneDrive-UniversityofIllinois-Urbana/Research/Projects/JMP/02. Figures/00.Maps/ag_census_1995_productive_land_not_used_map.png  used on input line 595.
(pdftex.def)             Requested size: 522.1545pt x 322.5748pt.
 [32

 </Users/vinicius/Library/CloudStorage/OneDrive-UniversityofIllinois-Urbana/Research/Projects/JMP/02. Figures/00.Maps/ag_census_1995_productive_land_not_used_map.png>] (/Users/vinicius/Library/CloudStorage/OneDrive-UniversityofIllinois-Urbana/Research/Projects/JMP/03. Tables/summary_1872.tex) (/Users/vinicius/Library/CloudStorage/OneDrive-UniversityofIllinois-Urbana/Research/Projects/JMP/03. Tables/summary_1872_40km.tex

LaTeX Warning: `!h' float specifier changed to `!ht'.

) [33

] [34] (/Users/vinicius/OneDrive - University of Illinois - Urbana/Research/Projects/JMP/03. Tables/1872_OLS_Demographics.tex) [35

] (/Users/vinicius/OneDrive - University of Illinois - Urbana/Research/Projects/JMP/03. Tables/1872_OLS_Labor.tex) [36] [37


] (/Users/vinicius/OneDrive - University of Illinois - Urbana/Research/Projects/JMP/03. Tables/1995_Ag_Census_Results.tex) [38

] (/Users/vinicius/Library/CloudStorage/OneDrive-UniversityofIllinois-Urbana/Research/Projects/JMP/03. Tables/1872_OLS_Labor.tex) [39] [40


] [41

] [42

] [43] [44] (/Users/vinicius/Library/CloudStorage/OneDrive-UniversityofIllinois-Urbana/Research/Writing/git/Sesmarias/02.Draft/02.Second_Draft/Sesmarias_Paper.aux)

LaTeX Warning: There were undefined references.


LaTeX Warning: There were multiply-defined labels.

Package logreq Info: Writing requests to 'Sesmarias_Paper.run.xml'.
\openout1 = `Sesmarias_Paper.run.xml'.

 ) 
Here is how much of TeX's memory you used:
 37806 strings out of 476029
 784933 string characters out of 5790167
 1895346 words of memory out of 5000000
 57473 multiletter control sequences out of 15000+600000
 522266 words of font info for 71 fonts, out of 8000000 for 9000
 1141 hyphenation exceptions out of 8191
 99i,18n,94p,2101b,2129s stack positions out of 10000i,1000n,20000p,200000b,200000s
{/usr/local/texlive/2022/texmf-dist/fonts/enc/dvips/cm-super/cm-super-ts1.enc}</usr/local/texlive/2022/texmf-dist/fonts/type1/public/amsfonts/cm/cmbx10.pfb></usr/local/texlive/2022/texmf-dist/fonts/type1/public/amsfonts/cm/cmbx12.pfb></usr/local/texlive/2022/texmf-dist/fonts/type1/public/amsfonts/cm/cmex10.pfb></usr/local/texlive/2022/texmf-dist/fonts/type1/public/amsfonts/cm/cmmi10.pfb></usr/local/texlive/2022/texmf-dist/fonts/type1/public/amsfonts/cm/cmmi7.pfb></usr/local/texlive/2022/texmf-dist/fonts/type1/public/amsfonts/cm/cmr10.pfb></usr/local/texlive/2022/texmf-dist/fonts/type1/public/amsfonts/cm/cmr12.pfb></usr/local/texlive/2022/texmf-dist/fonts/type1/public/amsfonts/cm/cmr17.pfb></usr/local/texlive/2022/texmf-dist/fonts/type1/public/amsfonts/cm/cmr6.pfb></usr/local/texlive/2022/texmf-dist/fonts/type1/public/amsfonts/cm/cmr7.pfb></usr/local/texlive/2022/texmf-dist/fonts/type1/public/amsfonts/cm/cmr8.pfb></usr/local/texlive/2022/texmf-dist/fonts/type1/public/amsfonts/cm/cmr9.pfb></usr/local/texlive/2022/texmf-dist/fonts/type1/public/amsfonts/cm/cmsy10.pfb></usr/local/texlive/2022/texmf-dist/fonts/type1/public/amsfonts/cm/cmti10.pfb></usr/local/texlive/2022/texmf-dist/fonts/type1/public/amsfonts/cm/cmti8.pfb></usr/local/texlive/2022/texmf-dist/fonts/type1/public/amsfonts/cm/cmtt10.pfb></usr/local/texlive/2022/texmf-dist/fonts/type1/public/amsfonts/cm/cmtt8.pfb></usr/local/texlive/2022/texmf-dist/fonts/type1/public/cm-super/sfrm0600.pfb></usr/local/texlive/2022/texmf-dist/fonts/type1/public/cm-super/sfrm0800.pfb>
Output written on /Users/vinicius/Library/CloudStorage/OneDrive-UniversityofIllinois-Urbana/Research/Writing/git/Sesmarias/02.Draft/02.Second_Draft/Sesmarias_Paper.pdf (45 pages, 8312301 bytes).
PDF statistics:
 615 PDF objects out of 1000 (max. 8388607)
 497 compressed objects within 5 object streams
 163 named destinations out of 1000 (max. 500000)
 353 words of extra memory for PDF output out of 10000 (max. 10000000)

