This is pdfTeX, Version 3.141592653-2.6-1.40.24 (TeX Live 2022) (preloaded format=pdflatex 2023.2.8)  15 FEB 2024 10:53
entering extended mode
 restricted \write18 enabled.
 file:line:error style messages enabled.
 %&-line parsing enabled.
**"/Users/vinicius/Library/CloudStorage/OneDrive-UniversityofIllinois-Urbana/Research/Writing/git/Sesmarias/01. Presentations/02. Slides/land_grants_brasil"
(/Users/vinicius/Library/CloudStorage/OneDrive-UniversityofIllinois-Urbana/Research/Writing/git/Sesmarias/01. Presentations/02. Slides/land_grants_brasil.tex
LaTeX2e <2022-11-01> patch level 1
L3 programming layer <2023-02-07> (/usr/local/texlive/2022/texmf-dist/tex/latex/beamer/beamer.cls
Document Class: beamer 2022/09/13 v3.68 A class for typesetting presentations
(/usr/local/texlive/2022/texmf-dist/tex/latex/beamer/beamerbasemodes.sty (/usr/local/texlive/2022/texmf-dist/tex/latex/etoolbox/etoolbox.sty
Package: etoolbox 2020/10/05 v2.5k e-TeX tools for LaTeX (JAW)
\etb@tempcnta=\count185
)
\beamer@tempbox=\box51
\beamer@tempcount=\count186
\c@beamerpauses=\count187
 (/usr/local/texlive/2022/texmf-dist/tex/latex/beamer/beamerbasedecode.sty
\beamer@slideinframe=\count188
\beamer@minimum=\count189
\beamer@decode@box=\box52
)
\beamer@commentbox=\box53
\beamer@modecount=\count190
) (/usr/local/texlive/2022/texmf-dist/tex/generic/iftex/iftex.sty
Package: iftex 2022/02/03 v1.0f TeX engine tests
)
\headdp=\dimen140
\footheight=\dimen141
\sidebarheight=\dimen142
\beamer@tempdim=\dimen143
\beamer@finalheight=\dimen144
\beamer@animht=\dimen145
\beamer@animdp=\dimen146
\beamer@animwd=\dimen147
\beamer@leftmargin=\dimen148
\beamer@rightmargin=\dimen149
\beamer@leftsidebar=\dimen150
\beamer@rightsidebar=\dimen151
\beamer@boxsize=\dimen152
\beamer@vboxoffset=\dimen153
\beamer@descdefault=\dimen154
\beamer@descriptionwidth=\dimen155
\beamer@lastskip=\skip48
\beamer@areabox=\box54
\beamer@animcurrent=\box55
\beamer@animshowbox=\box56
\beamer@sectionbox=\box57
\beamer@logobox=\box58
\beamer@linebox=\box59
\beamer@sectioncount=\count191
\beamer@subsubsectionmax=\count192
\beamer@subsectionmax=\count193
\beamer@sectionmax=\count194
\beamer@totalheads=\count195
\beamer@headcounter=\count196
\beamer@partstartpage=\count197
\beamer@sectionstartpage=\count198
\beamer@subsectionstartpage=\count199
\beamer@animationtempa=\count266
\beamer@animationtempb=\count267
\beamer@xpos=\count268
\beamer@ypos=\count269
\beamer@ypos@offset=\count270
\beamer@showpartnumber=\count271
\beamer@currentsubsection=\count272
\beamer@coveringdepth=\count273
\beamer@sectionadjust=\count274
\beamer@toclastsection=\count275
\beamer@tocsectionnumber=\count276
 (/usr/local/texlive/2022/texmf-dist/tex/latex/beamer/beamerbaseoptions.sty (/usr/local/texlive/2022/texmf-dist/tex/latex/graphics/keyval.sty
Package: keyval 2022/05/29 v1.15 key=value parser (DPC)
\KV@toks@=\toks16
))
\beamer@paperwidth=\skip49
\beamer@paperheight=\skip50
 (/usr/local/texlive/2022/texmf-dist/tex/latex/geometry/geometry.sty
Package: geometry 2020/01/02 v5.9 Page Geometry
 (/usr/local/texlive/2022/texmf-dist/tex/generic/iftex/ifvtex.sty
Package: ifvtex 2019/10/25 v1.7 ifvtex legacy package. Use iftex instead.
)
\Gm@cnth=\count277
\Gm@cntv=\count278
\c@Gm@tempcnt=\count279
\Gm@bindingoffset=\dimen156
\Gm@wd@mp=\dimen157
\Gm@odd@mp=\dimen158
\Gm@even@mp=\dimen159
\Gm@layoutwidth=\dimen160
\Gm@layoutheight=\dimen161
\Gm@layouthoffset=\dimen162
\Gm@layoutvoffset=\dimen163
\Gm@dimlist=\toks17
) (/usr/local/texlive/2022/texmf-dist/tex/latex/pgf/math/pgfmath.sty (/usr/local/texlive/2022/texmf-dist/tex/latex/pgf/utilities/pgfrcs.sty (/usr/local/texlive/2022/texmf-dist/tex/generic/pgf/utilities/pgfutil-common.tex
\pgfutil@everybye=\toks18
\pgfutil@tempdima=\dimen164
\pgfutil@tempdimb=\dimen165
) (/usr/local/texlive/2022/texmf-dist/tex/generic/pgf/utilities/pgfutil-latex.def
\pgfutil@abb=\box60
) (/usr/local/texlive/2022/texmf-dist/tex/generic/pgf/utilities/pgfrcs.code.tex (/usr/local/texlive/2022/texmf-dist/tex/generic/pgf/pgf.revision.tex)
Package: pgfrcs 2023-01-15 v3.1.10 (3.1.10)
)) (/usr/local/texlive/2022/texmf-dist/tex/latex/pgf/utilities/pgfkeys.sty (/usr/local/texlive/2022/texmf-dist/tex/generic/pgf/utilities/pgfkeys.code.tex
\pgfkeys@pathtoks=\toks19
\pgfkeys@temptoks=\toks20
 (/usr/local/texlive/2022/texmf-dist/tex/generic/pgf/utilities/pgfkeyslibraryfiltered.code.tex
\pgfkeys@tmptoks=\toks21
))) (/usr/local/texlive/2022/texmf-dist/tex/generic/pgf/math/pgfmath.code.tex (/usr/local/texlive/2022/texmf-dist/tex/generic/pgf/math/pgfmathutil.code.tex
\pgf@x=\dimen166
\pgf@xa=\dimen167
\pgf@xb=\dimen168
\pgf@xc=\dimen169
\pgf@y=\dimen170
\pgf@ya=\dimen171
\pgf@yb=\dimen172
\pgf@yc=\dimen173
\c@pgf@counta=\count280
\c@pgf@countb=\count281
\c@pgf@countc=\count282
\c@pgf@countd=\count283
) (/usr/local/texlive/2022/texmf-dist/tex/generic/pgf/math/pgfmathparser.code.tex
\pgfmath@dimen=\dimen174
\pgfmath@count=\count284
\pgfmath@box=\box61
\pgfmath@toks=\toks22
\pgfmath@stack@operand=\toks23
\pgfmath@stack@operation=\toks24
) (/usr/local/texlive/2022/texmf-dist/tex/generic/pgf/math/pgfmathfunctions.code.tex) (/usr/local/texlive/2022/texmf-dist/tex/generic/pgf/math/pgfmathfunctions.basic.code.tex) (/usr/local/texlive/2022/texmf-dist/tex/generic/pgf/math/pgfmathfunctions.trigonometric.code.tex) (/usr/local/texlive/2022/texmf-dist/tex/generic/pgf/math/pgfmathfunctions.random.code.tex) (/usr/local/texlive/2022/texmf-dist/tex/generic/pgf/math/pgfmathfunctions.comparison.code.tex) (/usr/local/texlive/2022/texmf-dist/tex/generic/pgf/math/pgfmathfunctions.base.code.tex) (/usr/local/texlive/2022/texmf-dist/tex/generic/pgf/math/pgfmathfunctions.round.code.tex) (/usr/local/texlive/2022/texmf-dist/tex/generic/pgf/math/pgfmathfunctions.misc.code.tex) (/usr/local/texlive/2022/texmf-dist/tex/generic/pgf/math/pgfmathfunctions.integerarithmetics.code.tex) (/usr/local/texlive/2022/texmf-dist/tex/generic/pgf/math/pgfmathcalc.code.tex) (/usr/local/texlive/2022/texmf-dist/tex/generic/pgf/math/pgfmathfloat.code.tex
\c@pgfmathroundto@lastzeros=\count285
))) (/usr/local/texlive/2022/texmf-dist/tex/latex/base/size11.clo
File: size11.clo 2022/07/02 v1.4n Standard LaTeX file (size option)
) (/usr/local/texlive/2022/texmf-dist/tex/latex/pgf/basiclayer/pgfcore.sty (/usr/local/texlive/2022/texmf-dist/tex/latex/graphics/graphicx.sty
Package: graphicx 2021/09/16 v1.2d Enhanced LaTeX Graphics (DPC,SPQR)
 (/usr/local/texlive/2022/texmf-dist/tex/latex/graphics/graphics.sty
Package: graphics 2022/03/10 v1.4e Standard LaTeX Graphics (DPC,SPQR)
 (/usr/local/texlive/2022/texmf-dist/tex/latex/graphics/trig.sty
Package: trig 2021/08/11 v1.11 sin cos tan (DPC)
) (/usr/local/texlive/2022/texmf-dist/tex/latex/graphics-cfg/graphics.cfg
File: graphics.cfg 2016/06/04 v1.11 sample graphics configuration
)
Package graphics Info: Driver file: pdftex.def on input line 107.
 (/usr/local/texlive/2022/texmf-dist/tex/latex/graphics-def/pdftex.def
File: pdftex.def 2022/09/22 v1.2b Graphics/color driver for pdftex
))
\Gin@req@height=\dimen175
\Gin@req@width=\dimen176
) (/usr/local/texlive/2022/texmf-dist/tex/latex/pgf/systemlayer/pgfsys.sty (/usr/local/texlive/2022/texmf-dist/tex/generic/pgf/systemlayer/pgfsys.code.tex
Package: pgfsys 2023-01-15 v3.1.10 (3.1.10)
\pgf@x=\dimen177
\pgf@y=\dimen178
\pgf@xa=\dimen179
\pgf@ya=\dimen180
\pgf@xb=\dimen181
\pgf@yb=\dimen182
\pgf@xc=\dimen183
\pgf@yc=\dimen184
\pgf@xd=\dimen185
\pgf@yd=\dimen186
\w@pgf@writea=\write3
\r@pgf@reada=\read2
\c@pgf@counta=\count286
\c@pgf@countb=\count287
\c@pgf@countc=\count288
\c@pgf@countd=\count289
\t@pgf@toka=\toks25
\t@pgf@tokb=\toks26
\t@pgf@tokc=\toks27
\pgf@sys@id@count=\count290
 (/usr/local/texlive/2022/texmf-dist/tex/generic/pgf/systemlayer/pgf.cfg
File: pgf.cfg 2023-01-15 v3.1.10 (3.1.10)
)
Driver file for pgf: pgfsys-pdftex.def
 (/usr/local/texlive/2022/texmf-dist/tex/generic/pgf/systemlayer/pgfsys-pdftex.def
File: pgfsys-pdftex.def 2023-01-15 v3.1.10 (3.1.10)
 (/usr/local/texlive/2022/texmf-dist/tex/generic/pgf/systemlayer/pgfsys-common-pdf.def
File: pgfsys-common-pdf.def 2023-01-15 v3.1.10 (3.1.10)
))) (/usr/local/texlive/2022/texmf-dist/tex/generic/pgf/systemlayer/pgfsyssoftpath.code.tex
File: pgfsyssoftpath.code.tex 2023-01-15 v3.1.10 (3.1.10)
\pgfsyssoftpath@smallbuffer@items=\count291
\pgfsyssoftpath@bigbuffer@items=\count292
) (/usr/local/texlive/2022/texmf-dist/tex/generic/pgf/systemlayer/pgfsysprotocol.code.tex
File: pgfsysprotocol.code.tex 2023-01-15 v3.1.10 (3.1.10)
)) (/usr/local/texlive/2022/texmf-dist/tex/latex/xcolor/xcolor.sty
Package: xcolor 2022/06/12 v2.14 LaTeX color extensions (UK)
 (/usr/local/texlive/2022/texmf-dist/tex/latex/graphics-cfg/color.cfg
File: color.cfg 2016/01/02 v1.6 sample color configuration
)
Package xcolor Info: Driver file: pdftex.def on input line 227.
 (/usr/local/texlive/2022/texmf-dist/tex/latex/graphics/mathcolor.ltx)
Package xcolor Info: Model `cmy' substituted by `cmy0' on input line 1353.
Package xcolor Info: Model `hsb' substituted by `rgb' on input line 1357.
Package xcolor Info: Model `RGB' extended on input line 1369.
Package xcolor Info: Model `HTML' substituted by `rgb' on input line 1371.
Package xcolor Info: Model `Hsb' substituted by `hsb' on input line 1372.
Package xcolor Info: Model `tHsb' substituted by `hsb' on input line 1373.
Package xcolor Info: Model `HSB' substituted by `hsb' on input line 1374.
Package xcolor Info: Model `Gray' substituted by `gray' on input line 1375.
Package xcolor Info: Model `wave' substituted by `hsb' on input line 1376.
) (/usr/local/texlive/2022/texmf-dist/tex/generic/pgf/basiclayer/pgfcore.code.tex
Package: pgfcore 2023-01-15 v3.1.10 (3.1.10)
 (/usr/local/texlive/2022/texmf-dist/tex/generic/pgf/math/pgfint.code.tex) (/usr/local/texlive/2022/texmf-dist/tex/generic/pgf/basiclayer/pgfcorepoints.code.tex
File: pgfcorepoints.code.tex 2023-01-15 v3.1.10 (3.1.10)
\pgf@picminx=\dimen187
\pgf@picmaxx=\dimen188
\pgf@picminy=\dimen189
\pgf@picmaxy=\dimen190
\pgf@pathminx=\dimen191
\pgf@pathmaxx=\dimen192
\pgf@pathminy=\dimen193
\pgf@pathmaxy=\dimen194
\pgf@xx=\dimen195
\pgf@xy=\dimen196
\pgf@yx=\dimen197
\pgf@yy=\dimen198
\pgf@zx=\dimen199
\pgf@zy=\dimen256
) (/usr/local/texlive/2022/texmf-dist/tex/generic/pgf/basiclayer/pgfcorepathconstruct.code.tex
File: pgfcorepathconstruct.code.tex 2023-01-15 v3.1.10 (3.1.10)
\pgf@path@lastx=\dimen257
\pgf@path@lasty=\dimen258
) (/usr/local/texlive/2022/texmf-dist/tex/generic/pgf/basiclayer/pgfcorepathusage.code.tex
File: pgfcorepathusage.code.tex 2023-01-15 v3.1.10 (3.1.10)
\pgf@shorten@end@additional=\dimen259
\pgf@shorten@start@additional=\dimen260
) (/usr/local/texlive/2022/texmf-dist/tex/generic/pgf/basiclayer/pgfcorescopes.code.tex
File: pgfcorescopes.code.tex 2023-01-15 v3.1.10 (3.1.10)
\pgfpic=\box62
\pgf@hbox=\box63
\pgf@layerbox@main=\box64
\pgf@picture@serial@count=\count293
) (/usr/local/texlive/2022/texmf-dist/tex/generic/pgf/basiclayer/pgfcoregraphicstate.code.tex
File: pgfcoregraphicstate.code.tex 2023-01-15 v3.1.10 (3.1.10)
\pgflinewidth=\dimen261
) (/usr/local/texlive/2022/texmf-dist/tex/generic/pgf/basiclayer/pgfcoretransformations.code.tex
File: pgfcoretransformations.code.tex 2023-01-15 v3.1.10 (3.1.10)
\pgf@pt@x=\dimen262
\pgf@pt@y=\dimen263
\pgf@pt@temp=\dimen264
) (/usr/local/texlive/2022/texmf-dist/tex/generic/pgf/basiclayer/pgfcorequick.code.tex
File: pgfcorequick.code.tex 2023-01-15 v3.1.10 (3.1.10)
) (/usr/local/texlive/2022/texmf-dist/tex/generic/pgf/basiclayer/pgfcoreobjects.code.tex
File: pgfcoreobjects.code.tex 2023-01-15 v3.1.10 (3.1.10)
) (/usr/local/texlive/2022/texmf-dist/tex/generic/pgf/basiclayer/pgfcorepathprocessing.code.tex
File: pgfcorepathprocessing.code.tex 2023-01-15 v3.1.10 (3.1.10)
) (/usr/local/texlive/2022/texmf-dist/tex/generic/pgf/basiclayer/pgfcorearrows.code.tex
File: pgfcorearrows.code.tex 2023-01-15 v3.1.10 (3.1.10)
\pgfarrowsep=\dimen265
) (/usr/local/texlive/2022/texmf-dist/tex/generic/pgf/basiclayer/pgfcoreshade.code.tex
File: pgfcoreshade.code.tex 2023-01-15 v3.1.10 (3.1.10)
\pgf@max=\dimen266
\pgf@sys@shading@range@num=\count294
\pgf@shadingcount=\count295
) (/usr/local/texlive/2022/texmf-dist/tex/generic/pgf/basiclayer/pgfcoreimage.code.tex
File: pgfcoreimage.code.tex 2023-01-15 v3.1.10 (3.1.10)
) (/usr/local/texlive/2022/texmf-dist/tex/generic/pgf/basiclayer/pgfcoreexternal.code.tex
File: pgfcoreexternal.code.tex 2023-01-15 v3.1.10 (3.1.10)
\pgfexternal@startupbox=\box65
) (/usr/local/texlive/2022/texmf-dist/tex/generic/pgf/basiclayer/pgfcorelayers.code.tex
File: pgfcorelayers.code.tex 2023-01-15 v3.1.10 (3.1.10)
) (/usr/local/texlive/2022/texmf-dist/tex/generic/pgf/basiclayer/pgfcoretransparency.code.tex
File: pgfcoretransparency.code.tex 2023-01-15 v3.1.10 (3.1.10)
) (/usr/local/texlive/2022/texmf-dist/tex/generic/pgf/basiclayer/pgfcorepatterns.code.tex
File: pgfcorepatterns.code.tex 2023-01-15 v3.1.10 (3.1.10)
) (/usr/local/texlive/2022/texmf-dist/tex/generic/pgf/basiclayer/pgfcorerdf.code.tex
File: pgfcorerdf.code.tex 2023-01-15 v3.1.10 (3.1.10)
))) (/usr/local/texlive/2022/texmf-dist/tex/latex/pgf/utilities/xxcolor.sty
Package: xxcolor 2003/10/24 ver 0.1
\XC@nummixins=\count296
\XC@countmixins=\count297
) (/usr/local/texlive/2022/texmf-dist/tex/latex/base/atbegshi-ltx.sty
Package: atbegshi-ltx 2021/01/10 v1.0c Emulation of the original atbegshi
package with kernel methods
) (/usr/local/texlive/2022/texmf-dist/tex/latex/hyperref/hyperref.sty
Package: hyperref 2022-11-13 v7.00u Hypertext links for LaTeX
 (/usr/local/texlive/2022/texmf-dist/tex/generic/ltxcmds/ltxcmds.sty
Package: ltxcmds 2020-05-10 v1.25 LaTeX kernel commands for general use (HO)
) (/usr/local/texlive/2022/texmf-dist/tex/generic/pdftexcmds/pdftexcmds.sty
Package: pdftexcmds 2020-06-27 v0.33 Utility functions of pdfTeX for LuaTeX (HO)
 (/usr/local/texlive/2022/texmf-dist/tex/generic/infwarerr/infwarerr.sty
Package: infwarerr 2019/12/03 v1.5 Providing info/warning/error messages (HO)
)
Package pdftexcmds Info: \pdf@primitive is available.
Package pdftexcmds Info: \pdf@ifprimitive is available.
Package pdftexcmds Info: \pdfdraftmode found.
) (/usr/local/texlive/2022/texmf-dist/tex/latex/kvsetkeys/kvsetkeys.sty
Package: kvsetkeys 2022-10-05 v1.19 Key value parser (HO)
) (/usr/local/texlive/2022/texmf-dist/tex/generic/kvdefinekeys/kvdefinekeys.sty
Package: kvdefinekeys 2019-12-19 v1.6 Define keys (HO)
) (/usr/local/texlive/2022/texmf-dist/tex/generic/pdfescape/pdfescape.sty
Package: pdfescape 2019/12/09 v1.15 Implements pdfTeX's escape features (HO)
) (/usr/local/texlive/2022/texmf-dist/tex/latex/hycolor/hycolor.sty
Package: hycolor 2020-01-27 v1.10 Color options for hyperref/bookmark (HO)
) (/usr/local/texlive/2022/texmf-dist/tex/latex/letltxmacro/letltxmacro.sty
Package: letltxmacro 2019/12/03 v1.6 Let assignment for LaTeX macros (HO)
) (/usr/local/texlive/2022/texmf-dist/tex/latex/auxhook/auxhook.sty
Package: auxhook 2019-12-17 v1.6 Hooks for auxiliary files (HO)
) (/usr/local/texlive/2022/texmf-dist/tex/latex/hyperref/nameref.sty
Package: nameref 2022-05-17 v2.50 Cross-referencing by name of section
 (/usr/local/texlive/2022/texmf-dist/tex/latex/refcount/refcount.sty
Package: refcount 2019/12/15 v3.6 Data extraction from label references (HO)
) (/usr/local/texlive/2022/texmf-dist/tex/generic/gettitlestring/gettitlestring.sty
Package: gettitlestring 2019/12/15 v1.6 Cleanup title references (HO)
 (/usr/local/texlive/2022/texmf-dist/tex/latex/kvoptions/kvoptions.sty
Package: kvoptions 2022-06-15 v3.15 Key value format for package options (HO)
))
\c@section@level=\count298
)
\@linkdim=\dimen267
\Hy@linkcounter=\count299
\Hy@pagecounter=\count300
 (/usr/local/texlive/2022/texmf-dist/tex/latex/hyperref/pd1enc.def
File: pd1enc.def 2022-11-13 v7.00u Hyperref: PDFDocEncoding definition (HO)
Now handling font encoding PD1 ...
... no UTF-8 mapping file for font encoding PD1
) (/usr/local/texlive/2022/texmf-dist/tex/generic/intcalc/intcalc.sty
Package: intcalc 2019/12/15 v1.3 Expandable calculations with integers (HO)
) (/usr/local/texlive/2022/texmf-dist/tex/generic/etexcmds/etexcmds.sty
Package: etexcmds 2019/12/15 v1.7 Avoid name clashes with e-TeX commands (HO)
)
\Hy@SavedSpaceFactor=\count301
 (/usr/local/texlive/2022/texmf-dist/tex/latex/hyperref/puenc.def
File: puenc.def 2022-11-13 v7.00u Hyperref: PDF Unicode definition (HO)
Now handling font encoding PU ...
... no UTF-8 mapping file for font encoding PU
)
Package hyperref Info: Option `bookmarks' set `true' on input line 4045.
Package hyperref Info: Option `bookmarksopen' set `true' on input line 4045.
Package hyperref Info: Option `implicit' set `false' on input line 4045.
Package hyperref Info: Hyper figures OFF on input line 4162.
Package hyperref Info: Link nesting OFF on input line 4167.
Package hyperref Info: Hyper index ON on input line 4170.
Package hyperref Info: Plain pages OFF on input line 4177.
Package hyperref Info: Backreferencing OFF on input line 4182.
Package hyperref Info: Implicit mode OFF; no redefinition of LaTeX internals.
Package hyperref Info: Bookmarks ON on input line 4410.
\c@Hy@tempcnt=\count302
 (/usr/local/texlive/2022/texmf-dist/tex/latex/url/url.sty
\Urlmuskip=\muskip16
Package: url 2013/09/16  ver 3.4  Verb mode for urls, etc.
)
LaTeX Info: Redefining \url on input line 4748.
\XeTeXLinkMargin=\dimen268
 (/usr/local/texlive/2022/texmf-dist/tex/generic/bitset/bitset.sty
Package: bitset 2019/12/09 v1.3 Handle bit-vector datatype (HO)
 (/usr/local/texlive/2022/texmf-dist/tex/generic/bigintcalc/bigintcalc.sty
Package: bigintcalc 2019/12/15 v1.5 Expandable calculations on big integers (HO)
))
\Fld@menulength=\count303
\Field@Width=\dimen269
\Fld@charsize=\dimen270
Package hyperref Info: Hyper figures OFF on input line 6027.
Package hyperref Info: Link nesting OFF on input line 6032.
Package hyperref Info: Hyper index ON on input line 6035.
Package hyperref Info: backreferencing OFF on input line 6042.
Package hyperref Info: Link coloring OFF on input line 6047.
Package hyperref Info: Link coloring with OCG OFF on input line 6052.
Package hyperref Info: PDF/A mode OFF on input line 6057.
\Hy@abspage=\count304


Package hyperref Message: Stopped early.

)
Package hyperref Info: Driver (autodetected): hpdftex.
 (/usr/local/texlive/2022/texmf-dist/tex/latex/hyperref/hpdftex.def
File: hpdftex.def 2022-11-13 v7.00u Hyperref driver for pdfTeX
 (/usr/local/texlive/2022/texmf-dist/tex/latex/base/atveryend-ltx.sty
Package: atveryend-ltx 2020/08/19 v1.0a Emulation of the original atveryend package
with kernel methods
)
\Fld@listcount=\count305
\c@bookmark@seq@number=\count306
 (/usr/local/texlive/2022/texmf-dist/tex/latex/rerunfilecheck/rerunfilecheck.sty
Package: rerunfilecheck 2022-07-10 v1.10 Rerun checks for auxiliary files (HO)
 (/usr/local/texlive/2022/texmf-dist/tex/generic/uniquecounter/uniquecounter.sty
Package: uniquecounter 2019/12/15 v1.4 Provide unlimited unique counter (HO)
)
Package uniquecounter Info: New unique counter `rerunfilecheck' on input line 285.
)) (/usr/local/texlive/2022/texmf-dist/tex/latex/beamer/beamerbaserequires.sty (/usr/local/texlive/2022/texmf-dist/tex/latex/beamer/beamerbasecompatibility.sty) (/usr/local/texlive/2022/texmf-dist/tex/latex/beamer/beamerbasefont.sty (/usr/local/texlive/2022/texmf-dist/tex/latex/amsfonts/amssymb.sty
Package: amssymb 2013/01/14 v3.01 AMS font symbols
 (/usr/local/texlive/2022/texmf-dist/tex/latex/amsfonts/amsfonts.sty
Package: amsfonts 2013/01/14 v3.01 Basic AMSFonts support
\@emptytoks=\toks28
\symAMSa=\mathgroup4
\symAMSb=\mathgroup5
LaTeX Font Info:    Redeclaring math symbol \hbar on input line 98.
LaTeX Font Info:    Overwriting math alphabet `\mathfrak' in version `bold'
(Font)                  U/euf/m/n --> U/euf/b/n on input line 106.
)) (/usr/local/texlive/2022/texmf-dist/tex/latex/sansmathaccent/sansmathaccent.sty
Package: sansmathaccent 2020/01/31
 (/usr/local/texlive/2022/texmf-dist/tex/latex/koma-script/scrlfile.sty
Package: scrlfile 2022/10/12 v3.38 KOMA-Script package (file load hooks)
 (/usr/local/texlive/2022/texmf-dist/tex/latex/koma-script/scrlfile-hook.sty
Package: scrlfile-hook 2022/10/12 v3.38 KOMA-Script package (using LaTeX hooks)
 (/usr/local/texlive/2022/texmf-dist/tex/latex/koma-script/scrlogo.sty
Package: scrlogo 2022/10/12 v3.38 KOMA-Script package (logo)
))))) (/usr/local/texlive/2022/texmf-dist/tex/latex/beamer/beamerbasetranslator.sty (/usr/local/texlive/2022/texmf-dist/tex/latex/translator/translator.sty
Package: translator 2021-05-31 v1.12d Easy translation of strings in LaTeX
)) (/usr/local/texlive/2022/texmf-dist/tex/latex/beamer/beamerbasemisc.sty) (/usr/local/texlive/2022/texmf-dist/tex/latex/beamer/beamerbasetwoscreens.sty) (/usr/local/texlive/2022/texmf-dist/tex/latex/beamer/beamerbaseoverlay.sty
\beamer@argscount=\count307
\beamer@lastskipcover=\skip51
\beamer@trivlistdepth=\count308
) (/usr/local/texlive/2022/texmf-dist/tex/latex/beamer/beamerbasetitle.sty) (/usr/local/texlive/2022/texmf-dist/tex/latex/beamer/beamerbasesection.sty
\c@lecture=\count309
\c@part=\count310
\c@section=\count311
\c@subsection=\count312
\c@subsubsection=\count313
) (/usr/local/texlive/2022/texmf-dist/tex/latex/beamer/beamerbaseframe.sty
\beamer@framebox=\box66
\beamer@frametitlebox=\box67
\beamer@zoombox=\box68
\beamer@zoomcount=\count314
\beamer@zoomframecount=\count315
\beamer@frametextheight=\dimen271
\c@subsectionslide=\count316
\beamer@frametopskip=\skip52
\beamer@framebottomskip=\skip53
\beamer@frametopskipautobreak=\skip54
\beamer@framebottomskipautobreak=\skip55
\beamer@envbody=\toks29
\framewidth=\dimen272
\c@framenumber=\count317
) (/usr/local/texlive/2022/texmf-dist/tex/latex/beamer/beamerbaseverbatim.sty
\beamer@verbatimfileout=\write4
) (/usr/local/texlive/2022/texmf-dist/tex/latex/beamer/beamerbaseframesize.sty
\beamer@splitbox=\box69
\beamer@autobreakcount=\count318
\beamer@autobreaklastheight=\dimen273
\beamer@frametitletoks=\toks30
\beamer@framesubtitletoks=\toks31
) (/usr/local/texlive/2022/texmf-dist/tex/latex/beamer/beamerbaseframecomponents.sty
\beamer@footins=\box70
) (/usr/local/texlive/2022/texmf-dist/tex/latex/beamer/beamerbasecolor.sty) (/usr/local/texlive/2022/texmf-dist/tex/latex/beamer/beamerbasenotes.sty
\beamer@frameboxcopy=\box71
) (/usr/local/texlive/2022/texmf-dist/tex/latex/beamer/beamerbasetoc.sty) (/usr/local/texlive/2022/texmf-dist/tex/latex/beamer/beamerbasetemplates.sty
\beamer@sbttoks=\toks32
 (/usr/local/texlive/2022/texmf-dist/tex/latex/beamer/beamerbaseauxtemplates.sty (/usr/local/texlive/2022/texmf-dist/tex/latex/beamer/beamerbaseboxes.sty
\bmb@box=\box72
\bmb@colorbox=\box73
\bmb@boxwidth=\dimen274
\bmb@boxheight=\dimen275
\bmb@prevheight=\dimen276
\bmb@temp=\dimen277
\bmb@dima=\dimen278
\bmb@dimb=\dimen279
\bmb@prevheight=\dimen280
)
\beamer@blockheadheight=\dimen281
)) (/usr/local/texlive/2022/texmf-dist/tex/latex/beamer/beamerbaselocalstructure.sty (/usr/local/texlive/2022/texmf-dist/tex/latex/tools/enumerate.sty
Package: enumerate 2015/07/23 v3.00 enumerate extensions (DPC)
\@enLab=\toks33
)
\beamer@bibiconwidth=\skip56
\c@figure=\count319
\c@table=\count320
\abovecaptionskip=\skip57
\belowcaptionskip=\skip58
) (/usr/local/texlive/2022/texmf-dist/tex/latex/beamer/beamerbasenavigation.sty
\beamer@section@min@dim=\dimen282
) (/usr/local/texlive/2022/texmf-dist/tex/latex/beamer/beamerbasetheorems.sty (/usr/local/texlive/2022/texmf-dist/tex/latex/amsmath/amsmath.sty
Package: amsmath 2022/04/08 v2.17n AMS math features
\@mathmargin=\skip59

For additional information on amsmath, use the `?' option.
(/usr/local/texlive/2022/texmf-dist/tex/latex/amsmath/amstext.sty
Package: amstext 2021/08/26 v2.01 AMS text
 (/usr/local/texlive/2022/texmf-dist/tex/latex/amsmath/amsgen.sty
File: amsgen.sty 1999/11/30 v2.0 generic functions
\@emptytoks=\toks34
\ex@=\dimen283
)) (/usr/local/texlive/2022/texmf-dist/tex/latex/amsmath/amsbsy.sty
Package: amsbsy 1999/11/29 v1.2d Bold Symbols
\pmbraise@=\dimen284
) (/usr/local/texlive/2022/texmf-dist/tex/latex/amsmath/amsopn.sty
Package: amsopn 2022/04/08 v2.04 operator names
)
\inf@bad=\count321
LaTeX Info: Redefining \frac on input line 234.
\uproot@=\count322
\leftroot@=\count323
LaTeX Info: Redefining \overline on input line 399.
LaTeX Info: Redefining \colon on input line 410.
\classnum@=\count324
\DOTSCASE@=\count325
LaTeX Info: Redefining \ldots on input line 496.
LaTeX Info: Redefining \dots on input line 499.
LaTeX Info: Redefining \cdots on input line 620.
\Mathstrutbox@=\box74
\strutbox@=\box75
LaTeX Info: Redefining \big on input line 722.
LaTeX Info: Redefining \Big on input line 723.
LaTeX Info: Redefining \bigg on input line 724.
LaTeX Info: Redefining \Bigg on input line 725.
\big@size=\dimen285
LaTeX Font Info:    Redeclaring font encoding OML on input line 743.
LaTeX Font Info:    Redeclaring font encoding OMS on input line 744.
\macc@depth=\count326
LaTeX Info: Redefining \bmod on input line 905.
LaTeX Info: Redefining \pmod on input line 910.
LaTeX Info: Redefining \smash on input line 940.
LaTeX Info: Redefining \relbar on input line 970.
LaTeX Info: Redefining \Relbar on input line 971.
\c@MaxMatrixCols=\count327
\dotsspace@=\muskip17
\c@parentequation=\count328
\dspbrk@lvl=\count329
\tag@help=\toks35
\row@=\count330
\column@=\count331
\maxfields@=\count332
\andhelp@=\toks36
\eqnshift@=\dimen286
\alignsep@=\dimen287
\tagshift@=\dimen288
\tagwidth@=\dimen289
\totwidth@=\dimen290
\lineht@=\dimen291
\@envbody=\toks37
\multlinegap=\skip60
\multlinetaggap=\skip61
\mathdisplay@stack=\toks38
LaTeX Info: Redefining \[ on input line 2953.
LaTeX Info: Redefining \] on input line 2954.
) (/usr/local/texlive/2022/texmf-dist/tex/latex/amscls/amsthm.sty
Package: amsthm 2020/05/29 v2.20.6
\thm@style=\toks39
\thm@bodyfont=\toks40
\thm@headfont=\toks41
\thm@notefont=\toks42
\thm@headpunct=\toks43
\thm@preskip=\skip62
\thm@postskip=\skip63
\thm@headsep=\skip64
\dth@everypar=\toks44
)
\c@theorem=\count333
) (/usr/local/texlive/2022/texmf-dist/tex/latex/beamer/beamerbasethemes.sty)) (/usr/local/texlive/2022/texmf-dist/tex/latex/beamer/beamerthemedefault.sty (/usr/local/texlive/2022/texmf-dist/tex/latex/beamer/beamerfontthemedefault.sty) (/usr/local/texlive/2022/texmf-dist/tex/latex/beamer/beamercolorthemedefault.sty) (/usr/local/texlive/2022/texmf-dist/tex/latex/beamer/beamerinnerthemedefault.sty
\beamer@dima=\dimen292
\beamer@dimb=\dimen293
) (/usr/local/texlive/2022/texmf-dist/tex/latex/beamer/beamerouterthemedefault.sty))) (/usr/local/texlive/2022/texmf-dist/tex/latex/booktabs/booktabs.sty
Package: booktabs 2020/01/12 v1.61803398 Publication quality tables
\heavyrulewidth=\dimen294
\lightrulewidth=\dimen295
\cmidrulewidth=\dimen296
\belowrulesep=\dimen297
\belowbottomsep=\dimen298
\aboverulesep=\dimen299
\abovetopsep=\dimen300
\cmidrulesep=\dimen301
\cmidrulekern=\dimen302
\defaultaddspace=\dimen303
\@cmidla=\count334
\@cmidlb=\count335
\@aboverulesep=\dimen304
\@belowrulesep=\dimen305
\@thisruleclass=\count336
\@lastruleclass=\count337
\@thisrulewidth=\dimen306
) (/usr/local/texlive/2022/texmf-dist/tex/latex/siunitx/siunitx.sty
Package: siunitx 2023-01-03 v3.2.0 A comprehensive (SI) units package
\l__siunitx_angle_tmp_dim=\dimen307
\l__siunitx_angle_marker_box=\box76
\l__siunitx_angle_unit_box=\box77
\l__siunitx_compound_count_int=\count338
 (/usr/local/texlive/2022/texmf-dist/tex/latex/translations/translations.sty
Package: translations 2022/02/05 v1.12 internationalization of LaTeX2e packages (CN)
)
\l__siunitx_number_exponent_fixed_int=\count339
\l__siunitx_number_min_decimal_int=\count340
\l__siunitx_number_min_integer_int=\count341
\l__siunitx_number_round_precision_int=\count342
\l__siunitx_number_lower_threshold_int=\count343
\l__siunitx_number_upper_threshold_int=\count344
\l__siunitx_number_group_first_int=\count345
\l__siunitx_number_group_size_int=\count346
\l__siunitx_number_group_minimum_int=\count347
\l__siunitx_table_tmp_box=\box78
\l__siunitx_table_tmp_dim=\dimen308
\l__siunitx_table_column_width_dim=\dimen309
\l__siunitx_table_integer_box=\box79
\l__siunitx_table_decimal_box=\box80
\l__siunitx_table_uncert_box=\box81
\l__siunitx_table_before_box=\box82
\l__siunitx_table_after_box=\box83
\l__siunitx_table_before_dim=\dimen310
\l__siunitx_table_carry_dim=\dimen311
\l__siunitx_unit_tmp_int=\count348
\l__siunitx_unit_position_int=\count349
\l__siunitx_unit_total_int=\count350
 (/usr/local/texlive/2022/texmf-dist/tex/latex/tools/array.sty
Package: array 2022/09/04 v2.5g Tabular extension package (FMi)
\col@sep=\dimen312
\ar@mcellbox=\box84
\extrarowheight=\dimen313
\NC@list=\toks45
\extratabsurround=\skip65
\backup@length=\skip66
\ar@cellbox=\box85
)) (/usr/local/texlive/2022/texmf-dist/tex/latex/tools/dcolumn.sty
Package: dcolumn 2014/10/28 v1.06 decimal alignment package (DPC)
) (/usr/local/texlive/2022/texmf-dist/tex/latex/float/float.sty
Package: float 2001/11/08 v1.3d Float enhancements (AL)
\c@float@type=\count351
\float@exts=\toks46
\float@box=\box86
\@float@everytoks=\toks47
\@floatcapt=\box87
) (/usr/local/texlive/2022/texmf-dist/tex/latex/placeins/placeins.sty
Package: placeins 2005/04/18  v 2.2
) (/usr/local/texlive/2022/texmf-dist/tex/latex/graphics/lscape.sty
Package: lscape 2020/05/28 v3.02 Landscape Pages (DPC)
) (/usr/local/texlive/2022/texmf-dist/tex/latex/pgf/frontendlayer/tikz.sty (/usr/local/texlive/2022/texmf-dist/tex/latex/pgf/basiclayer/pgf.sty
Package: pgf 2023-01-15 v3.1.10 (3.1.10)
 (/usr/local/texlive/2022/texmf-dist/tex/generic/pgf/modules/pgfmoduleshapes.code.tex
File: pgfmoduleshapes.code.tex 2023-01-15 v3.1.10 (3.1.10)
\pgfnodeparttextbox=\box88
) (/usr/local/texlive/2022/texmf-dist/tex/generic/pgf/modules/pgfmoduleplot.code.tex
File: pgfmoduleplot.code.tex 2023-01-15 v3.1.10 (3.1.10)
) (/usr/local/texlive/2022/texmf-dist/tex/latex/pgf/compatibility/pgfcomp-version-0-65.sty
Package: pgfcomp-version-0-65 2023-01-15 v3.1.10 (3.1.10)
\pgf@nodesepstart=\dimen314
\pgf@nodesepend=\dimen315
) (/usr/local/texlive/2022/texmf-dist/tex/latex/pgf/compatibility/pgfcomp-version-1-18.sty
Package: pgfcomp-version-1-18 2023-01-15 v3.1.10 (3.1.10)
)) (/usr/local/texlive/2022/texmf-dist/tex/latex/pgf/utilities/pgffor.sty (/usr/local/texlive/2022/texmf-dist/tex/generic/pgf/utilities/pgffor.code.tex
Package: pgffor 2023-01-15 v3.1.10 (3.1.10)
\pgffor@iter=\dimen316
\pgffor@skip=\dimen317
\pgffor@stack=\toks48
\pgffor@toks=\toks49
)) (/usr/local/texlive/2022/texmf-dist/tex/generic/pgf/frontendlayer/tikz/tikz.code.tex
Package: tikz 2023-01-15 v3.1.10 (3.1.10)
 (/usr/local/texlive/2022/texmf-dist/tex/generic/pgf/libraries/pgflibraryplothandlers.code.tex
File: pgflibraryplothandlers.code.tex 2023-01-15 v3.1.10 (3.1.10)
\pgf@plot@mark@count=\count352
\pgfplotmarksize=\dimen318
)
\tikz@lastx=\dimen319
\tikz@lasty=\dimen320
\tikz@lastxsaved=\dimen321
\tikz@lastysaved=\dimen322
\tikz@lastmovetox=\dimen323
\tikz@lastmovetoy=\dimen324
\tikzleveldistance=\dimen325
\tikzsiblingdistance=\dimen326
\tikz@figbox=\box89
\tikz@figbox@bg=\box90
\tikz@tempbox=\box91
\tikz@tempbox@bg=\box92
\tikztreelevel=\count353
\tikznumberofchildren=\count354
\tikznumberofcurrentchild=\count355
\tikz@fig@count=\count356
 (/usr/local/texlive/2022/texmf-dist/tex/generic/pgf/modules/pgfmodulematrix.code.tex
File: pgfmodulematrix.code.tex 2023-01-15 v3.1.10 (3.1.10)
\pgfmatrixcurrentrow=\count357
\pgfmatrixcurrentcolumn=\count358
\pgf@matrix@numberofcolumns=\count359
)
\tikz@expandcount=\count360
 (/usr/local/texlive/2022/texmf-dist/tex/generic/pgf/frontendlayer/tikz/libraries/tikzlibrarytopaths.code.tex
File: tikzlibrarytopaths.code.tex 2023-01-15 v3.1.10 (3.1.10)
))) (/usr/local/texlive/2022/texmf-dist/tex/latex/adjustbox/adjustbox.sty
Package: adjustbox 2022/10/17 v1.3a Adjusting TeX boxes (trim, clip, ...)
 (/usr/local/texlive/2022/texmf-dist/tex/latex/xkeyval/xkeyval.sty
Package: xkeyval 2022/06/16 v2.9 package option processing (HA)
 (/usr/local/texlive/2022/texmf-dist/tex/generic/xkeyval/xkeyval.tex (/usr/local/texlive/2022/texmf-dist/tex/generic/xkeyval/xkvutils.tex
\XKV@toks=\toks50
\XKV@tempa@toks=\toks51
)
\XKV@depth=\count361
File: xkeyval.tex 2014/12/03 v2.7a key=value parser (HA)
)) (/usr/local/texlive/2022/texmf-dist/tex/latex/adjustbox/adjcalc.sty
Package: adjcalc 2012/05/16 v1.1 Provides advanced setlength with multiple back-ends (calc, etex, pgfmath)
) (/usr/local/texlive/2022/texmf-dist/tex/latex/adjustbox/trimclip.sty
Package: trimclip 2020/08/19 v1.2 Trim and clip general TeX material
 (/usr/local/texlive/2022/texmf-dist/tex/latex/collectbox/collectbox.sty
Package: collectbox 2022/10/17 v0.4c Collect macro arguments as boxes
\collectedbox=\box93
)
\tc@llx=\dimen327
\tc@lly=\dimen328
\tc@urx=\dimen329
\tc@ury=\dimen330
Package trimclip Info: Using driver 'tc-pdftex.def'.
 (/usr/local/texlive/2022/texmf-dist/tex/latex/adjustbox/tc-pdftex.def
File: tc-pdftex.def 2019/01/04 v2.2 Clipping driver for pdftex
))
\adjbox@Width=\dimen331
\adjbox@Height=\dimen332
\adjbox@Depth=\dimen333
\adjbox@Totalheight=\dimen334
\adjbox@pwidth=\dimen335
\adjbox@pheight=\dimen336
\adjbox@pdepth=\dimen337
\adjbox@ptotalheight=\dimen338
 (/usr/local/texlive/2022/texmf-dist/tex/latex/ifoddpage/ifoddpage.sty
Package: ifoddpage 2022/10/18 v1.2 Conditionals for odd/even page detection
\c@checkoddpage=\count362
) (/usr/local/texlive/2022/texmf-dist/tex/latex/varwidth/varwidth.sty
Package: varwidth 2009/03/30 ver 0.92;  Variable-width minipages
\@vwid@box=\box94
\sift@deathcycles=\count363
\@vwid@loff=\dimen339
\@vwid@roff=\dimen340
)) (/usr/local/texlive/2022/texmf-dist/tex/latex/ragged2e/ragged2e.sty
Package: ragged2e 2022/11/13 v3.2 ragged2e Package
\CenteringLeftskip=\skip67
\RaggedLeftLeftskip=\skip68
\RaggedRightLeftskip=\skip69
\CenteringRightskip=\skip70
\RaggedLeftRightskip=\skip71
\RaggedRightRightskip=\skip72
\CenteringParfillskip=\skip73
\RaggedLeftParfillskip=\skip74
\RaggedRightParfillskip=\skip75
\JustifyingParfillskip=\skip76
\CenteringParindent=\skip77
\RaggedLeftParindent=\skip78
\RaggedRightParindent=\skip79
\JustifyingParindent=\skip80
) (/usr/local/texlive/2022/texmf-dist/tex/latex/outlines/outlines.sty
Package: outlines 2012/1/23 1.1 Ch. Pecheur
 (/usr/local/texlive/2022/texmf-dist/tex/latex/base/ifthen.sty
Package: ifthen 2022/04/13 v1.1d Standard LaTeX ifthen package (DPC)
)) (/usr/local/texlive/2022/texmf-dist/tex/latex/tools/longtable.sty
Package: longtable 2021-09-01 v4.17 Multi-page Table package (DPC)
\LTleft=\skip81
\LTright=\skip82
\LTpre=\skip83
\LTpost=\skip84
\LTchunksize=\count364
\LTcapwidth=\dimen341
\LT@head=\box95
\LT@firsthead=\box96
\LT@foot=\box97
\LT@lastfoot=\box98
\LT@gbox=\box99
\LT@cols=\count365
\LT@rows=\count366
\c@LT@tables=\count367
\c@LT@chunks=\count368
\LT@p@ftn=\toks52
) (/usr/local/texlive/2022/texmf-dist/tex/latex/multirow/multirow.sty
Package: multirow 2021/03/15 v2.8 Span multiple rows of a table
\multirow@colwidth=\skip85
\multirow@cntb=\count369
\multirow@dima=\skip86
\bigstrutjot=\dimen342
) (/usr/local/texlive/2022/texmf-dist/tex/latex/wrapfig/wrapfig.sty
\wrapoverhang=\dimen343
\WF@size=\dimen344
\c@WF@wrappedlines=\count370
\WF@box=\box100
\WF@everypar=\toks53
Package: wrapfig 2003/01/31  v 3.6
) (/usr/local/texlive/2022/texmf-dist/tex/latex/colortbl/colortbl.sty
Package: colortbl 2022/06/20 v1.0f Color table columns (DPC)
\everycr=\toks54
\minrowclearance=\skip87
\rownum=\count371
) (/usr/local/texlive/2022/texmf-dist/tex/latex/pdflscape/pdflscape.sty
Package: pdflscape 2022-10-27 v0.13 Display of landscape pages in PDF
 (/usr/local/texlive/2022/texmf-dist/tex/latex/pdflscape/pdflscape-nometadata.sty
Package: pdflscape-nometadata 2022-10-28 v0.13 Display of landscape pages in PDF (HO)
Package pdflscape Info: Auto-detected driver: pdftex on input line 81.
)) (/usr/local/texlive/2022/texmf-dist/tex/latex/tabu/tabu.sty
Package: tabu 2019/01/11 v2.9 - flexible LaTeX tabulars (FC+tabu-fixed)
\c@taburow=\count372
\tabu@nbcols=\count373
\tabu@cnt=\count374
\tabu@Xcol=\count375
\tabu@alloc=\count376
\tabu@nested=\count377
\tabu@target=\dimen345
\tabu@spreadtarget=\dimen346
\tabu@naturalX=\dimen347
\tabucolX=\dimen348
\tabu@Xsum=\dimen349
\extrarowdepth=\dimen350
\abovetabulinesep=\dimen351
\belowtabulinesep=\dimen352
\tabustrutrule=\dimen353
\tabu@thebody=\toks55
\tabu@footnotes=\toks56
\tabu@box=\box101
\tabu@arstrutbox=\box102
\tabu@hleads=\box103
\tabu@vleads=\box104
\tabu@cellskip=\skip88
) (/usr/local/texlive/2022/texmf-dist/tex/latex/threeparttable/threeparttable.sty
Package: threeparttable 2003/06/13  v 3.0
\@tempboxb=\box105
) (/usr/local/texlive/2022/texmf-dist/tex/latex/caption/caption.sty
Package: caption 2022/03/01 v3.6b Customizing captions (AR)
 (/usr/local/texlive/2022/texmf-dist/tex/latex/caption/caption3.sty
Package: caption3 2022/03/17 v2.3b caption3 kernel (AR)
\caption@tempdima=\dimen354
\captionmargin=\dimen355
\caption@leftmargin=\dimen356
\caption@rightmargin=\dimen357
\caption@width=\dimen358
\caption@indent=\dimen359
\caption@parindent=\dimen360
\caption@hangindent=\dimen361
Package caption Info: beamer document class detected.
 (/usr/local/texlive/2022/texmf-dist/tex/latex/caption/caption-beamer.sto
File: caption-beamer.sto 2022/01/06 v2.0c Adaption of the caption package to the beamer document classes (AR)
))
\c@caption@flags=\count378
\c@continuedfloat=\count379
Package caption Info: float package is loaded.
Package caption Info: hyperref package is loaded.
Package caption Info: Hyperref support is turned off
(caption)             because hyperref has stopped early.
Package caption Info: longtable package is loaded.
 (/usr/local/texlive/2022/texmf-dist/tex/latex/caption/ltcaption.sty
Package: ltcaption 2021/01/08 v1.4c longtable captions (AR)
)
Package caption Info: threeparttable package is loaded.
Package caption Info: wrapfig package is loaded.
) (/usr/local/texlive/2022/texmf-dist/tex/latex/caption/subcaption.sty
Package: subcaption 2022/01/07 v1.5 Sub-captions (AR)
\c@subfigure=\count380
\c@subtable=\count381
) (/usr/local/texlive/2022/texmf-dist/tex/generic/ulem/ulem.sty
\UL@box=\box106
\UL@hyphenbox=\box107
\UL@skip=\skip89
\UL@hook=\toks57
\UL@height=\dimen362
\UL@pe=\count382
\UL@pixel=\dimen363
\ULC@box=\box108
Package: ulem 2019/11/18
\ULdepth=\dimen364
) (/usr/local/texlive/2022/texmf-dist/tex/latex/makecell/makecell.sty
Package: makecell 2009/08/03 V0.1e Managing of Tab Column Heads and Cells
\rotheadsize=\dimen365
\c@nlinenum=\count383
\TeXr@lab=\toks58
)
Package hyperref Info: Option `colorlinks' set `true' on input line 40.
 (/usr/local/texlive/2022/texmf-dist/tex/latex/appendixnumberbeamer/appendixnumberbeamer.sty)
   defining Unicode char U+0301 (decimal 769)
   defining Unicode char U+2212 (decimal 8722)
   defining Unicode char U+0327 (decimal 807)
 (/usr/local/texlive/2022/texmf-dist/tex/latex/biblatex/biblatex.sty
Package: biblatex 2022/07/12 v3.18b programmable bibliographies (PK/MW)
 (/usr/local/texlive/2022/texmf-dist/tex/latex/logreq/logreq.sty
Package: logreq 2010/08/04 v1.0 xml request logger
\lrq@indent=\count384
 (/usr/local/texlive/2022/texmf-dist/tex/latex/logreq/logreq.def
File: logreq.def 2010/08/04 v1.0 logreq spec v1.0
))
\c@tabx@nest=\count385
\c@listtotal=\count386
\c@listcount=\count387
\c@liststart=\count388
\c@liststop=\count389
\c@citecount=\count390
\c@citetotal=\count391
\c@multicitecount=\count392
\c@multicitetotal=\count393
\c@instcount=\count394
\c@maxnames=\count395
\c@minnames=\count396
\c@maxitems=\count397
\c@minitems=\count398
\c@citecounter=\count399
\c@maxcitecounter=\count400
\c@savedcitecounter=\count401
\c@uniquelist=\count402
\c@uniquename=\count403
\c@refsection=\count404
\c@refsegment=\count405
\c@maxextratitle=\count406
\c@maxextratitleyear=\count407
\c@maxextraname=\count408
\c@maxextradate=\count409
\c@maxextraalpha=\count410
\c@abbrvpenalty=\count411
\c@highnamepenalty=\count412
\c@lownamepenalty=\count413
\c@maxparens=\count414
\c@parenlevel=\count415
\blx@tempcnta=\count416
\blx@tempcntb=\count417
\blx@tempcntc=\count418
\c@blx@maxsection=\count419
\blx@maxsegment@0=\count420
\blx@notetype=\count421
\blx@parenlevel@text=\count422
\blx@parenlevel@foot=\count423
\blx@sectionciteorder@0=\count424
\blx@sectionciteorderinternal@0=\count425
\blx@entrysetcounter=\count426
\blx@biblioinstance=\count427
\labelnumberwidth=\skip90
\labelalphawidth=\skip91
\biblabelsep=\skip92
\bibitemsep=\skip93
\bibnamesep=\skip94
\bibinitsep=\skip95
\bibparsep=\skip96
\bibhang=\skip97
\blx@bcfin=\read3
\blx@bcfout=\write5
\blx@langwohyphens=\language87
\c@mincomprange=\count428
\c@maxcomprange=\count429
\c@mincompwidth=\count430
Package biblatex Info: Trying to load biblatex default data model...
Package biblatex Info: ... file 'blx-dm.def' found.
 (/usr/local/texlive/2022/texmf-dist/tex/latex/biblatex/blx-dm.def
File: blx-dm.def 2022/07/12 v3.18b biblatex localization (PK/MW)
)
Package biblatex Info: Trying to load biblatex style data model...
Package biblatex Info: ... file 'authoryear.dbx' not found.
Package biblatex Info: Trying to load biblatex custom data model...
Package biblatex Info: ... file 'biblatex-dm.cfg' not found.
\c@afterword=\count431
\c@savedafterword=\count432
\c@annotator=\count433
\c@savedannotator=\count434
\c@author=\count435
\c@savedauthor=\count436
\c@bookauthor=\count437
\c@savedbookauthor=\count438
\c@commentator=\count439
\c@savedcommentator=\count440
\c@editor=\count441
\c@savededitor=\count442
\c@editora=\count443
\c@savededitora=\count444
\c@editorb=\count445
\c@savededitorb=\count446
\c@editorc=\count447
\c@savededitorc=\count448
\c@foreword=\count449
\c@savedforeword=\count450
\c@holder=\count451
\c@savedholder=\count452
\c@introduction=\count453
\c@savedintroduction=\count454
\c@namea=\count455
\c@savednamea=\count456
\c@nameb=\count457
\c@savednameb=\count458
\c@namec=\count459
\c@savednamec=\count460
\c@translator=\count461
\c@savedtranslator=\count462
\c@shortauthor=\count463
\c@savedshortauthor=\count464
\c@shorteditor=\count465
\c@savedshorteditor=\count466
\c@labelname=\count467
\c@savedlabelname=\count468
\c@institution=\count469
\c@savedinstitution=\count470
\c@lista=\count471
\c@savedlista=\count472
\c@listb=\count473
\c@savedlistb=\count474
\c@listc=\count475
\c@savedlistc=\count476
\c@listd=\count477
\c@savedlistd=\count478
\c@liste=\count479
\c@savedliste=\count480
\c@listf=\count481
\c@savedlistf=\count482
\c@location=\count483
\c@savedlocation=\count484
\c@organization=\count485
\c@savedorganization=\count486
\c@origlocation=\count487
\c@savedoriglocation=\count488
\c@origpublisher=\count489
\c@savedorigpublisher=\count490
\c@publisher=\count491
\c@savedpublisher=\count492
\c@language=\count493
\c@savedlanguage=\count494
\c@origlanguage=\count495
\c@savedoriglanguage=\count496
\c@pageref=\count497
\c@savedpageref=\count498
\shorthandwidth=\skip98
\shortjournalwidth=\skip99
\shortserieswidth=\skip100
\shorttitlewidth=\skip101
\shortauthorwidth=\skip102
\shorteditorwidth=\skip103
\locallabelnumberwidth=\skip104
\locallabelalphawidth=\skip105
\localshorthandwidth=\skip106
\localshortjournalwidth=\skip107
\localshortserieswidth=\skip108
\localshorttitlewidth=\skip109
\localshortauthorwidth=\skip110
\localshorteditorwidth=\skip111
Package biblatex Info: Trying to load compatibility code...
Package biblatex Info: ... file 'blx-compat.def' found.
 (/usr/local/texlive/2022/texmf-dist/tex/latex/biblatex/blx-compat.def
File: blx-compat.def 2022/07/12 v3.18b biblatex compatibility (PK/MW)
)
Package biblatex Info: Trying to load generic definitions...
Package biblatex Info: ... file 'biblatex.def' found.
 (/usr/local/texlive/2022/texmf-dist/tex/latex/biblatex/biblatex.def
File: biblatex.def 2022/07/12 v3.18b biblatex compatibility (PK/MW)
\c@textcitecount=\count499
\c@textcitetotal=\count500
\c@textcitemaxnames=\count501
\c@biburlbigbreakpenalty=\count502
\c@biburlbreakpenalty=\count503
\c@biburlnumpenalty=\count504
\c@biburlucpenalty=\count505
\c@biburllcpenalty=\count506
\biburlbigskip=\muskip18
\biburlnumskip=\muskip19
\biburlucskip=\muskip20
\biburllcskip=\muskip21
\c@smartand=\count507
)
Package biblatex Info: Trying to load bibliography style 'authoryear'...
Package biblatex Info: ... file 'authoryear.bbx' found.
 (/usr/local/texlive/2022/texmf-dist/tex/latex/biblatex/bbx/authoryear.bbx
File: authoryear.bbx 2022/07/12 v3.18b biblatex bibliography style (PK/MW)
Package biblatex Info: Trying to load bibliography style 'standard'...
Package biblatex Info: ... file 'standard.bbx' found.
 (/usr/local/texlive/2022/texmf-dist/tex/latex/biblatex/bbx/standard.bbx
File: standard.bbx 2022/07/12 v3.18b biblatex bibliography style (PK/MW)
\c@bbx:relatedcount=\count508
\c@bbx:relatedtotal=\count509
))
Package biblatex Info: Trying to load citation style 'authoryear'...
Package biblatex Info: ... file 'authoryear.cbx' found.
 (/usr/local/texlive/2022/texmf-dist/tex/latex/biblatex/cbx/authoryear.cbx
File: authoryear.cbx 2022/07/12 v3.18b biblatex citation style (PK/MW)
Package biblatex Info: Redefining '\cite'.
Package biblatex Info: Redefining '\parencite'.
Package biblatex Info: Redefining '\footcite'.
Package biblatex Info: Redefining '\footcitetext'.
Package biblatex Info: Redefining '\smartcite'.
Package biblatex Info: Redefining '\textcite'.
Package biblatex Info: Redefining '\textcites'.
)
Package biblatex Info: Trying to load configuration file...
Package biblatex Info: ... file 'biblatex.cfg' found.
 (/usr/local/texlive/2022/texmf-dist/tex/latex/biblatex/biblatex.cfg
File: biblatex.cfg 
)
Package biblatex Info: Input encoding 'utf8' detected.
Package biblatex Info: Document encoding is UTF8 ....
 (/usr/local/texlive/2022/texmf-dist/tex/latex/l3kernel/expl3.sty
Package: expl3 2023-02-07 L3 programming layer (loader) 
 (/usr/local/texlive/2022/texmf-dist/tex/latex/l3backend/l3backend-pdftex.def
File: l3backend-pdftex.def 2023-01-16 L3 backend support: PDF output (pdfTeX)
\l__color_backend_stack_int=\count510
\l__pdf_internal_box=\box109
))
Package biblatex Info: ... and expl3
(biblatex)             2023-02-07 L3 programming layer (loader) 
(biblatex)             is new enough (at least 2020/04/06),
(biblatex)             setting 'casechanger=expl3'.
 (/usr/local/texlive/2022/texmf-dist/tex/latex/biblatex/blx-case-expl3.sty (/usr/local/texlive/2022/texmf-dist/tex/latex/l3packages/xparse/xparse.sty
Package: xparse 2023-02-02 L3 Experimental document command parser
)
Package: blx-case-expl3 2022/07/12 v3.18b expl3 case changing code for biblatex
)) (/usr/local/texlive/2022/texmf-dist/tex/latex/setspace/setspace.sty
Package: setspace 2022/12/04 v6.7b set line spacing
)
Package translations Info: No language package found. I am going to use `english' as default language. on input line 111.
\@quotelevel=\count511
\@quotereset=\count512
 (/Users/vinicius/Library/CloudStorage/OneDrive-UniversityofIllinois-Urbana/Research/Writing/git/Sesmarias/01. Presentations/02. Slides/land_grants_brasil.aux)
\openout1 = `land_grants_brasil.aux'.

LaTeX Font Info:    Checking defaults for OML/cmm/m/it on input line 111.
LaTeX Font Info:    ... okay on input line 111.
LaTeX Font Info:    Checking defaults for OMS/cmsy/m/n on input line 111.
LaTeX Font Info:    ... okay on input line 111.
LaTeX Font Info:    Checking defaults for OT1/cmr/m/n on input line 111.
LaTeX Font Info:    ... okay on input line 111.
LaTeX Font Info:    Checking defaults for T1/cmr/m/n on input line 111.
LaTeX Font Info:    ... okay on input line 111.
LaTeX Font Info:    Checking defaults for TS1/cmr/m/n on input line 111.
LaTeX Font Info:    ... okay on input line 111.
LaTeX Font Info:    Checking defaults for OMX/cmex/m/n on input line 111.
LaTeX Font Info:    ... okay on input line 111.
LaTeX Font Info:    Checking defaults for U/cmr/m/n on input line 111.
LaTeX Font Info:    ... okay on input line 111.
LaTeX Font Info:    Checking defaults for PD1/pdf/m/n on input line 111.
LaTeX Font Info:    ... okay on input line 111.
LaTeX Font Info:    Checking defaults for PU/pdf/m/n on input line 111.
LaTeX Font Info:    ... okay on input line 111.

*geometry* driver: auto-detecting
*geometry* detected driver: pdftex
*geometry* verbose mode - [ preamble ] result:
* driver: pdftex
* paper: custom
* layout: <same size as paper>
* layoutoffset:(h,v)=(0.0pt,0.0pt)
* modes: includehead includefoot 
* h-part:(L,W,R)=(28.45274pt, 398.3386pt, 28.45274pt)
* v-part:(T,H,B)=(0.0pt, 284.52756pt, 0.0pt)
* \paperwidth=455.24408pt
* \paperheight=284.52756pt
* \textwidth=398.3386pt
* \textheight=256.07483pt
* \oddsidemargin=-43.81725pt
* \evensidemargin=-43.81725pt
* \topmargin=-72.26999pt
* \headheight=14.22636pt
* \headsep=0.0pt
* \topskip=11.0pt
* \footskip=14.22636pt
* \marginparwidth=4.0pt
* \marginparsep=10.0pt
* \columnsep=10.0pt
* \skip\footins=10.0pt plus 4.0pt minus 2.0pt
* \hoffset=0.0pt
* \voffset=0.0pt
* \mag=1000
* \@twocolumnfalse
* \@twosidefalse
* \@mparswitchfalse
* \@reversemarginfalse
* (1in=72.27pt=25.4mm, 1cm=28.453pt)

(/usr/local/texlive/2022/texmf-dist/tex/context/base/mkii/supp-pdf.mkii
[Loading MPS to PDF converter (version 2006.09.02).]
\scratchcounter=\count513
\scratchdimen=\dimen366
\scratchbox=\box110
\nofMPsegments=\count514
\nofMParguments=\count515
\everyMPshowfont=\toks59
\MPscratchCnt=\count516
\MPscratchDim=\dimen367
\MPnumerator=\count517
\makeMPintoPDFobject=\count518
\everyMPtoPDFconversion=\toks60
) (/usr/local/texlive/2022/texmf-dist/tex/latex/epstopdf-pkg/epstopdf-base.sty
Package: epstopdf-base 2020-01-24 v2.11 Base part for package epstopdf
Package epstopdf-base Info: Redefining graphics rule for `.eps' on input line 485.
 (/usr/local/texlive/2022/texmf-dist/tex/latex/latexconfig/epstopdf-sys.cfg
File: epstopdf-sys.cfg 2010/07/13 v1.3 Configuration of (r)epstopdf for TeX Live
))
Package hyperref Info: Link coloring ON on input line 111.
 (/Users/vinicius/Library/CloudStorage/OneDrive-UniversityofIllinois-Urbana/Research/Writing/git/Sesmarias/01. Presentations/02. Slides/land_grants_brasil.out) (/Users/vinicius/Library/CloudStorage/OneDrive-UniversityofIllinois-Urbana/Research/Writing/git/Sesmarias/01. Presentations/02. Slides/land_grants_brasil.out)
\@outlinefile=\write6
\openout6 = `land_grants_brasil.out'.

LaTeX Font Info:    Overwriting symbol font `operators' in version `normal'
(Font)                  OT1/cmr/m/n --> OT1/cmss/m/n on input line 111.
LaTeX Font Info:    Overwriting symbol font `operators' in version `bold'
(Font)                  OT1/cmr/bx/n --> OT1/cmss/b/n on input line 111.
\symnumbers=\mathgroup6
\sympureletters=\mathgroup7
LaTeX Font Info:    Overwriting math alphabet `\mathrm' in version `normal'
(Font)                  OT1/cmss/m/n --> OT1/cmr/m/n on input line 111.
LaTeX Font Info:    Redeclaring math alphabet \mathbf on input line 111.
LaTeX Font Info:    Overwriting math alphabet `\mathbf' in version `normal'
(Font)                  OT1/cmr/bx/n --> OT1/cmss/b/n on input line 111.
LaTeX Font Info:    Overwriting math alphabet `\mathbf' in version `bold'
(Font)                  OT1/cmr/bx/n --> OT1/cmss/b/n on input line 111.
LaTeX Font Info:    Redeclaring math alphabet \mathsf on input line 111.
LaTeX Font Info:    Overwriting math alphabet `\mathsf' in version `normal'
(Font)                  OT1/cmss/m/n --> OT1/cmss/m/n on input line 111.
LaTeX Font Info:    Overwriting math alphabet `\mathsf' in version `bold'
(Font)                  OT1/cmss/bx/n --> OT1/cmss/m/n on input line 111.
LaTeX Font Info:    Redeclaring math alphabet \mathit on input line 111.
LaTeX Font Info:    Overwriting math alphabet `\mathit' in version `normal'
(Font)                  OT1/cmr/m/it --> OT1/cmss/m/it on input line 111.
LaTeX Font Info:    Overwriting math alphabet `\mathit' in version `bold'
(Font)                  OT1/cmr/bx/it --> OT1/cmss/m/it on input line 111.
LaTeX Font Info:    Redeclaring math alphabet \mathtt on input line 111.
LaTeX Font Info:    Overwriting math alphabet `\mathtt' in version `normal'
(Font)                  OT1/cmtt/m/n --> OT1/cmtt/m/n on input line 111.
LaTeX Font Info:    Overwriting math alphabet `\mathtt' in version `bold'
(Font)                  OT1/cmtt/m/n --> OT1/cmtt/m/n on input line 111.
LaTeX Font Info:    Overwriting symbol font `numbers' in version `bold'
(Font)                  OT1/cmss/m/n --> OT1/cmss/b/n on input line 111.
LaTeX Font Info:    Overwriting symbol font `pureletters' in version `bold'
(Font)                  OT1/cmss/m/it --> OT1/cmss/b/it on input line 111.
LaTeX Font Info:    Overwriting math alphabet `\mathrm' in version `bold'
(Font)                  OT1/cmss/b/n --> OT1/cmr/b/n on input line 111.
LaTeX Font Info:    Overwriting math alphabet `\mathbf' in version `bold'
(Font)                  OT1/cmss/b/n --> OT1/cmss/b/n on input line 111.
LaTeX Font Info:    Overwriting math alphabet `\mathsf' in version `bold'
(Font)                  OT1/cmss/m/n --> OT1/cmss/b/n on input line 111.
LaTeX Font Info:    Overwriting math alphabet `\mathit' in version `bold'
(Font)                  OT1/cmss/m/it --> OT1/cmss/b/it on input line 111.
LaTeX Font Info:    Overwriting math alphabet `\mathtt' in version `bold'
(Font)                  OT1/cmtt/m/n --> OT1/cmtt/b/n on input line 111.
LaTeX Font Info:    Redeclaring symbol font `pureletters' on input line 111.
LaTeX Font Info:    Overwriting symbol font `pureletters' in version `normal'
(Font)                  OT1/cmss/m/it --> OT1/mathkerncmss/m/sl on input line 111.
LaTeX Font Info:    Overwriting symbol font `pureletters' in version `bold'
(Font)                  OT1/cmss/b/it --> OT1/mathkerncmss/m/sl on input line 111.
LaTeX Font Info:    Overwriting symbol font `pureletters' in version `bold'
(Font)                  OT1/mathkerncmss/m/sl --> OT1/mathkerncmss/bx/sl on input line 111.
 (/usr/local/texlive/2022/texmf-dist/tex/latex/translator/translator-basic-dictionary-English.dict
Dictionary: translator-basic-dictionary, Language: English 
) (/usr/local/texlive/2022/texmf-dist/tex/latex/translator/translator-bibliography-dictionary-English.dict
Dictionary: translator-bibliography-dictionary, Language: English 
) (/usr/local/texlive/2022/texmf-dist/tex/latex/translator/translator-environment-dictionary-English.dict
Dictionary: translator-environment-dictionary, Language: English 
) (/usr/local/texlive/2022/texmf-dist/tex/latex/translator/translator-months-dictionary-English.dict
Dictionary: translator-months-dictionary, Language: English 
) (/usr/local/texlive/2022/texmf-dist/tex/latex/translator/translator-numbers-dictionary-English.dict
Dictionary: translator-numbers-dictionary, Language: English 
) (/usr/local/texlive/2022/texmf-dist/tex/latex/translator/translator-theorem-dictionary-English.dict
Dictionary: translator-theorem-dictionary, Language: English 
) (/usr/local/texlive/2022/texmf-dist/tex/latex/translations/translations-basic-dictionary-english.trsl
File: translations-basic-dictionary-english.trsl (english translation file `translations-basic-dictionary')
)
Package translations Info: loading dictionary `translations-basic-dictionary' for `english'. on input line 111.
Package caption Info: Begin \AtBeginDocument code.
Package caption Info: End \AtBeginDocument code.
Package biblatex Info: Trying to load language 'english'...
Package biblatex Info: ... file 'english.lbx' found.
 (/usr/local/texlive/2022/texmf-dist/tex/latex/biblatex/lbx/english.lbx
File: english.lbx 2022/07/12 v3.18b biblatex localization (PK/MW)
)
Package biblatex Info: Input encoding 'utf8' detected.
Package biblatex Info: Automatic encoding selection.
(biblatex)             Assuming data encoding 'utf8'.
\openout5 = `land_grants_brasil.bcf'.

Package biblatex Info: Trying to load bibliographic data...
Package biblatex Info: ... file 'land_grants_brasil.bbl' found.
 (/Users/vinicius/Library/CloudStorage/OneDrive-UniversityofIllinois-Urbana/Research/Writing/git/Sesmarias/01. Presentations/02. Slides/land_grants_brasil.bbl)
Package biblatex Info: Reference section=0 on input line 111.
Package biblatex Info: Reference segment=0 on input line 111.
 (/Users/vinicius/Library/CloudStorage/OneDrive-UniversityofIllinois-Urbana/Research/Writing/git/Sesmarias/01. Presentations/02. Slides/land_grants_brasil.nav) [1

{/usr/local/texlive/2022/texmf-var/fonts/map/pdftex/updmap/pdftex.map}] [2

]
LaTeX Font Info:    Trying to load font information for U+msa on input line 132.
 (/usr/local/texlive/2022/texmf-dist/tex/latex/amsfonts/umsa.fd
File: umsa.fd 2013/01/14 v3.01 AMS symbols A
)
LaTeX Font Info:    Trying to load font information for U+msb on input line 132.
 (/usr/local/texlive/2022/texmf-dist/tex/latex/amsfonts/umsb.fd
File: umsb.fd 2013/01/14 v3.01 AMS symbols B
)
LaTeX Font Info:    Trying to load font information for OT1+mathkerncmss on input line 132.
 (/usr/local/texlive/2022/texmf-dist/tex/latex/sansmathaccent/ot1mathkerncmss.fd
File: ot1mathkerncmss.fd 2020/01/31 Fontinst v1.933 font definitions for OT1/mathkerncmss.
) [3

] [4

] [5

] [6

] [7

] [8

] [9

] [10

] [11

] [12

] [13

]
</Users/vinicius/Library/CloudStorage/OneDrive-UniversityofIllinois-Urbana/Research/Projects/JMP/02. Figures/00.Maps/parishes_1872.png, id=123, 501.3129pt x 309.7974pt>
File: /Users/vinicius/Library/CloudStorage/OneDrive-UniversityofIllinois-Urbana/Research/Projects/JMP/02. Figures/00.Maps/parishes_1872.png Graphic file (type png)
<use /Users/vinicius/Library/CloudStorage/OneDrive-UniversityofIllinois-Urbana/Research/Projects/JMP/02. Figures/00.Maps/parishes_1872.png>
Package pdftex.def Info: /Users/vinicius/Library/CloudStorage/OneDrive-UniversityofIllinois-Urbana/Research/Projects/JMP/02. Figures/00.Maps/parishes_1872.png  used on input line 207.
(pdftex.def)             Requested size: 386.96024pt x 239.14507pt.

Overfull \vbox (10.49101pt too high) detected at line 207
 []

[14

 </Users/vinicius/Library/CloudStorage/OneDrive-UniversityofIllinois-Urbana/Research/Projects/JMP/02. Figures/00.Maps/parishes_1872.png>] [15

]
</Users/vinicius/Library/CloudStorage/OneDrive-UniversityofIllinois-Urbana/Research/Projects/JMP/02. Figures/00.Maps/land_grant_distribution_1701.png, id=149, 489.2679pt x 302.3295pt>
File: /Users/vinicius/Library/CloudStorage/OneDrive-UniversityofIllinois-Urbana/Research/Projects/JMP/02. Figures/00.Maps/land_grant_distribution_1701.png Graphic file (type png)
<use /Users/vinicius/Library/CloudStorage/OneDrive-UniversityofIllinois-Urbana/Research/Projects/JMP/02. Figures/00.Maps/land_grant_distribution_1701.png>
Package pdftex.def Info: /Users/vinicius/Library/CloudStorage/OneDrive-UniversityofIllinois-Urbana/Research/Projects/JMP/02. Figures/00.Maps/land_grant_distribution_1701.png  used on input line 244.
(pdftex.def)             Requested size: 386.96024pt x 239.11908pt.
 [16

 </Users/vinicius/Library/CloudStorage/OneDrive-UniversityofIllinois-Urbana/Research/Projects/JMP/02. Figures/00.Maps/land_grant_distribution_1701.png>]
</Users/vinicius/Library/CloudStorage/OneDrive-UniversityofIllinois-Urbana/Research/Projects/JMP/02. Figures/00.Maps/1872_agriculture_RDD.png, id=156, 501.3129pt x 309.7974pt>
File: /Users/vinicius/Library/CloudStorage/OneDrive-UniversityofIllinois-Urbana/Research/Projects/JMP/02. Figures/00.Maps/1872_agriculture_RDD.png Graphic file (type png)
<use /Users/vinicius/Library/CloudStorage/OneDrive-UniversityofIllinois-Urbana/Research/Projects/JMP/02. Figures/00.Maps/1872_agriculture_RDD.png>
Package pdftex.def Info: /Users/vinicius/Library/CloudStorage/OneDrive-UniversityofIllinois-Urbana/Research/Projects/JMP/02. Figures/00.Maps/1872_agriculture_RDD.png  used on input line 253.
(pdftex.def)             Requested size: 386.96024pt x 239.14507pt.

Overfull \vbox (10.49101pt too high) detected at line 253
 []

[17

 </Users/vinicius/Library/CloudStorage/OneDrive-UniversityofIllinois-Urbana/Research/Projects/JMP/02. Figures/00.Maps/1872_agriculture_RDD.png>]
</Users/vinicius/Library/CloudStorage/OneDrive-UniversityofIllinois-Urbana/Research/Projects/JMP/02. Figures/00.Maps/1872_slaves_RDD.png, id=162, 501.3129pt x 309.7974pt>
File: /Users/vinicius/Library/CloudStorage/OneDrive-UniversityofIllinois-Urbana/Research/Projects/JMP/02. Figures/00.Maps/1872_slaves_RDD.png Graphic file (type png)
<use /Users/vinicius/Library/CloudStorage/OneDrive-UniversityofIllinois-Urbana/Research/Projects/JMP/02. Figures/00.Maps/1872_slaves_RDD.png>
Package pdftex.def Info: /Users/vinicius/Library/CloudStorage/OneDrive-UniversityofIllinois-Urbana/Research/Projects/JMP/02. Figures/00.Maps/1872_slaves_RDD.png  used on input line 262.
(pdftex.def)             Requested size: 386.96024pt x 239.14507pt.

Overfull \vbox (10.49101pt too high) detected at line 262
 []

[18

 </Users/vinicius/Library/CloudStorage/OneDrive-UniversityofIllinois-Urbana/Research/Projects/JMP/02. Figures/00.Maps/1872_slaves_RDD.png>]
</Users/vinicius/Library/CloudStorage/OneDrive-UniversityofIllinois-Urbana/Research/Projects/JMP/02. Figures/00.Maps/1872_Census_Enslaved_People.png, id=169, 501.3129pt x 309.7974pt>
File: /Users/vinicius/Library/CloudStorage/OneDrive-UniversityofIllinois-Urbana/Research/Projects/JMP/02. Figures/00.Maps/1872_Census_Enslaved_People.png Graphic file (type png)
<use /Users/vinicius/Library/CloudStorage/OneDrive-UniversityofIllinois-Urbana/Research/Projects/JMP/02. Figures/00.Maps/1872_Census_Enslaved_People.png>
Package pdftex.def Info: /Users/vinicius/Library/CloudStorage/OneDrive-UniversityofIllinois-Urbana/Research/Projects/JMP/02. Figures/00.Maps/1872_Census_Enslaved_People.png  used on input line 271.
(pdftex.def)             Requested size: 386.96024pt x 239.14507pt.

Overfull \vbox (10.49101pt too high) detected at line 271
 []

[19

 </Users/vinicius/Library/CloudStorage/OneDrive-UniversityofIllinois-Urbana/Research/Projects/JMP/02. Figures/00.Maps/1872_Census_Enslaved_People.png>] (/Users/vinicius/OneDrive - University of Illinois - Urbana/Research/Projects/JMP/03. Tables/1872_OLS_Demographics.tex) [20

] [21

] (/Users/vinicius/OneDrive - University of Illinois - Urbana/Research/Projects/JMP/03. Tables/1872_OLS_Labor.tex) [22

]
</Users/vinicius/Library/CloudStorage/OneDrive-UniversityofIllinois-Urbana/Research/Projects/JMP/02. Figures/00.Maps/1995_Ag_Census_Occupied_RDD.png, id=194, 526.8483pt x 325.4559pt>
File: /Users/vinicius/Library/CloudStorage/OneDrive-UniversityofIllinois-Urbana/Research/Projects/JMP/02. Figures/00.Maps/1995_Ag_Census_Occupied_RDD.png Graphic file (type png)
<use /Users/vinicius/Library/CloudStorage/OneDrive-UniversityofIllinois-Urbana/Research/Projects/JMP/02. Figures/00.Maps/1995_Ag_Census_Occupied_RDD.png>
Package pdftex.def Info: /Users/vinicius/Library/CloudStorage/OneDrive-UniversityofIllinois-Urbana/Research/Projects/JMP/02. Figures/00.Maps/1995_Ag_Census_Occupied_RDD.png  used on input line 294.
(pdftex.def)             Requested size: 386.96024pt x 239.04085pt.

Overfull \vbox (10.3868pt too high) detected at line 294
 []

[23

 </Users/vinicius/Library/CloudStorage/OneDrive-UniversityofIllinois-Urbana/Research/Projects/JMP/02. Figures/00.Maps/1995_Ag_Census_Occupied_RDD.png>]
</Users/vinicius/Library/CloudStorage/OneDrive-UniversityofIllinois-Urbana/Research/Projects/JMP/02. Figures/00.Maps/ag_census_1995_occupied_map.png, id=200, 526.8483pt x 325.4559pt>
File: /Users/vinicius/Library/CloudStorage/OneDrive-UniversityofIllinois-Urbana/Research/Projects/JMP/02. Figures/00.Maps/ag_census_1995_occupied_map.png Graphic file (type png)
<use /Users/vinicius/Library/CloudStorage/OneDrive-UniversityofIllinois-Urbana/Research/Projects/JMP/02. Figures/00.Maps/ag_census_1995_occupied_map.png>
Package pdftex.def Info: /Users/vinicius/Library/CloudStorage/OneDrive-UniversityofIllinois-Urbana/Research/Projects/JMP/02. Figures/00.Maps/ag_census_1995_occupied_map.png  used on input line 304.
(pdftex.def)             Requested size: 386.96024pt x 239.04085pt.

Overfull \vbox (10.3868pt too high) detected at line 304
 []

[24

 </Users/vinicius/Library/CloudStorage/OneDrive-UniversityofIllinois-Urbana/Research/Projects/JMP/02. Figures/00.Maps/ag_census_1995_occupied_map.png>]
</Users/vinicius/Library/CloudStorage/OneDrive-UniversityofIllinois-Urbana/Research/Projects/JMP/02. Figures/00.Maps/1995_Ag_Census_Productive_Land_Not_Used_RDD.png, id=207, 526.8483pt x 325.4559pt>
File: /Users/vinicius/Library/CloudStorage/OneDrive-UniversityofIllinois-Urbana/Research/Projects/JMP/02. Figures/00.Maps/1995_Ag_Census_Productive_Land_Not_Used_RDD.png Graphic file (type png)
<use /Users/vinicius/Library/CloudStorage/OneDrive-UniversityofIllinois-Urbana/Research/Projects/JMP/02. Figures/00.Maps/1995_Ag_Census_Productive_Land_Not_Used_RDD.png>
Package pdftex.def Info: /Users/vinicius/Library/CloudStorage/OneDrive-UniversityofIllinois-Urbana/Research/Projects/JMP/02. Figures/00.Maps/1995_Ag_Census_Productive_Land_Not_Used_RDD.png  used on input line 313.
(pdftex.def)             Requested size: 386.96024pt x 239.04085pt.

Overfull \vbox (10.3868pt too high) detected at line 313
 []

[25

 </Users/vinicius/Library/CloudStorage/OneDrive-UniversityofIllinois-Urbana/Research/Projects/JMP/02. Figures/00.Maps/1995_Ag_Census_Productive_Land_Not_Used_RDD.png>]
</Users/vinicius/Library/CloudStorage/OneDrive-UniversityofIllinois-Urbana/Research/Projects/JMP/02. Figures/00.Maps/ag_census_1995_productive_land_not_used_map.png, id=214, 526.8483pt x 325.4559pt>
File: /Users/vinicius/Library/CloudStorage/OneDrive-UniversityofIllinois-Urbana/Research/Projects/JMP/02. Figures/00.Maps/ag_census_1995_productive_land_not_used_map.png Graphic file (type png)
<use /Users/vinicius/Library/CloudStorage/OneDrive-UniversityofIllinois-Urbana/Research/Projects/JMP/02. Figures/00.Maps/ag_census_1995_productive_land_not_used_map.png>
Package pdftex.def Info: /Users/vinicius/Library/CloudStorage/OneDrive-UniversityofIllinois-Urbana/Research/Projects/JMP/02. Figures/00.Maps/ag_census_1995_productive_land_not_used_map.png  used on input line 322.
(pdftex.def)             Requested size: 386.96024pt x 239.04085pt.

Overfull \vbox (10.3868pt too high) detected at line 322
 []

[26

 </Users/vinicius/Library/CloudStorage/OneDrive-UniversityofIllinois-Urbana/Research/Projects/JMP/02. Figures/00.Maps/ag_census_1995_productive_land_not_used_map.png>]
</Users/vinicius/Library/CloudStorage/OneDrive-UniversityofIllinois-Urbana/Research/Projects/JMP/02. Figures/00.Maps/ag_census_1995_leased_map.png, id=220, 526.8483pt x 325.4559pt>
File: /Users/vinicius/Library/CloudStorage/OneDrive-UniversityofIllinois-Urbana/Research/Projects/JMP/02. Figures/00.Maps/ag_census_1995_leased_map.png Graphic file (type png)
<use /Users/vinicius/Library/CloudStorage/OneDrive-UniversityofIllinois-Urbana/Research/Projects/JMP/02. Figures/00.Maps/ag_census_1995_leased_map.png>
Package pdftex.def Info: /Users/vinicius/Library/CloudStorage/OneDrive-UniversityofIllinois-Urbana/Research/Projects/JMP/02. Figures/00.Maps/ag_census_1995_leased_map.png  used on input line 331.
(pdftex.def)             Requested size: 386.96024pt x 239.04085pt.

Overfull \vbox (10.3868pt too high) detected at line 331
 []

[27

 </Users/vinicius/Library/CloudStorage/OneDrive-UniversityofIllinois-Urbana/Research/Projects/JMP/02. Figures/00.Maps/ag_census_1995_leased_map.png>] (/Users/vinicius/OneDrive - University of Illinois - Urbana/Research/Projects/JMP/03. Tables/1995_Ag_Census_Results.tex) [28

]
</Users/vinicius/Library/CloudStorage/OneDrive-UniversityofIllinois-Urbana/Research/Projects/JMP/02. Figures/00.Maps/coastal_rdd_1970_sugarcane.png, id=231, 526.8483pt x 325.4559pt>
File: /Users/vinicius/Library/CloudStorage/OneDrive-UniversityofIllinois-Urbana/Research/Projects/JMP/02. Figures/00.Maps/coastal_rdd_1970_sugarcane.png Graphic file (type png)
<use /Users/vinicius/Library/CloudStorage/OneDrive-UniversityofIllinois-Urbana/Research/Projects/JMP/02. Figures/00.Maps/coastal_rdd_1970_sugarcane.png>
Package pdftex.def Info: /Users/vinicius/Library/CloudStorage/OneDrive-UniversityofIllinois-Urbana/Research/Projects/JMP/02. Figures/00.Maps/coastal_rdd_1970_sugarcane.png  used on input line 345.
(pdftex.def)             Requested size: 386.96024pt x 239.04085pt.

Overfull \vbox (10.3868pt too high) detected at line 345
 []

[29

 </Users/vinicius/Library/CloudStorage/OneDrive-UniversityofIllinois-Urbana/Research/Projects/JMP/02. Figures/00.Maps/coastal_rdd_1970_sugarcane.png>] [30

]
Overfull \hbox (9.50392pt too wide) in paragraph at lines 353--353
[][][]\OT1/cmss/m/n/10.95 USAID (2016).[] \OT1/cmss/m/it/10.95 US-AID COUN-TRY PRO-FILE: PROP-ERTY RIGHTS AND RE-SOURCE
 []

[31

 </usr/local/texlive/2022/texmf-dist/tex/latex/beamer/beamericonarticle.pdf>] [32


] [33


]

Package hyperref Warning: Token not allowed in a PDF string (Unicode):
(hyperref)                removing `\translate ' on input line 355.

[34

] [35

] [36

] [37

] [38

] [39

] [40

] [41

] [42

]
<~/OneDrive - University of Illinois - Urbana/Research/Projects/Sesmarias Brazil/Figures/01. Maps/slave_proportion.png, id=320, 513.3579pt x 317.2653pt>
File: ~/OneDrive - University of Illinois - Urbana/Research/Projects/Sesmarias Brazil/Figures/01. Maps/slave_proportion.png Graphic file (type png)
<use ~/OneDrive - University of Illinois - Urbana/Research/Projects/Sesmarias Brazil/Figures/01. Maps/slave_proportion.png>
Package pdftex.def Info: ~/OneDrive - University of Illinois - Urbana/Research/Projects/Sesmarias Brazil/Figures/01. Maps/slave_proportion.png  used on input line 411.
(pdftex.def)             Requested size: 199.1693pt x 123.0891pt.
<~/OneDrive - University of Illinois - Urbana/Research/Projects/Sesmarias Brazil/Figures/01. Maps/total_slaves.png, id=321, 513.3579pt x 317.2653pt>
File: ~/OneDrive - University of Illinois - Urbana/Research/Projects/Sesmarias Brazil/Figures/01. Maps/total_slaves.png Graphic file (type png)
<use ~/OneDrive - University of Illinois - Urbana/Research/Projects/Sesmarias Brazil/Figures/01. Maps/total_slaves.png>
Package pdftex.def Info: ~/OneDrive - University of Illinois - Urbana/Research/Projects/Sesmarias Brazil/Figures/01. Maps/total_slaves.png  used on input line 411.
(pdftex.def)             Requested size: 199.1693pt x 123.0891pt.

Overfull \hbox (2.43333pt too wide) in paragraph at lines 411--411
[][] [] 
 []

[43

 </Users/vinicius/OneDrive - University of Illinois - Urbana/Research/Projects/Sesmarias Brazil/Figures/01. Maps/slave_proportion.png> </Users/vinicius/OneDrive - University of Illinois - Urbana/Research/Projects/Sesmarias Brazil/Figures/01. Maps/total_slaves.png>]
<~/OneDrive - University of Illinois - Urbana/Research/Projects/Sesmarias Brazil/Figures/01. Maps/sugarcane_production.png, id=331, 513.3579pt x 317.2653pt>
File: ~/OneDrive - University of Illinois - Urbana/Research/Projects/Sesmarias Brazil/Figures/01. Maps/sugarcane_production.png Graphic file (type png)
<use ~/OneDrive - University of Illinois - Urbana/Research/Projects/Sesmarias Brazil/Figures/01. Maps/sugarcane_production.png>
Package pdftex.def Info: ~/OneDrive - University of Illinois - Urbana/Research/Projects/Sesmarias Brazil/Figures/01. Maps/sugarcane_production.png  used on input line 418.
(pdftex.def)             Requested size: 378.42044pt x 233.87704pt.
 [44

 </Users/vinicius/OneDrive - University of Illinois - Urbana/Research/Projects/Sesmarias Brazil/Figures/01. Maps/sugarcane_production.png>]
<~/OneDrive - University of Illinois - Urbana/Research/Projects/Sesmarias Brazil/Figures/01. Maps/sugarcane_production_2010.png, id=340, 526.8483pt x 325.4559pt>
File: ~/OneDrive - University of Illinois - Urbana/Research/Projects/Sesmarias Brazil/Figures/01. Maps/sugarcane_production_2010.png Graphic file (type png)
<use ~/OneDrive - University of Illinois - Urbana/Research/Projects/Sesmarias Brazil/Figures/01. Maps/sugarcane_production_2010.png>
Package pdftex.def Info: ~/OneDrive - University of Illinois - Urbana/Research/Projects/Sesmarias Brazil/Figures/01. Maps/sugarcane_production_2010.png  used on input line 425.
(pdftex.def)             Requested size: 378.42044pt x 233.7669pt.
 [45

 </Users/vinicius/OneDrive - University of Illinois - Urbana/Research/Projects/Sesmarias Brazil/Figures/01. Maps/sugarcane_production_2010.png>]
<~/OneDrive - University of Illinois - Urbana/Research/Projects/Sesmarias Brazil/Figures/01. Maps/gender_ratio.png, id=348, 513.3579pt x 317.2653pt>
File: ~/OneDrive - University of Illinois - Urbana/Research/Projects/Sesmarias Brazil/Figures/01. Maps/gender_ratio.png Graphic file (type png)
<use ~/OneDrive - University of Illinois - Urbana/Research/Projects/Sesmarias Brazil/Figures/01. Maps/gender_ratio.png>
Package pdftex.def Info: ~/OneDrive - University of Illinois - Urbana/Research/Projects/Sesmarias Brazil/Figures/01. Maps/gender_ratio.png  used on input line 434.
(pdftex.def)             Requested size: 199.1693pt x 123.0891pt.
<~/OneDrive - University of Illinois - Urbana/Research/Projects/Sesmarias Brazil/Figures/01. Maps/gender_ratio_slaves.png, id=349, 513.3579pt x 317.2653pt>
File: ~/OneDrive - University of Illinois - Urbana/Research/Projects/Sesmarias Brazil/Figures/01. Maps/gender_ratio_slaves.png Graphic file (type png)
<use ~/OneDrive - University of Illinois - Urbana/Research/Projects/Sesmarias Brazil/Figures/01. Maps/gender_ratio_slaves.png>
Package pdftex.def Info: ~/OneDrive - University of Illinois - Urbana/Research/Projects/Sesmarias Brazil/Figures/01. Maps/gender_ratio_slaves.png  used on input line 434.
(pdftex.def)             Requested size: 199.1693pt x 123.0891pt.

Overfull \hbox (2.43333pt too wide) in paragraph at lines 434--434
[][] [] 
 []

[46

 </Users/vinicius/OneDrive - University of Illinois - Urbana/Research/Projects/Sesmarias Brazil/Figures/01. Maps/gender_ratio.png> </Users/vinicius/OneDrive - University of Illinois - Urbana/Research/Projects/Sesmarias Brazil/Figures/01. Maps/gender_ratio_slaves.png>]
<~/OneDrive - University of Illinois - Urbana/Research/Projects/Sesmarias Brazil/Figures/Descriptive/year_dist.png, id=357, 453.1329pt x 279.9258pt>
File: ~/OneDrive - University of Illinois - Urbana/Research/Projects/Sesmarias Brazil/Figures/Descriptive/year_dist.png Graphic file (type png)
<use ~/OneDrive - University of Illinois - Urbana/Research/Projects/Sesmarias Brazil/Figures/Descriptive/year_dist.png>
Package pdftex.def Info: ~/OneDrive - University of Illinois - Urbana/Research/Projects/Sesmarias Brazil/Figures/Descriptive/year_dist.png  used on input line 441.
(pdftex.def)             Requested size: 338.59044pt x 209.16644pt.
 [47

 </Users/vinicius/OneDrive - University of Illinois - Urbana/Research/Projects/Sesmarias Brazil/Figures/Descriptive/year_dist.png>]
<~/OneDrive - University of Illinois - Urbana/Research/Projects/Sesmarias Brazil/Figures/Descriptive/size_dist.png, id=364, 526.8483pt x 325.4559pt>
File: ~/OneDrive - University of Illinois - Urbana/Research/Projects/Sesmarias Brazil/Figures/Descriptive/size_dist.png Graphic file (type png)
<use ~/OneDrive - University of Illinois - Urbana/Research/Projects/Sesmarias Brazil/Figures/Descriptive/size_dist.png>
Package pdftex.def Info: ~/OneDrive - University of Illinois - Urbana/Research/Projects/Sesmarias Brazil/Figures/Descriptive/size_dist.png  used on input line 449.
(pdftex.def)             Requested size: 338.5886pt x 209.16013pt.
 [48

 </Users/vinicius/OneDrive - University of Illinois - Urbana/Research/Projects/Sesmarias Brazil/Figures/Descriptive/size_dist.png>]
<~/OneDrive - University of Illinois - Urbana/Research/Projects/Sesmarias Brazil/Figures/Descriptive/size_dist_1697.png, id=372, 526.8483pt x 325.4559pt>
File: ~/OneDrive - University of Illinois - Urbana/Research/Projects/Sesmarias Brazil/Figures/Descriptive/size_dist_1697.png Graphic file (type png)
<use ~/OneDrive - University of Illinois - Urbana/Research/Projects/Sesmarias Brazil/Figures/Descriptive/size_dist_1697.png>
Package pdftex.def Info: ~/OneDrive - University of Illinois - Urbana/Research/Projects/Sesmarias Brazil/Figures/Descriptive/size_dist_1697.png  used on input line 457.
(pdftex.def)             Requested size: 338.5886pt x 209.16013pt.
 [49

 </Users/vinicius/OneDrive - University of Illinois - Urbana/Research/Projects/Sesmarias Brazil/Figures/Descriptive/size_dist_1697.png>] [50

]
<~/OneDrive - University of Illinois - Urbana/Research/Projects/Sesmarias Brazil/Figures/Descriptive/year_dist_PE.png, id=387, 526.8483pt x 325.4559pt>
File: ~/OneDrive - University of Illinois - Urbana/Research/Projects/Sesmarias Brazil/Figures/Descriptive/year_dist_PE.png Graphic file (type png)
<use ~/OneDrive - University of Illinois - Urbana/Research/Projects/Sesmarias Brazil/Figures/Descriptive/year_dist_PE.png>
Package pdftex.def Info: ~/OneDrive - University of Illinois - Urbana/Research/Projects/Sesmarias Brazil/Figures/Descriptive/year_dist_PE.png  used on input line 469.
(pdftex.def)             Requested size: 338.5886pt x 209.16013pt.
 [51

 </Users/vinicius/OneDrive - University of Illinois - Urbana/Research/Projects/Sesmarias Brazil/Figures/Descriptive/year_dist_PE.png>]
<~/OneDrive - University of Illinois - Urbana/Research/Projects/Sesmarias Brazil/Figures/01. Maps/sugar_pasture.png, id=393, 526.8483pt x 325.4559pt>
File: ~/OneDrive - University of Illinois - Urbana/Research/Projects/Sesmarias Brazil/Figures/01. Maps/sugar_pasture.png Graphic file (type png)
<use ~/OneDrive - University of Illinois - Urbana/Research/Projects/Sesmarias Brazil/Figures/01. Maps/sugar_pasture.png>
Package pdftex.def Info: ~/OneDrive - University of Illinois - Urbana/Research/Projects/Sesmarias Brazil/Figures/01. Maps/sugar_pasture.png  used on input line 479.
(pdftex.def)             Requested size: 338.5886pt x 209.16013pt.
 [52

 </Users/vinicius/OneDrive - University of Illinois - Urbana/Research/Projects/Sesmarias Brazil/Figures/01. Maps/sugar_pasture.png>]
<~/OneDrive - University of Illinois - Urbana/Research/Projects/Sesmarias Brazil/Figures/01. Maps/discovery.png, id=401, 526.8483pt x 325.4559pt>
File: ~/OneDrive - University of Illinois - Urbana/Research/Projects/Sesmarias Brazil/Figures/01. Maps/discovery.png Graphic file (type png)
<use ~/OneDrive - University of Illinois - Urbana/Research/Projects/Sesmarias Brazil/Figures/01. Maps/discovery.png>
Package pdftex.def Info: ~/OneDrive - University of Illinois - Urbana/Research/Projects/Sesmarias Brazil/Figures/01. Maps/discovery.png  used on input line 489.
(pdftex.def)             Requested size: 338.5886pt x 209.16013pt.
 [53

 </Users/vinicius/OneDrive - University of Illinois - Urbana/Research/Projects/Sesmarias Brazil/Figures/01. Maps/discovery.png>]
<~/OneDrive - University of Illinois - Urbana/Research/Projects/Sesmarias Brazil/Figures/01. Maps/discovery_year.png, id=409, 526.8483pt x 325.4559pt>
File: ~/OneDrive - University of Illinois - Urbana/Research/Projects/Sesmarias Brazil/Figures/01. Maps/discovery_year.png Graphic file (type png)
<use ~/OneDrive - University of Illinois - Urbana/Research/Projects/Sesmarias Brazil/Figures/01. Maps/discovery_year.png>
Package pdftex.def Info: ~/OneDrive - University of Illinois - Urbana/Research/Projects/Sesmarias Brazil/Figures/01. Maps/discovery_year.png  used on input line 499.
(pdftex.def)             Requested size: 338.5886pt x 209.16013pt.
 [54

 </Users/vinicius/OneDrive - University of Illinois - Urbana/Research/Projects/Sesmarias Brazil/Figures/01. Maps/discovery_year.png>]
<~/OneDrive - University of Illinois - Urbana/Research/Projects/Sesmarias Brazil/Figures/01. Maps/no_land.png, id=417, 526.8483pt x 325.4559pt>
File: ~/OneDrive - University of Illinois - Urbana/Research/Projects/Sesmarias Brazil/Figures/01. Maps/no_land.png Graphic file (type png)
<use ~/OneDrive - University of Illinois - Urbana/Research/Projects/Sesmarias Brazil/Figures/01. Maps/no_land.png>
Package pdftex.def Info: ~/OneDrive - University of Illinois - Urbana/Research/Projects/Sesmarias Brazil/Figures/01. Maps/no_land.png  used on input line 509.
(pdftex.def)             Requested size: 338.5886pt x 209.16013pt.
 [55

 </Users/vinicius/OneDrive - University of Illinois - Urbana/Research/Projects/Sesmarias Brazil/Figures/01. Maps/no_land.png>]
<~/OneDrive - University of Illinois - Urbana/Research/Projects/Sesmarias Brazil/Figures/01. Maps/year_distribution.png, id=426, 526.8483pt x 325.4559pt>
File: ~/OneDrive - University of Illinois - Urbana/Research/Projects/Sesmarias Brazil/Figures/01. Maps/year_distribution.png Graphic file (type png)
<use ~/OneDrive - University of Illinois - Urbana/Research/Projects/Sesmarias Brazil/Figures/01. Maps/year_distribution.png>
Package pdftex.def Info: ~/OneDrive - University of Illinois - Urbana/Research/Projects/Sesmarias Brazil/Figures/01. Maps/year_distribution.png  used on input line 519.
(pdftex.def)             Requested size: 338.5886pt x 209.16013pt.
 [56

 </Users/vinicius/OneDrive - University of Illinois - Urbana/Research/Projects/Sesmarias Brazil/Figures/01. Maps/year_distribution.png>]
File: ~/OneDrive - University of Illinois - Urbana/Research/Projects/Sesmarias Brazil/Figures/01. Maps/no_land.png Graphic file (type png)
<use ~/OneDrive - University of Illinois - Urbana/Research/Projects/Sesmarias Brazil/Figures/01. Maps/no_land.png>
Package pdftex.def Info: ~/OneDrive - University of Illinois - Urbana/Research/Projects/Sesmarias Brazil/Figures/01. Maps/no_land.png  used on input line 529.
(pdftex.def)             Requested size: 338.5886pt x 209.16013pt.

pdfTeX warning (ext4): destination with the same identifier (name{no_land}) has been already used, duplicate ignored
<to be read again> 
                   \relax 
l.529 \end{frame}
                  [57

]
<~/OneDrive - University of Illinois - Urbana/Research/Projects/Sesmarias Brazil/Figures/01. Maps/pasture_1985_2010.png, id=441, 508.7808pt x 314.3745pt>
File: ~/OneDrive - University of Illinois - Urbana/Research/Projects/Sesmarias Brazil/Figures/01. Maps/pasture_1985_2010.png Graphic file (type png)
<use ~/OneDrive - University of Illinois - Urbana/Research/Projects/Sesmarias Brazil/Figures/01. Maps/pasture_1985_2010.png>
Package pdftex.def Info: ~/OneDrive - University of Illinois - Urbana/Research/Projects/Sesmarias Brazil/Figures/01. Maps/pasture_1985_2010.png  used on input line 539.
(pdftex.def)             Requested size: 338.6067pt x 209.2243pt.

pdfTeX warning (ext4): destination with the same identifier (name{no_land}) has been already used, duplicate ignored
<to be read again> 
                   \relax 
l.539 \end{frame}
                  [58

 </Users/vinicius/OneDrive - University of Illinois - Urbana/Research/Projects/Sesmarias Brazil/Figures/01. Maps/pasture_1985_2010.png>]
<~/OneDrive - University of Illinois - Urbana/Research/Projects/Sesmarias Brazil/Figures/01. Maps/sugarcane_1985_2010.png, id=448, 508.7808pt x 314.3745pt>
File: ~/OneDrive - University of Illinois - Urbana/Research/Projects/Sesmarias Brazil/Figures/01. Maps/sugarcane_1985_2010.png Graphic file (type png)
<use ~/OneDrive - University of Illinois - Urbana/Research/Projects/Sesmarias Brazil/Figures/01. Maps/sugarcane_1985_2010.png>
Package pdftex.def Info: ~/OneDrive - University of Illinois - Urbana/Research/Projects/Sesmarias Brazil/Figures/01. Maps/sugarcane_1985_2010.png  used on input line 549.
(pdftex.def)             Requested size: 338.6067pt x 209.2243pt.

pdfTeX warning (ext4): destination with the same identifier (name{no_land}) has been already used, duplicate ignored
<to be read again> 
                   \relax 
l.549 \end{frame}
                  [59

 </Users/vinicius/OneDrive - University of Illinois - Urbana/Research/Projects/Sesmarias Brazil/Figures/01. Maps/sugarcane_1985_2010.png>]
<~/OneDrive - University of Illinois - Urbana/Research/Projects/Sesmarias Brazil/Figures/01. Maps/agriculture_pasture_1985_2010.png, id=455, 508.7808pt x 314.3745pt>
File: ~/OneDrive - University of Illinois - Urbana/Research/Projects/Sesmarias Brazil/Figures/01. Maps/agriculture_pasture_1985_2010.png Graphic file (type png)
<use ~/OneDrive - University of Illinois - Urbana/Research/Projects/Sesmarias Brazil/Figures/01. Maps/agriculture_pasture_1985_2010.png>
Package pdftex.def Info: ~/OneDrive - University of Illinois - Urbana/Research/Projects/Sesmarias Brazil/Figures/01. Maps/agriculture_pasture_1985_2010.png  used on input line 559.
(pdftex.def)             Requested size: 338.6067pt x 209.2243pt.

pdfTeX warning (ext4): destination with the same identifier (name{no_land}) has been already used, duplicate ignored
<to be read again> 
                   \relax 
l.559 \end{frame}
                  [60

 </Users/vinicius/OneDrive - University of Illinois - Urbana/Research/Projects/Sesmarias Brazil/Figures/01. Maps/agriculture_pasture_1985_2010.png>]
<~/OneDrive - University of Illinois - Urbana/Research/Projects/Sesmarias Brazil/Figures/01. Maps/forest_1985_2010.png, id=462, 508.7808pt x 314.3745pt>
File: ~/OneDrive - University of Illinois - Urbana/Research/Projects/Sesmarias Brazil/Figures/01. Maps/forest_1985_2010.png Graphic file (type png)
<use ~/OneDrive - University of Illinois - Urbana/Research/Projects/Sesmarias Brazil/Figures/01. Maps/forest_1985_2010.png>
Package pdftex.def Info: ~/OneDrive - University of Illinois - Urbana/Research/Projects/Sesmarias Brazil/Figures/01. Maps/forest_1985_2010.png  used on input line 569.
(pdftex.def)             Requested size: 338.6067pt x 209.2243pt.

pdfTeX warning (ext4): destination with the same identifier (name{no_land}) has been already used, duplicate ignored
<to be read again> 
                   \relax 
l.569 \end{frame}
                  [61

 </Users/vinicius/OneDrive - University of Illinois - Urbana/Research/Projects/Sesmarias Brazil/Figures/01. Maps/forest_1985_2010.png>]
<~/OneDrive - University of Illinois - Urbana/Research/Projects/Sesmarias Brazil/Figures/01. Maps/pasture_2000_grid.png, id=470, 526.8483pt x 325.4559pt>
File: ~/OneDrive - University of Illinois - Urbana/Research/Projects/Sesmarias Brazil/Figures/01. Maps/pasture_2000_grid.png Graphic file (type png)
<use ~/OneDrive - University of Illinois - Urbana/Research/Projects/Sesmarias Brazil/Figures/01. Maps/pasture_2000_grid.png>
Package pdftex.def Info: ~/OneDrive - University of Illinois - Urbana/Research/Projects/Sesmarias Brazil/Figures/01. Maps/pasture_2000_grid.png  used on input line 579.
(pdftex.def)             Requested size: 338.5886pt x 209.16013pt.
 [62

 </Users/vinicius/OneDrive - University of Illinois - Urbana/Research/Projects/Sesmarias Brazil/Figures/01. Maps/pasture_2000_grid.png>]
<~/OneDrive - University of Illinois - Urbana/Research/Projects/Sesmarias Brazil/Figures/01. Maps/sugarcane_potential_2000_grid.png, id=479, 526.8483pt x 325.4559pt>
File: ~/OneDrive - University of Illinois - Urbana/Research/Projects/Sesmarias Brazil/Figures/01. Maps/sugarcane_potential_2000_grid.png Graphic file (type png)
<use ~/OneDrive - University of Illinois - Urbana/Research/Projects/Sesmarias Brazil/Figures/01. Maps/sugarcane_potential_2000_grid.png>
Package pdftex.def Info: ~/OneDrive - University of Illinois - Urbana/Research/Projects/Sesmarias Brazil/Figures/01. Maps/sugarcane_potential_2000_grid.png  used on input line 589.
(pdftex.def)             Requested size: 338.5886pt x 209.16013pt.
 [63

 </Users/vinicius/OneDrive - University of Illinois - Urbana/Research/Projects/Sesmarias Brazil/Figures/01. Maps/sugarcane_potential_2000_grid.png>]
<~/OneDrive - University of Illinois - Urbana/Research/Projects/Sesmarias Brazil/Figures/01. Maps/sugarcane_usage_2000_grid.png, id=487, 526.8483pt x 325.4559pt>
File: ~/OneDrive - University of Illinois - Urbana/Research/Projects/Sesmarias Brazil/Figures/01. Maps/sugarcane_usage_2000_grid.png Graphic file (type png)
<use ~/OneDrive - University of Illinois - Urbana/Research/Projects/Sesmarias Brazil/Figures/01. Maps/sugarcane_usage_2000_grid.png>
Package pdftex.def Info: ~/OneDrive - University of Illinois - Urbana/Research/Projects/Sesmarias Brazil/Figures/01. Maps/sugarcane_usage_2000_grid.png  used on input line 599.
(pdftex.def)             Requested size: 338.5886pt x 209.16013pt.
 [64

 </Users/vinicius/OneDrive - University of Illinois - Urbana/Research/Projects/Sesmarias Brazil/Figures/01. Maps/sugarcane_usage_2000_grid.png>]
<~/OneDrive - University of Illinois - Urbana/Research/Projects/Sesmarias Brazil/Figures/01. Maps/nightlight_2000_grid.png, id=495, 526.8483pt x 325.4559pt>
File: ~/OneDrive - University of Illinois - Urbana/Research/Projects/Sesmarias Brazil/Figures/01. Maps/nightlight_2000_grid.png Graphic file (type png)
<use ~/OneDrive - University of Illinois - Urbana/Research/Projects/Sesmarias Brazil/Figures/01. Maps/nightlight_2000_grid.png>
Package pdftex.def Info: ~/OneDrive - University of Illinois - Urbana/Research/Projects/Sesmarias Brazil/Figures/01. Maps/nightlight_2000_grid.png  used on input line 609.
(pdftex.def)             Requested size: 338.5886pt x 209.16013pt.
 [65

 </Users/vinicius/OneDrive - University of Illinois - Urbana/Research/Projects/Sesmarias Brazil/Figures/01. Maps/nightlight_2000_grid.png>] (/Users/vinicius/OneDrive - University of Illinois - Urbana/Research/Projects/Sesmarias Brazil/Tables/sugar_first_stage.tex) [66

] (/Users/vinicius/OneDrive - University of Illinois - Urbana/Research/Projects/Sesmarias Brazil/Tables/sugar_first_stage_2010.tex) [67

] (/Users/vinicius/OneDrive - University of Illinois - Urbana/Research/Projects/Sesmarias Brazil/Tables/sugar_first_stage_grid.tex)
pdfTeX warning (ext4): destination with the same identifier (name{sugar_table_2010}) has been already used, duplicate ignored
<to be read again> 
                   \relax 
l.634 \end{frame}
                  [68

] (/Users/vinicius/OneDrive - University of Illinois - Urbana/Research/Projects/Sesmarias Brazil/Tables/economic_activity_grid.tex) [69

] (/Users/vinicius/OneDrive - University of Illinois - Urbana/Research/Projects/Sesmarias Brazil/Tables/economic_development_grid.tex) [70

] (/Users/vinicius/OneDrive - University of Illinois - Urbana/Research/Projects/Sesmarias Brazil/Tables/land_usage_year_grid.tex) [71

] (/Users/vinicius/OneDrive - University of Illinois - Urbana/Research/Projects/Sesmarias Brazil/Tables/agglomeration_grid.tex) [72

] (/Users/vinicius/OneDrive - University of Illinois - Urbana/Research/Projects/Sesmarias Brazil/Tables/summary_sesmarias_grid.tex) [73

] (/Users/vinicius/OneDrive - University of Illinois - Urbana/Research/Projects/Sesmarias Brazil/Tables/summary_1872.tex)

Class beamer Warning: Frame text is shrunk by a factor of 30.51147 percent instead of 25 percent on input line 685.

[74

] (/Users/vinicius/OneDrive - University of Illinois - Urbana/Research/Projects/Sesmarias Brazil/Tables/summary_sesmarias.tex) [75

]
\tf@nav=\write7
\openout7 = `land_grants_brasil.nav'.

\tf@toc=\write8
\openout8 = `land_grants_brasil.toc'.

\tf@snm=\write9
\openout9 = `land_grants_brasil.snm'.

 (/Users/vinicius/Library/CloudStorage/OneDrive-UniversityofIllinois-Urbana/Research/Writing/git/Sesmarias/01. Presentations/02. Slides/land_grants_brasil.aux)
Package rerunfilecheck Info: File `land_grants_brasil.out' has not changed.
(rerunfilecheck)             Checksum: EE5C8C062C5ABB6159EE6F477980C97A;174.
Package logreq Info: Writing requests to 'land_grants_brasil.run.xml'.
\openout1 = `land_grants_brasil.run.xml'.

 ) 
Here is how much of TeX's memory you used:
 40527 strings out of 476029
 875783 string characters out of 5790167
 1883346 words of memory out of 5000000
 60010 multiletter control sequences out of 15000+600000
 526715 words of font info for 84 fonts, out of 8000000 for 9000
 1141 hyphenation exceptions out of 8191
 128i,17n,122p,1865b,2417s stack positions out of 10000i,1000n,20000p,200000b,200000s

pdfTeX warning (dest): name{grid_maps} has been referenced but does not exist, replaced by a fixed one


pdfTeX warning (dest): name{data} has been referenced but does not exist, replaced by a fixed one


pdfTeX warning (dest): name{IV} has been referenced but does not exist, replaced by a fixed one


pdfTeX warning (dest): name{maps} has been referenced but does not exist, replaced by a fixed one

</usr/local/texlive/2022/texmf-dist/fonts/type1/public/amsfonts/cm/cmmi10.pfb></usr/local/texlive/2022/texmf-dist/fonts/type1/public/amsfonts/cm/cmmi8.pfb></usr/local/texlive/2022/texmf-dist/fonts/type1/public/amsfonts/cm/cmmi9.pfb></usr/local/texlive/2022/texmf-dist/fonts/type1/public/amsfonts/cm/cmss10.pfb></usr/local/texlive/2022/texmf-dist/fonts/type1/public/amsfonts/cm/cmss12.pfb></usr/local/texlive/2022/texmf-dist/fonts/type1/public/amsfonts/cm/cmss8.pfb></usr/local/texlive/2022/texmf-dist/fonts/type1/public/amsfonts/cm/cmss9.pfb></usr/local/texlive/2022/texmf-dist/fonts/type1/public/amsfonts/cm/cmssbx10.pfb></usr/local/texlive/2022/texmf-dist/fonts/type1/public/amsfonts/cm/cmssi10.pfb></usr/local/texlive/2022/texmf-dist/fonts/type1/public/amsfonts/cm/cmssi8.pfb></usr/local/texlive/2022/texmf-dist/fonts/type1/public/amsfonts/cm/cmssi9.pfb></usr/local/texlive/2022/texmf-dist/fonts/type1/public/amsfonts/cm/cmsy10.pfb></usr/local/texlive/2022/texmf-dist/fonts/type1/public/amsfonts/cm/cmtt10.pfb></usr/local/texlive/2022/texmf-dist/fonts/type1/public/amsfonts/symbols/msam10.pfb>
Output written on "/Users/vinicius/Library/CloudStorage/OneDrive-UniversityofIllinois-Urbana/Research/Writing/git/Sesmarias/01. Presentations/02. Slides/land_grants_brasil.pdf" (75 pages, 12534533 bytes).
PDF statistics:
 684 PDF objects out of 1000 (max. 8388607)
 528 compressed objects within 6 object streams
 200 named destinations out of 1000 (max. 500000)
 229 words of extra memory for PDF output out of 10000 (max. 10000000)

